2025-10-19 01:31:21,396 [INFO] Activator:176 - 


2025-10-19 01:31:21,396 [INFO] Activator:177 - !SESSION log4j initialized
2025-10-19 01:31:26,569 [INFO] LogOutputStream:77 - [STDOUT_REDIRECT] 
2025-10-19 01:31:29,030 [INFO] ApplicationProperties:184 - Using Application install path: C:\ST\STM32CubeIDE_1.14.1\STM32CubeIDE\plugins\com.st.stm32cube.common.mx_6.15.0.202507011659
2025-10-19 01:31:29,043 [INFO] DbMcusXml:78 - Set database path to: C:\ST\STM32CubeIDE_1.14.1\STM32CubeIDE\plugins\com.st.stm32cube.common.mx_6.15.0.202507011659\\db\/mcu/
2025-10-19 01:31:29,044 [INFO] ApiDb:274 - Set plugin database path to: C:\ST\STM32CubeIDE_1.14.1\STM32CubeIDE\plugins\com.st.stm32cube.common.mx_6.15.0.202507011659\\db\/plugins/boardmanager/
2025-10-19 01:31:29,065 [WARN] ApiDb:259 - Overriding images path with different value:  => C:\ST\STM32CubeIDE_1.14.1\STM32CubeIDE\plugins\com.st.stm32cube.common.mx_6.15.0.202507011659\\db\/plugins/mcufinder/images/
2025-10-19 01:31:29,069 [INFO] ApiDb:250 - Set database path to: C:\Users\eslam\.stmcufinder\plugins\mcufinder//mcu/
2025-10-19 01:31:29,070 [INFO] DbMcusAds:125 - Set database path to: C:\Users\eslam\.stmcufinder\plugins\mcufinder//mcu/
2025-10-19 01:31:29,072 [INFO] CrossReferenceDbSqlite:203 - Set database path to: C:\Users\eslam\.stmcufinder\plugins\mcufinder//mcu/cs/
2025-10-19 01:31:29,167 [INFO] RulesReader:64 - Compatibility file has been processed (317 Rules)
2025-10-19 01:31:29,229 [INFO] DbMcusXml:78 - Set database path to: C:\ST\STM32CubeIDE_1.14.1\STM32CubeIDE\plugins\com.st.stm32cube.common.mx_6.15.0.202507011659\\db\/mcu/
2025-10-19 01:31:29,229 [INFO] ApiDb:274 - Set plugin database path to: C:\ST\STM32CubeIDE_1.14.1\STM32CubeIDE\plugins\com.st.stm32cube.common.mx_6.15.0.202507011659\\db\/plugins/boardmanager/
2025-10-19 01:31:29,229 [INFO] ApiDb:261 - Set plugin images path to: C:\ST\STM32CubeIDE_1.14.1\STM32CubeIDE\plugins\com.st.stm32cube.common.mx_6.15.0.202507011659\\db\/plugins/mcufinder/images/
2025-10-19 01:31:29,229 [WARN] DbFile:41 - Overriding database path with different value: C:\Users\eslam\.stmcufinder\plugins\mcufinder/ => C:\Users\eslam\.stmcufinder\plugins\mcufinder
2025-10-19 01:31:29,229 [INFO] ApiDb:250 - Set database path to: C:\Users\eslam\.stmcufinder\plugins\mcufinder//mcu/
2025-10-19 01:31:29,229 [WARN] DbFile:41 - Overriding database path with different value: C:\Users\eslam\.stmcufinder\plugins\mcufinder/ => C:\Users\eslam\.stmcufinder\plugins\mcufinder
2025-10-19 01:31:29,229 [INFO] DbMcusAds:125 - Set database path to: C:\Users\eslam\.stmcufinder\plugins\mcufinder//mcu/
2025-10-19 01:31:29,230 [WARN] DbFile:41 - Overriding database path with different value: C:\Users\eslam\.stmcufinder\plugins\mcufinder/ => C:\Users\eslam\.stmcufinder\plugins\mcufinder
2025-10-19 01:31:29,230 [WARN] DbFile:41 - Overriding database path with different value: C:\Users\eslam\.stmcufinder\plugins\mcufinder/ => C:\Users\eslam\.stmcufinder\plugins\mcufinder
2025-10-19 01:31:29,230 [INFO] CrossReferenceDbSqlite:203 - Set database path to: C:\Users\eslam\.stmcufinder\plugins\mcufinder//mcu/cs/
2025-10-19 01:31:29,288 [INFO] MainPanel:274 - HeapMemory: 268435456
2025-10-19 01:31:29,362 [INFO] DbMcusXml:78 - Set database path to: C:\ST\STM32CubeIDE_1.14.1\STM32CubeIDE\plugins\com.st.stm32cube.common.mx_6.15.0.202507011659\\db\/mcu/
2025-10-19 01:31:29,363 [INFO] ApiDb:274 - Set plugin database path to: C:\ST\STM32CubeIDE_1.14.1\STM32CubeIDE\plugins\com.st.stm32cube.common.mx_6.15.0.202507011659\\db\/plugins/boardmanager/
2025-10-19 01:31:29,363 [INFO] ApiDb:261 - Set plugin images path to: C:\ST\STM32CubeIDE_1.14.1\STM32CubeIDE\plugins\com.st.stm32cube.common.mx_6.15.0.202507011659\\db\/plugins/mcufinder/images/
2025-10-19 01:31:29,363 [WARN] DbFile:41 - Overriding database path with different value: C:\Users\eslam\.stmcufinder\plugins\mcufinder/ => C:\Users\eslam\.stmcufinder\plugins\mcufinder
2025-10-19 01:31:29,363 [INFO] ApiDb:250 - Set database path to: C:\Users\eslam\.stmcufinder\plugins\mcufinder//mcu/
2025-10-19 01:31:29,363 [WARN] DbFile:41 - Overriding database path with different value: C:\Users\eslam\.stmcufinder\plugins\mcufinder/ => C:\Users\eslam\.stmcufinder\plugins\mcufinder
2025-10-19 01:31:29,363 [INFO] DbMcusAds:125 - Set database path to: C:\Users\eslam\.stmcufinder\plugins\mcufinder//mcu/
2025-10-19 01:31:29,363 [WARN] DbFile:41 - Overriding database path with different value: C:\Users\eslam\.stmcufinder\plugins\mcufinder/ => C:\Users\eslam\.stmcufinder\plugins\mcufinder
2025-10-19 01:31:29,363 [WARN] DbFile:41 - Overriding database path with different value: C:\Users\eslam\.stmcufinder\plugins\mcufinder/ => C:\Users\eslam\.stmcufinder\plugins\mcufinder
2025-10-19 01:31:29,363 [INFO] CrossReferenceDbSqlite:203 - Set database path to: C:\Users\eslam\.stmcufinder\plugins\mcufinder//mcu/cs/
2025-10-19 01:31:29,380 [INFO] ApplicationProperties:184 - Using Application install path: C:\ST\STM32CubeIDE_1.14.1\STM32CubeIDE\plugins\com.st.stm32cube.common.mx_6.15.0.202507011659
2025-10-19 01:31:29,381 [INFO] PluginManage:196 - Search for loadable plugins [exclusion list=, ]
2025-10-19 01:31:29,382 [INFO] PluginManage:310 - Check plugin analytics
2025-10-19 01:31:29,541 [INFO] AnalyticsPlugin:253 - Accepted Software Licenses: STM32CubeMX.6.10.0,STM32CubeMX.6.15.0
2025-10-19 01:31:29,541 [INFO] AnalyticsPlugin:255 - Accepted CMSIS Pack Licenses: 
2025-10-19 01:31:29,541 [INFO] AnalyticsPlugin:257 - Accepted Firmware Licenses: FW.F4.1.28.0
2025-10-19 01:31:29,543 [INFO] PluginManage:359 - Loaded plugin analytics (category:tool,tabindex:-1)
2025-10-19 01:31:29,544 [INFO] PluginManage:310 - Check plugin cadmodel
2025-10-19 01:31:29,547 [INFO] CADModel:105 - Init CAD model plugin
2025-10-19 01:31:29,547 [INFO] PluginManage:359 - Loaded plugin cadmodel (category:power,tabindex:5)
2025-10-19 01:31:29,548 [INFO] PluginManage:310 - Check plugin clock
2025-10-19 01:31:29,556 [INFO] PluginManage:359 - Loaded plugin clock (category:base,tabindex:2)
2025-10-19 01:31:29,556 [INFO] PluginManage:310 - Check plugin ddr
2025-10-19 01:31:29,558 [INFO] PluginManage:359 - Loaded plugin ddr (category:tool,tabindex:6)
2025-10-19 01:31:29,558 [INFO] PluginManage:310 - Check plugin filemanager
2025-10-19 01:31:29,695 [INFO] PluginManage:359 - Loaded plugin filemanager (category:base,tabindex:10)
2025-10-19 01:31:29,696 [INFO] PluginManage:310 - Check plugin ipmanager
2025-10-19 01:31:29,701 [INFO] PluginManage:359 - Loaded plugin ipmanager (category:base,tabindex:5)
2025-10-19 01:31:29,702 [INFO] PluginManage:310 - Check plugin lpbam
2025-10-19 01:31:29,708 [INFO] PluginManage:359 - Loaded plugin lpbam (category:base,tabindex:0)
2025-10-19 01:31:29,708 [INFO] PluginManage:310 - Check plugin memorymap
2025-10-19 01:31:29,718 [INFO] PluginManage:359 - Loaded plugin memorymap (category:base,tabindex:4)
2025-10-19 01:31:29,718 [INFO] PluginManage:310 - Check plugin pinoutandconfiguration
2025-10-19 01:31:29,724 [INFO] PluginManage:359 - Loaded plugin pinoutandconfiguration (category:base,tabindex:1)
2025-10-19 01:31:29,725 [INFO] PluginManage:310 - Check plugin pinoutconfig
2025-10-19 01:31:29,798 [WARN] SupportedApi:132 - Cannot load RTOS API schema: s4s-elt-must-match.1: The content of 'definitions' must match (annotation?, (simpleType | complexType)?, (unique | key | keyref)*)). A problem was found starting at: attribute.
2025-10-19 01:31:29,903 [INFO] PluginManage:359 - Loaded plugin pinoutconfig (category:base,tabindex:0)
2025-10-19 01:31:29,903 [INFO] PluginManage:310 - Check plugin power
2025-10-19 01:31:29,910 [INFO] PluginManage:359 - Loaded plugin power (category:power,tabindex:4)
2025-10-19 01:31:29,910 [INFO] PluginManage:310 - Check plugin projectmanager
2025-10-19 01:31:29,925 [INFO] PluginManage:359 - Loaded plugin projectmanager (category:projectmanager,tabindex:4)
2025-10-19 01:31:29,925 [INFO] PluginManage:310 - Check plugin rif
2025-10-19 01:31:29,933 [INFO] PluginManage:359 - Loaded plugin rif (category:base,tabindex:3)
2025-10-19 01:31:29,933 [INFO] PluginManage:310 - Check plugin thirdparty
2025-10-19 01:31:30,065 [INFO] PluginManage:359 - Loaded plugin thirdparty (category:base,tabindex:-1)
2025-10-19 01:31:30,065 [WARN] IntegrityCheckThread:84 - waiting for thirdparty lock release [integrity check]
2025-10-19 01:31:30,065 [INFO] PluginManage:310 - Check plugin tools
2025-10-19 01:31:30,065 [INFO] IntegrityCheckThread:86 - entering critical section [integrity check]
2025-10-19 01:31:30,066 [INFO] ThirdPartyUpdaterWithRetryManager:70 - Updater plugin not ready yet. [1/15]
2025-10-19 01:31:30,068 [INFO] PluginManage:359 - Loaded plugin tools (category:base,tabindex:7)
2025-10-19 01:31:30,068 [INFO] PluginManage:310 - Check plugin tutovideos
2025-10-19 01:31:30,231 [INFO] PluginManage:359 - Loaded plugin tutovideos (category:base,tabindex:-1)
2025-10-19 01:31:30,232 [INFO] PluginManage:310 - Check plugin updater
2025-10-19 01:31:30,251 [INFO] PluginManage:359 - Loaded plugin updater (category:base,tabindex:12)
2025-10-19 01:31:30,251 [INFO] PluginManage:310 - Check plugin userauth
2025-10-19 01:31:30,254 [INFO] UserAuth:118 - Init User Auth plugin
2025-10-19 01:31:30,254 [INFO] PluginManage:359 - Loaded plugin userauth (category:base,tabindex:14)
2025-10-19 01:31:30,254 [INFO] PluginManage:283 - PluginManage : Loaded plugins [18]
2025-10-19 01:31:30,426 [INFO] PinOutPanel:1589 - setPackage(No Configuration,No Configuration)
2025-10-19 01:31:30,516 [INFO] CADModel:165 - CPN selected for project level
2025-10-19 01:31:30,516 [INFO] CADModel:114 - Register for checkConnection events
2025-10-19 01:31:30,531 [INFO] IPUIPlugin:80 - create IPUIPlugin
2025-10-19 01:31:30,531 [INFO] PluginManager:220 - loadIPPluginJar : add adc
2025-10-19 01:31:30,531 [INFO] IPUIPlugin:80 - create IPUIPlugin
2025-10-19 01:31:30,531 [INFO] PluginManager:220 - loadIPPluginJar : add aes
2025-10-19 01:31:30,546 [INFO] IPUIPlugin:80 - create IPUIPlugin
2025-10-19 01:31:30,546 [INFO] PluginManager:220 - loadIPPluginJar : add can
2025-10-19 01:31:30,546 [INFO] IPUIPlugin:80 - create IPUIPlugin
2025-10-19 01:31:30,546 [INFO] PluginManager:220 - loadIPPluginJar : add comp
2025-10-19 01:31:30,546 [INFO] IPUIPlugin:80 - create IPUIPlugin
2025-10-19 01:31:30,546 [INFO] PluginManager:220 - loadIPPluginJar : add cryp
2025-10-19 01:31:30,546 [INFO] IPUIPlugin:80 - create IPUIPlugin
2025-10-19 01:31:30,546 [INFO] PluginManager:220 - loadIPPluginJar : add ddr_ctrl_phy
2025-10-19 01:31:30,546 [INFO] IPUIPlugin:80 - create IPUIPlugin
2025-10-19 01:31:30,546 [INFO] PluginManager:220 - loadIPPluginJar : add dfsdm
2025-10-19 01:31:30,561 [INFO] IPUIPlugin:80 - create IPUIPlugin
2025-10-19 01:31:30,561 [INFO] PluginManager:220 - loadIPPluginJar : add dma
2025-10-19 01:31:30,561 [INFO] IPUIPlugin:80 - create IPUIPlugin
2025-10-19 01:31:30,561 [INFO] PluginManager:220 - loadIPPluginJar : add dma3
2025-10-19 01:31:30,561 [INFO] IPUIPlugin:80 - create IPUIPlugin
2025-10-19 01:31:30,561 [INFO] PluginManager:220 - loadIPPluginJar : add extmemmanager
2025-10-19 01:31:30,561 [INFO] IPUIPlugin:80 - create IPUIPlugin
2025-10-19 01:31:30,561 [INFO] PluginManager:220 - loadIPPluginJar : add fatfs
2025-10-19 01:31:30,576 [INFO] IPUIPlugin:80 - create IPUIPlugin
2025-10-19 01:31:30,576 [INFO] PluginManager:220 - loadIPPluginJar : add fmc
2025-10-19 01:31:30,576 [INFO] IPUIPlugin:80 - create IPUIPlugin
2025-10-19 01:31:30,576 [INFO] PluginManager:220 - loadIPPluginJar : add freertos
2025-10-19 01:31:30,576 [INFO] IPUIPlugin:80 - create IPUIPlugin
2025-10-19 01:31:30,576 [INFO] PluginManager:220 - loadIPPluginJar : add genericplugin
2025-10-19 01:31:30,591 [INFO] IPUIPlugin:80 - create IPUIPlugin
2025-10-19 01:31:30,591 [INFO] PluginManager:220 - loadIPPluginJar : add gfxmmu
2025-10-19 01:31:30,597 [INFO] IPUIPlugin:80 - create IPUIPlugin
2025-10-19 01:31:30,597 [INFO] PluginManager:220 - loadIPPluginJar : add gic
2025-10-19 01:31:30,601 [INFO] IPUIPlugin:80 - create IPUIPlugin
2025-10-19 01:31:30,601 [INFO] PluginManager:220 - loadIPPluginJar : add gpio
2025-10-19 01:31:30,601 [INFO] IPUIPlugin:80 - create IPUIPlugin
2025-10-19 01:31:30,601 [INFO] PluginManager:220 - loadIPPluginJar : add gtzc
2025-10-19 01:31:30,601 [INFO] IPUIPlugin:80 - create IPUIPlugin
2025-10-19 01:31:30,601 [INFO] PluginManager:220 - loadIPPluginJar : add hash
2025-10-19 01:31:30,601 [INFO] IPUIPlugin:80 - create IPUIPlugin
2025-10-19 01:31:30,601 [INFO] PluginManager:220 - loadIPPluginJar : add i2c
2025-10-19 01:31:30,601 [INFO] IPUIPlugin:80 - create IPUIPlugin
2025-10-19 01:31:30,601 [INFO] PluginManager:220 - loadIPPluginJar : add i2s
2025-10-19 01:31:30,616 [INFO] IPUIPlugin:80 - create IPUIPlugin
2025-10-19 01:31:30,616 [INFO] PluginManager:220 - loadIPPluginJar : add i3c
2025-10-19 01:31:30,616 [INFO] IPUIPlugin:80 - create IPUIPlugin
2025-10-19 01:31:30,616 [INFO] PluginManager:220 - loadIPPluginJar : add ipddr
2025-10-19 01:31:30,616 [INFO] IPUIPlugin:80 - create IPUIPlugin
2025-10-19 01:31:30,616 [INFO] PluginManager:220 - loadIPPluginJar : add linkedlist
2025-10-19 01:31:30,631 [INFO] IPUIPlugin:80 - create IPUIPlugin
2025-10-19 01:31:30,631 [INFO] PluginManager:220 - loadIPPluginJar : add lorawan
2025-10-19 01:31:30,631 [INFO] IPUIPlugin:80 - create IPUIPlugin
2025-10-19 01:31:30,631 [INFO] PluginManager:220 - loadIPPluginJar : add ltdc
2025-10-19 01:31:30,631 [INFO] IPUIPlugin:80 - create IPUIPlugin
2025-10-19 01:31:30,631 [INFO] PluginManager:220 - loadIPPluginJar : add mdma
2025-10-19 01:31:30,631 [INFO] IPUIPlugin:80 - create IPUIPlugin
2025-10-19 01:31:30,631 [INFO] PluginManager:220 - loadIPPluginJar : add nvic
2025-10-19 01:31:30,631 [INFO] IPUIPlugin:80 - create IPUIPlugin
2025-10-19 01:31:30,631 [INFO] PluginManager:220 - loadIPPluginJar : add opamp
2025-10-19 01:31:30,646 [INFO] IPUIPlugin:80 - create IPUIPlugin
2025-10-19 01:31:30,646 [INFO] PluginManager:220 - loadIPPluginJar : add openamp
2025-10-19 01:31:30,646 [INFO] IPUIPlugin:80 - create IPUIPlugin
2025-10-19 01:31:30,646 [INFO] PluginManager:220 - loadIPPluginJar : add pdm2pcm
2025-10-19 01:31:30,646 [INFO] IPUIPlugin:80 - create IPUIPlugin
2025-10-19 01:31:30,646 [INFO] PluginManager:220 - loadIPPluginJar : add plateformsettings
2025-10-19 01:31:30,661 [INFO] IPUIPlugin:80 - create IPUIPlugin
2025-10-19 01:31:30,661 [INFO] PluginManager:220 - loadIPPluginJar : add quadspi
2025-10-19 01:31:30,661 [INFO] IPUIPlugin:80 - create IPUIPlugin
2025-10-19 01:31:30,661 [INFO] PluginManager:220 - loadIPPluginJar : add radio
2025-10-19 01:31:30,661 [INFO] IPUIPlugin:80 - create IPUIPlugin
2025-10-19 01:31:30,661 [INFO] PluginManager:220 - loadIPPluginJar : add resmgrutility
2025-10-19 01:31:30,661 [INFO] IPUIPlugin:80 - create IPUIPlugin
2025-10-19 01:31:30,661 [INFO] PluginManager:220 - loadIPPluginJar : add sai
2025-10-19 01:31:30,661 [INFO] IPUIPlugin:80 - create IPUIPlugin
2025-10-19 01:31:30,661 [INFO] PluginManager:220 - loadIPPluginJar : add spi
2025-10-19 01:31:30,676 [INFO] IPUIPlugin:80 - create IPUIPlugin
2025-10-19 01:31:30,676 [INFO] PluginManager:220 - loadIPPluginJar : add stm32_wpan
2025-10-19 01:31:30,676 [INFO] IPUIPlugin:80 - create IPUIPlugin
2025-10-19 01:31:30,676 [INFO] PluginManager:220 - loadIPPluginJar : add tim
2025-10-19 01:31:30,676 [INFO] IPUIPlugin:80 - create IPUIPlugin
2025-10-19 01:31:30,676 [INFO] PluginManager:220 - loadIPPluginJar : add touchsensing
2025-10-19 01:31:30,676 [INFO] IPUIPlugin:80 - create IPUIPlugin
2025-10-19 01:31:30,676 [INFO] PluginManager:220 - loadIPPluginJar : add tracer_emb
2025-10-19 01:31:30,676 [INFO] IPUIPlugin:80 - create IPUIPlugin
2025-10-19 01:31:30,676 [INFO] PluginManager:220 - loadIPPluginJar : add ts
2025-10-19 01:31:30,691 [INFO] IPUIPlugin:80 - create IPUIPlugin
2025-10-19 01:31:30,691 [INFO] PluginManager:220 - loadIPPluginJar : add tsc
2025-10-19 01:31:30,691 [INFO] IPUIPlugin:80 - create IPUIPlugin
2025-10-19 01:31:30,691 [INFO] PluginManager:220 - loadIPPluginJar : add ucpd
2025-10-19 01:31:30,691 [INFO] IPUIPlugin:80 - create IPUIPlugin
2025-10-19 01:31:30,691 [INFO] PluginManager:220 - loadIPPluginJar : add usart
2025-10-19 01:31:30,691 [INFO] IPUIPlugin:80 - create IPUIPlugin
2025-10-19 01:31:30,691 [INFO] PluginManager:220 - loadIPPluginJar : add usbx
2025-10-19 01:31:30,822 [FATAL] Updater:351 - Updater called before beeing initialized
2025-10-19 01:31:30,842 [INFO] RulesReader:64 - Compatibility file has been processed (317 Rules)
2025-10-19 01:31:30,842 [INFO] RulesReader:64 - Compatibility file has been processed (317 Rules)
2025-10-19 01:31:30,857 [INFO] CADModel:165 - CPN selected for project level
2025-10-19 01:31:30,857 [INFO] CADModel:114 - Register for checkConnection events
2025-10-19 01:31:30,857 [FATAL] Updater:351 - Updater called before beeing initialized
2025-10-19 01:31:30,857 [ERROR] CADModel:125 - Updater not yet initialized, retry later 
2025-10-19 01:31:31,016 [FATAL] Updater:351 - Updater called before beeing initialized
2025-10-19 01:31:31,018 [INFO] CADModel:165 - CPN selected for project level
2025-10-19 01:31:31,018 [INFO] CADModel:114 - Register for checkConnection events
2025-10-19 01:31:31,018 [FATAL] Updater:351 - Updater called before beeing initialized
2025-10-19 01:31:31,018 [ERROR] CADModel:125 - Updater not yet initialized, retry later 
2025-10-19 01:31:31,021 [FATAL] Updater:351 - Updater called before beeing initialized
2025-10-19 01:31:31,119 [FATAL] Updater:351 - Updater called before beeing initialized
2025-10-19 01:31:31,123 [INFO] DbMcusAds:53 - JSON generation date=Thu Oct 02 12:36:05 EEST 2025 (1759397765645)
2025-10-19 01:31:31,123 [FATAL] Updater:351 - Updater called before beeing initialized
2025-10-19 01:31:31,150 [WARN] DetailPanel:346 - Failed to get advertising image, set to default
2025-10-19 01:31:31,223 [FATAL] Updater:351 - Updater called before beeing initialized
2025-10-19 01:31:31,224 [FATAL] Updater:351 - Updater called before beeing initialized
2025-10-19 01:31:31,225 [FATAL] Updater:351 - Updater called before beeing initialized
2025-10-19 01:31:31,225 [WARN] DetailPanel:346 - Failed to get advertising image, set to default
2025-10-19 01:31:31,225 [FATAL] Updater:351 - Updater called before beeing initialized
2025-10-19 01:31:31,267 [ERROR] Updater:1198 - MainUpdater not yet initialized. External WinMGr cannot be set.
2025-10-19 01:31:31,267 [INFO] Updater:1134 - Updater Version found : 6.15.0
2025-10-19 01:31:31,282 [INFO] ApplicationProperties:184 - Using Application install path: C:\ST\STM32CubeIDE_1.14.1\STM32CubeIDE\plugins\com.st.stm32cube.common.mx_6.15.0.202507011659
2025-10-19 01:31:32,872 [ERROR] LogOutputStream:75 - [STDERR_REDIRECT] Oct 19, 2025 1:31:32 AM java.util.prefs.WindowsPreferences <init>
2025-10-19 01:31:32,874 [ERROR] LogOutputStream:75 - [STDERR_REDIRECT] WARNING: Could not open/create prefs root node Software\JavaSoft\Prefs at root 0xffffffff80000002. Windows RegCreateKeyEx(...) returned error code 5.
2025-10-19 01:31:32,874 [ERROR] LogOutputStream:75 - [STDERR_REDIRECT] 
2025-10-19 01:31:33,068 [INFO] ThirdPartyUpdaterWithRetryManager:70 - Updater plugin not ready yet. [2/15]
2025-10-19 01:31:33,856 [INFO] MainUpdater:2872 - connection check result : 10
2025-10-19 01:31:33,856 [INFO] MainUpdater:289 - Updater Check For Update Now.
2025-10-19 01:31:33,856 [INFO] MicroXplorer:498 - Change Database Version : DB.6.0.150
2025-10-19 01:31:33,871 [INFO] McuFinderGlobals:63 - Set McuFinder mode to 2 (CubeIDE integrated)
2025-10-19 01:31:33,871 [INFO] UserAuth:171 - activating auth plugin
2025-10-19 01:31:33,878 [INFO] UserAuth:487 - Internet connection configuration mode: 1
2025-10-19 01:31:33,893 [INFO] JxBrowserEngine:152 - Initiate JxBrowser Engine with user profile folder
2025-10-19 01:31:34,042 [INFO] CheckServerUpdateThread:120 - End of CheckServer Thread
2025-10-19 01:31:34,406 [INFO] WebApp:169 - Instantiating new browser for Auth
2025-10-19 01:31:34,945 [INFO] WebApp:463 - Apply proxy settings
2025-10-19 01:31:34,945 [INFO] WebApp:548 - Chromium requires no authentication
2025-10-19 01:31:34,964 [INFO] WebApp:491 - Direct internet connection detected
2025-10-19 01:31:34,980 [INFO] WebApp:900 - Register for checkConnection events
2025-10-19 01:31:34,980 [INFO] WebApp:463 - Apply proxy settings
2025-10-19 01:31:34,980 [INFO] WebApp:548 - Chromium requires no authentication
2025-10-19 01:31:34,980 [INFO] WebApp:491 - Direct internet connection detected
2025-10-19 01:31:35,138 [INFO] WebApp:225 - Starting web application
2025-10-19 01:31:35,138 [INFO] WebApp:593 - Web application path used C:\ST\STM32CubeIDE_1.14.1\STM32CubeIDE\plugins\com.st.stm32cube.common.mx_6.15.0.202507011659\db\plugins\mcufinder\reactClient1\index.html
2025-10-19 01:31:35,461 [INFO] WebApp:191 - Connection restablished
2025-10-19 01:31:36,255 [WARN] PackLoader:240 - Cannot read IP mode file for STMicroelectronics.FP-SNS-MOTENVWB1.1.4.0
2025-10-19 01:31:36,264 [WARN] PackLoader:240 - Cannot read IP mode file for STMicroelectronics.FP-ATR-ASTRA1.2.0.2
2025-10-19 01:31:36,293 [WARN] PackLoader:240 - Cannot read IP mode file for STMicroelectronics.X-CUBE-SMBUS.2.1.0
2025-10-19 01:31:36,298 [WARN] PackLoader:240 - Cannot read IP mode file for STMicroelectronics.X-CUBE-ST60.1.0.0
2025-10-19 01:31:36,342 [WARN] PackLoader:240 - Cannot read IP mode file for STMicroelectronics.X-CUBE-AZRTOS-F7.1.1.0
2025-10-19 01:31:36,378 [WARN] PackLoader:240 - Cannot read IP mode file for Infineon.AIROC-Wi-Fi-Bluetooth-STM32.1.7.1
2025-10-19 01:31:36,439 [WARN] PackLoader:240 - Cannot read IP mode file for STMicroelectronics.X-CUBE-AZRTOS-H7.3.4.0
2025-10-19 01:31:36,454 [WARN] PackLoader:240 - Cannot read IP mode file for STMicroelectronics.X-CUBE-DISPLAY.3.0.0
2025-10-19 01:31:36,467 [WARN] PackLoader:240 - Cannot read IP mode file for STMicroelectronics.X-CUBE-NFC10.1.0.0
2025-10-19 01:31:36,473 [WARN] PackLoader:240 - Cannot read IP mode file for STMicroelectronics.X-CUBE-ST60.1.1.0
2025-10-19 01:31:36,479 [WARN] PackLoader:240 - Cannot read IP mode file for emotas.I-CUBE-CANOPEN.1.3.0
2025-10-19 01:31:36,483 [WARN] ConditionMgr:438 - getConditionDescription Invalid condition id : Cortex-A Device cause : null
2025-10-19 01:31:36,496 [WARN] ConditionMgr:1044 - genDependencies : Invalid condition id : Cortex-A Device cause : null
2025-10-19 01:31:36,496 [WARN] ConditionMgr:1044 - genDependencies : Invalid condition id : Cortex-A Device cause : null
2025-10-19 01:31:36,496 [WARN] ConditionMgr:1044 - genDependencies : Invalid condition id : Cortex-A Device cause : null
2025-10-19 01:31:36,502 [WARN] PackLoader:240 - Cannot read IP mode file for STMicroelectronics.FP-SNS-STBOX1.2.1.0
2025-10-19 01:31:36,508 [WARN] PackLoader:240 - Cannot read IP mode file for STMicroelectronics.FP-SNS-SMARTAG2.1.2.0
2025-10-19 01:31:36,511 [WARN] PackLoader:240 - Cannot read IP mode file for STMicroelectronics.FP-SNS-FLIGHT1.5.1.0
2025-10-19 01:31:36,522 [INFO] LogOutputStream:77 - [STDOUT_REDIRECT] 1 : Invalid condition id : UX_CORESTACK_Condition cause : null
2025-10-19 01:31:36,522 [INFO] LogOutputStream:77 - [STDOUT_REDIRECT] 1 : Invalid condition id : UX_CORESTACK_Condition cause : null
2025-10-19 01:31:36,523 [INFO] LogOutputStream:77 - [STDOUT_REDIRECT] 1 : Invalid condition id : UX_CORESTACK_Condition cause : null
2025-10-19 01:31:36,524 [INFO] LogOutputStream:77 - [STDOUT_REDIRECT] 1 : Invalid condition id : UX_CORESTACK_Condition cause : null
2025-10-19 01:31:36,525 [INFO] LogOutputStream:77 - [STDOUT_REDIRECT] 1 : Invalid condition id : UX_CORESTACK_Condition cause : null
2025-10-19 01:31:36,528 [WARN] PackLoader:240 - Cannot read IP mode file for STMicroelectronics.X-CUBE-AZRTOS-WL.2.0.0
2025-10-19 01:31:36,532 [WARN] PackLoader:240 - Cannot read IP mode file for STMicroelectronics.FP-SNS-MOTENV1.5.0.0
2025-10-19 01:31:36,541 [WARN] PackLoader:240 - Cannot read IP mode file for WES.I-CUBE-Cesium.1.3.0
2025-10-19 01:31:36,545 [WARN] PackLoader:240 - Cannot read IP mode file for STMicroelectronics.X-CUBE-BLE2.3.3.0
2025-10-19 01:31:36,551 [WARN] PackLoader:240 - Cannot read IP mode file for STMicroelectronics.X-CUBE-NFC9.1.0.0
2025-10-19 01:31:36,556 [WARN] PackLoader:240 - Cannot read IP mode file for wolfSSL.I-CUBE-wolfSSL.5.8.2
2025-10-19 01:31:36,561 [WARN] PackLoader:240 - Cannot read IP mode file for STMicroelectronics.X-CUBE-BLE1.7.1.0
2025-10-19 01:31:36,565 [WARN] PackLoader:240 - Cannot read IP mode file for wolfSSL.I-CUBE-wolfMQTT.1.19.2
2025-10-19 01:31:36,570 [WARN] PackLoader:240 - Cannot read IP mode file for STMicroelectronics.X-CUBE-EEPRMA1.5.2.0
2025-10-19 01:31:36,577 [WARN] PackLoader:240 - Cannot read IP mode file for STMicroelectronics.X-CUBE-ST67W61.1.1.0
2025-10-19 01:31:36,582 [WARN] PackLoader:240 - Cannot read IP mode file for STMicroelectronics.X-CUBE-AI.10.1.0
2025-10-19 01:31:36,593 [WARN] PackLoader:240 - Cannot read IP mode file for STMicroelectronics.X-CUBE-AZRTOS-G0.1.1.0
2025-10-19 01:31:36,600 [WARN] PackLoader:240 - Cannot read IP mode file for STMicroelectronics.X-CUBE-SAFEA1.1.2.2
2025-10-19 01:31:36,605 [WARN] PackLoader:240 - Cannot read IP mode file for STMicroelectronics.X-CUBE-NFC4.3.0.0
2025-10-19 01:31:36,613 [WARN] PackLoader:240 - Cannot read IP mode file for EmbeddedOffice.I-CUBE-FS-RTOS.1.0.1
2025-10-19 01:31:36,617 [WARN] PackLoader:240 - Cannot read IP mode file for STMicroelectronics.X-CUBE-WB05N.2.0.0
2025-10-19 01:31:36,622 [WARN] PackLoader:240 - Cannot read IP mode file for wolfSSL.I-CUBE-wolfTPM.3.8.0
2025-10-19 01:31:36,626 [WARN] PackLoader:240 - Cannot read IP mode file for STMicroelectronics.X-CUBE-TCPP.4.2.0
2025-10-19 01:31:36,632 [WARN] PackLoader:240 - Cannot read IP mode file for RealThread.X-CUBE-RT-Thread_Nano.4.1.1
2025-10-19 01:31:36,637 [WARN] PackLoader:240 - Cannot read IP mode file for STMicroelectronics.FP-ATR-SIGFOX1.3.2.0
2025-10-19 01:31:36,644 [WARN] PackLoader:240 - Cannot read IP mode file for ITTIA_DB.I-CUBE-ITTIADB.8.9.0
2025-10-19 01:31:36,651 [WARN] PackLoader:240 - Cannot read IP mode file for STMicroelectronics.X-CUBE-ST67W61.1.0.0
2025-10-19 01:31:36,655 [WARN] PackLoader:240 - Cannot read IP mode file for STMicroelectronics.X-CUBE-AI.10.2.0
2025-10-19 01:31:36,683 [WARN] PackLoader:240 - Cannot read IP mode file for SEGGER.I-CUBE-embOS.1.3.1
2025-10-19 01:31:36,719 [WARN] PackLoader:240 - Cannot read IP mode file for STMicroelectronics.X-CUBE-ALGOBUILD.1.4.0
2025-10-19 01:31:36,754 [WARN] PackLoader:240 - Cannot read IP mode file for STMicroelectronics.X-CUBE-MEMS1.11.3.0
2025-10-19 01:31:36,880 [WARN] PackLoader:240 - Cannot read IP mode file for STMicroelectronics.X-CUBE-PM33A1.1.0.0
2025-10-19 01:31:36,900 [WARN] PackLoader:240 - Cannot read IP mode file for STMicroelectronics.X-CUBE-AZRTOS-F4.1.1.0
2025-10-19 01:31:36,907 [WARN] PackLoader:240 - Cannot read IP mode file for STMicroelectronics.X-CUBE-ISPU.2.1.0
2025-10-19 01:31:36,924 [WARN] PackLoader:240 - Cannot read IP mode file for STMicroelectronics.X-CUBE-IPS.3.2.0
2025-10-19 01:31:36,938 [WARN] PackLoader:240 - Cannot read IP mode file for STMicroelectronics.X-CUBE-NFC12.1.0.0
2025-10-19 01:31:36,954 [WARN] PackLoader:240 - Cannot read IP mode file for STMicroelectronics.X-CUBE-AZRTOS-L5.2.0.0
2025-10-19 01:31:36,965 [WARN] PackLoader:240 - Cannot read IP mode file for STMicroelectronics.X-CUBE-NFC6.3.1.0
2025-10-19 01:31:36,971 [WARN] PackLoader:240 - Cannot read IP mode file for STMicroelectronics.X-CUBE-FREERTOS.1.3.1
2025-10-19 01:31:36,977 [WARN] PackLoader:240 - Cannot read IP mode file for STMicroelectronics.X-CUBE-TOUCHGFX.4.26.0
2025-10-19 01:31:36,981 [WARN] PackLoader:240 - Cannot read IP mode file for STMicroelectronics.FP-SNS-STAIOTCFT.1.0.0
2025-10-19 01:31:36,985 [WARN] PackLoader:240 - Cannot read IP mode file for STMicroelectronics.X-CUBE-DPower.1.3.0
2025-10-19 01:31:36,999 [WARN] ConditionMgr:438 - getConditionDescription Invalid condition id : LAN8742 Phy interface Condition cause : null
2025-10-19 01:31:37,000 [WARN] PackLoader:240 - Cannot read IP mode file for STMicroelectronics.X-CUBE-AZRTOS-L4.2.0.0
2025-10-19 01:31:37,000 [WARN] ConditionMgr:1044 - genDependencies : Invalid condition id : LAN8742 Phy interface Condition cause : null
2025-10-19 01:31:37,001 [WARN] ConditionMgr:1044 - genDependencies : Invalid condition id : LAN8742 Phy interface Condition cause : null
2025-10-19 01:31:37,001 [WARN] ConditionMgr:1044 - genDependencies : Invalid condition id : LAN8742 Phy interface Condition cause : null
2025-10-19 01:31:37,008 [WARN] PackLoader:240 - Cannot read IP mode file for STMicroelectronics.X-CUBE-SFXS2LP1.4.0.0
2025-10-19 01:31:37,026 [WARN] PackLoader:240 - Cannot read IP mode file for STMicroelectronics.X-CUBE-BLEMGR.4.1.0
2025-10-19 01:31:37,049 [WARN] ConditionMgr:438 - getConditionDescription Invalid condition id : UX DEVICE CLASS RTOS Condition cause : null
2025-10-19 01:31:37,049 [WARN] ConditionMgr:438 - getConditionDescription Invalid condition id : UX DEVICE CLASS RTOS Condition cause : null
2025-10-19 01:31:37,053 [WARN] PackLoader:240 - Cannot read IP mode file for STMicroelectronics.X-CUBE-AZRTOS-WB.2.0.0
2025-10-19 01:31:37,056 [WARN] ConditionMgr:1044 - genDependencies : Invalid condition id : UX DEVICE CLASS RTOS Condition cause : null
2025-10-19 01:31:37,057 [WARN] ConditionMgr:1044 - genDependencies : Invalid condition id : UX DEVICE CLASS RTOS Condition cause : null
2025-10-19 01:31:37,058 [WARN] ConditionMgr:1044 - genDependencies : Invalid condition id : UX DEVICE CLASS RTOS Condition cause : null
2025-10-19 01:31:37,059 [WARN] ConditionMgr:1044 - genDependencies : Invalid condition id : UX DEVICE CLASS RTOS Condition cause : null
2025-10-19 01:31:37,059 [WARN] ConditionMgr:1044 - genDependencies : Invalid condition id : UX DEVICE CLASS RTOS Condition cause : null
2025-10-19 01:31:37,073 [WARN] PackLoader:240 - Cannot read IP mode file for STMicroelectronics.X-CUBE-GNSS1.7.0.1
2025-10-19 01:31:37,081 [WARN] PackLoader:240 - Cannot read IP mode file for STMicroelectronics.X-CUBE-TOUCHGFX.4.25.0
2025-10-19 01:31:37,086 [WARN] PackLoader:240 - Cannot read IP mode file for STMicroelectronics.FP-SNS-STBOX1.2.0.0
2025-10-19 01:31:37,127 [WARN] PackLoader:240 - Cannot read IP mode file for STMicroelectronics.X-CUBE-SUBG2.5.0.0
2025-10-19 01:31:37,151 [WARN] PackLoader:240 - Cannot read IP mode file for STMicroelectronics.X-CUBE-AZRTOS-H7RS.1.1.0
2025-10-19 01:31:37,161 [WARN] PackLoader:240 - Cannot read IP mode file for Cesanta.I-CUBE-Mongoose.7.13.0
2025-10-19 01:31:37,172 [WARN] PackLoader:240 - Cannot read IP mode file for STMicroelectronics.X-CUBE-AZRTOS-G4.2.0.0
2025-10-19 01:31:37,177 [WARN] PackLoader:240 - Cannot read IP mode file for wolfSSL.I-CUBE-wolfSSH.1.4.20
2025-10-19 01:31:37,183 [WARN] PackLoader:240 - Cannot read IP mode file for STMicroelectronics.X-CUBE-NFC7.2.0.0
2025-10-19 01:31:37,197 [WARN] PackLoader:240 - Cannot read IP mode file for STMicroelectronics.X-CUBE-IPS.3.1.0
2025-10-19 01:31:37,207 [WARN] PackLoader:240 - Cannot read IP mode file for STMicroelectronics.X-CUBE-ALS.1.0.2
2025-10-19 01:31:37,214 [WARN] PackLoader:240 - Cannot read IP mode file for STMicroelectronics.X-CUBE-STSE01.1.0.0
2025-10-19 01:31:37,224 [WARN] PackLoader:240 - Cannot read IP mode file for portGmbH.I-Cube-SoM-uGOAL.1.1.0
2025-10-19 01:31:37,234 [WARN] PackLoader:240 - Cannot read IP mode file for STMicroelectronics.X-CUBE-TOF1.3.4.3
2025-10-19 01:31:37,244 [INFO] ThirdParty:978 - Integrity check success = true
2025-10-19 01:31:37,244 [INFO] IntegrityCheckThread:100 - exiting critical section [integrity check]
2025-10-19 01:31:37,244 [INFO] IntegrityCheckThread:103 - End integrity checks thread
2025-10-19 01:54:18,178 [INFO] WebApp:194 - Connection lost
2025-10-19 01:54:18,464 [INFO] WebApp:191 - Connection restablished
2025-10-19 01:54:24,364 [INFO] WebApp:194 - Connection lost
2025-10-19 01:54:24,506 [INFO] WebApp:191 - Connection restablished
2025-10-19 04:08:49,873 [INFO] WebApp:194 - Connection lost
2025-10-19 04:08:50,036 [INFO] WebApp:191 - Connection restablished
2025-10-19 04:36:36,549 [INFO] WebApp:194 - Connection lost
2025-10-19 04:51:50,648 [INFO] WebApp:191 - Connection restablished
2025-10-19 04:51:52,429 [INFO] WebApp:194 - Connection lost
2025-10-19 04:51:52,680 [INFO] WebApp:191 - Connection restablished
