2025-10-09 05:37:40,731 [ERROR] LogOutputStream:75 - [STDERR_REDIRECT] 
2025-10-09 21:24:34,934 [INFO] Activator:176 - 


2025-10-09 21:24:34,936 [INFO] Activator:177 - !SESSION log4j initialized
2025-10-09 21:24:43,095 [INFO] LogOutputStream:77 - [STDOUT_REDIRECT] 
2025-10-09 21:24:44,885 [INFO] ApplicationProperties:184 - Using Application install path: C:\ST\STM32CubeIDE_1.14.1\STM32CubeIDE\plugins\com.st.stm32cube.common.mx_6.15.0.202507011659
2025-10-09 21:24:44,905 [INFO] DbMcusXml:78 - Set database path to: C:\ST\STM32CubeIDE_1.14.1\STM32CubeIDE\plugins\com.st.stm32cube.common.mx_6.15.0.202507011659\\db\/mcu/
2025-10-09 21:24:44,906 [INFO] ApiDb:274 - Set plugin database path to: C:\ST\STM32CubeIDE_1.14.1\STM32CubeIDE\plugins\com.st.stm32cube.common.mx_6.15.0.202507011659\\db\/plugins/boardmanager/
2025-10-09 21:24:44,906 [WARN] ApiDb:259 - Overriding images path with different value:  => C:\ST\STM32CubeIDE_1.14.1\STM32CubeIDE\plugins\com.st.stm32cube.common.mx_6.15.0.202507011659\\db\/plugins/mcufinder/images/
2025-10-09 21:24:44,922 [INFO] ApiDb:250 - Set database path to: C:\Users\eslam\.stmcufinder\plugins\mcufinder//mcu/
2025-10-09 21:24:44,923 [INFO] DbMcusAds:125 - Set database path to: C:\Users\eslam\.stmcufinder\plugins\mcufinder//mcu/
2025-10-09 21:24:44,926 [INFO] CrossReferenceDbSqlite:203 - Set database path to: C:\Users\eslam\.stmcufinder\plugins\mcufinder//mcu/cs/
2025-10-09 21:24:45,060 [INFO] RulesReader:64 - Compatibility file has been processed (317 Rules)
2025-10-09 21:24:45,152 [INFO] DbMcusXml:78 - Set database path to: C:\ST\STM32CubeIDE_1.14.1\STM32CubeIDE\plugins\com.st.stm32cube.common.mx_6.15.0.202507011659\\db\/mcu/
2025-10-09 21:24:45,152 [INFO] ApiDb:274 - Set plugin database path to: C:\ST\STM32CubeIDE_1.14.1\STM32CubeIDE\plugins\com.st.stm32cube.common.mx_6.15.0.202507011659\\db\/plugins/boardmanager/
2025-10-09 21:24:45,152 [INFO] ApiDb:261 - Set plugin images path to: C:\ST\STM32CubeIDE_1.14.1\STM32CubeIDE\plugins\com.st.stm32cube.common.mx_6.15.0.202507011659\\db\/plugins/mcufinder/images/
2025-10-09 21:24:45,152 [WARN] DbFile:41 - Overriding database path with different value: C:\Users\eslam\.stmcufinder\plugins\mcufinder/ => C:\Users\eslam\.stmcufinder\plugins\mcufinder
2025-10-09 21:24:45,152 [INFO] ApiDb:250 - Set database path to: C:\Users\eslam\.stmcufinder\plugins\mcufinder//mcu/
2025-10-09 21:24:45,152 [WARN] DbFile:41 - Overriding database path with different value: C:\Users\eslam\.stmcufinder\plugins\mcufinder/ => C:\Users\eslam\.stmcufinder\plugins\mcufinder
2025-10-09 21:24:45,152 [INFO] DbMcusAds:125 - Set database path to: C:\Users\eslam\.stmcufinder\plugins\mcufinder//mcu/
2025-10-09 21:24:45,153 [WARN] DbFile:41 - Overriding database path with different value: C:\Users\eslam\.stmcufinder\plugins\mcufinder/ => C:\Users\eslam\.stmcufinder\plugins\mcufinder
2025-10-09 21:24:45,153 [WARN] DbFile:41 - Overriding database path with different value: C:\Users\eslam\.stmcufinder\plugins\mcufinder/ => C:\Users\eslam\.stmcufinder\plugins\mcufinder
2025-10-09 21:24:45,153 [INFO] CrossReferenceDbSqlite:203 - Set database path to: C:\Users\eslam\.stmcufinder\plugins\mcufinder//mcu/cs/
2025-10-09 21:24:45,236 [INFO] MainPanel:274 - HeapMemory: 268435456
2025-10-09 21:24:45,362 [INFO] DbMcusXml:78 - Set database path to: C:\ST\STM32CubeIDE_1.14.1\STM32CubeIDE\plugins\com.st.stm32cube.common.mx_6.15.0.202507011659\\db\/mcu/
2025-10-09 21:24:45,362 [INFO] ApiDb:274 - Set plugin database path to: C:\ST\STM32CubeIDE_1.14.1\STM32CubeIDE\plugins\com.st.stm32cube.common.mx_6.15.0.202507011659\\db\/plugins/boardmanager/
2025-10-09 21:24:45,362 [INFO] ApiDb:261 - Set plugin images path to: C:\ST\STM32CubeIDE_1.14.1\STM32CubeIDE\plugins\com.st.stm32cube.common.mx_6.15.0.202507011659\\db\/plugins/mcufinder/images/
2025-10-09 21:24:45,362 [WARN] DbFile:41 - Overriding database path with different value: C:\Users\eslam\.stmcufinder\plugins\mcufinder/ => C:\Users\eslam\.stmcufinder\plugins\mcufinder
2025-10-09 21:24:45,362 [INFO] ApiDb:250 - Set database path to: C:\Users\eslam\.stmcufinder\plugins\mcufinder//mcu/
2025-10-09 21:24:45,363 [WARN] DbFile:41 - Overriding database path with different value: C:\Users\eslam\.stmcufinder\plugins\mcufinder/ => C:\Users\eslam\.stmcufinder\plugins\mcufinder
2025-10-09 21:24:45,363 [INFO] DbMcusAds:125 - Set database path to: C:\Users\eslam\.stmcufinder\plugins\mcufinder//mcu/
2025-10-09 21:24:45,363 [WARN] DbFile:41 - Overriding database path with different value: C:\Users\eslam\.stmcufinder\plugins\mcufinder/ => C:\Users\eslam\.stmcufinder\plugins\mcufinder
2025-10-09 21:24:45,363 [WARN] DbFile:41 - Overriding database path with different value: C:\Users\eslam\.stmcufinder\plugins\mcufinder/ => C:\Users\eslam\.stmcufinder\plugins\mcufinder
2025-10-09 21:24:45,363 [INFO] CrossReferenceDbSqlite:203 - Set database path to: C:\Users\eslam\.stmcufinder\plugins\mcufinder//mcu/cs/
2025-10-09 21:24:45,396 [INFO] ApplicationProperties:184 - Using Application install path: C:\ST\STM32CubeIDE_1.14.1\STM32CubeIDE\plugins\com.st.stm32cube.common.mx_6.15.0.202507011659
2025-10-09 21:24:45,398 [INFO] PluginManage:196 - Search for loadable plugins [exclusion list=, ]
2025-10-09 21:24:45,400 [INFO] PluginManage:310 - Check plugin analytics
2025-10-09 21:24:45,561 [INFO] AnalyticsPlugin:253 - Accepted Software Licenses: STM32CubeMX.6.10.0,STM32CubeMX.6.15.0
2025-10-09 21:24:45,561 [INFO] AnalyticsPlugin:255 - Accepted CMSIS Pack Licenses: 
2025-10-09 21:24:45,561 [INFO] AnalyticsPlugin:257 - Accepted Firmware Licenses: FW.F4.1.28.0
2025-10-09 21:24:45,564 [INFO] PluginManage:359 - Loaded plugin analytics (category:tool,tabindex:-1)
2025-10-09 21:24:45,564 [INFO] PluginManage:310 - Check plugin cadmodel
2025-10-09 21:24:45,584 [INFO] CADModel:105 - Init CAD model plugin
2025-10-09 21:24:45,584 [INFO] PluginManage:359 - Loaded plugin cadmodel (category:power,tabindex:5)
2025-10-09 21:24:45,584 [INFO] PluginManage:310 - Check plugin clock
2025-10-09 21:24:45,608 [INFO] PluginManage:359 - Loaded plugin clock (category:base,tabindex:2)
2025-10-09 21:24:45,608 [INFO] PluginManage:310 - Check plugin ddr
2025-10-09 21:24:45,610 [INFO] PluginManage:359 - Loaded plugin ddr (category:tool,tabindex:6)
2025-10-09 21:24:45,611 [INFO] PluginManage:310 - Check plugin filemanager
2025-10-09 21:24:45,884 [INFO] PluginManage:359 - Loaded plugin filemanager (category:base,tabindex:10)
2025-10-09 21:24:45,884 [INFO] PluginManage:310 - Check plugin ipmanager
2025-10-09 21:24:45,892 [INFO] PluginManage:359 - Loaded plugin ipmanager (category:base,tabindex:5)
2025-10-09 21:24:45,892 [INFO] PluginManage:310 - Check plugin lpbam
2025-10-09 21:24:45,916 [INFO] PluginManage:359 - Loaded plugin lpbam (category:base,tabindex:0)
2025-10-09 21:24:45,916 [INFO] PluginManage:310 - Check plugin memorymap
2025-10-09 21:24:45,977 [INFO] PluginManage:359 - Loaded plugin memorymap (category:base,tabindex:4)
2025-10-09 21:24:45,977 [INFO] PluginManage:310 - Check plugin pinoutandconfiguration
2025-10-09 21:24:46,009 [INFO] PluginManage:359 - Loaded plugin pinoutandconfiguration (category:base,tabindex:1)
2025-10-09 21:24:46,009 [INFO] PluginManage:310 - Check plugin pinoutconfig
2025-10-09 21:24:46,148 [WARN] SupportedApi:132 - Cannot load RTOS API schema: s4s-elt-must-match.1: The content of 'definitions' must match (annotation?, (simpleType | complexType)?, (unique | key | keyref)*)). A problem was found starting at: attribute.
2025-10-09 21:24:46,333 [INFO] PluginManage:359 - Loaded plugin pinoutconfig (category:base,tabindex:0)
2025-10-09 21:24:46,333 [INFO] PluginManage:310 - Check plugin power
2025-10-09 21:24:46,362 [INFO] PluginManage:359 - Loaded plugin power (category:power,tabindex:4)
2025-10-09 21:24:46,362 [INFO] PluginManage:310 - Check plugin projectmanager
2025-10-09 21:24:46,386 [INFO] PluginManage:359 - Loaded plugin projectmanager (category:projectmanager,tabindex:4)
2025-10-09 21:24:46,387 [INFO] PluginManage:310 - Check plugin rif
2025-10-09 21:24:46,421 [INFO] PluginManage:359 - Loaded plugin rif (category:base,tabindex:3)
2025-10-09 21:24:46,421 [INFO] PluginManage:310 - Check plugin thirdparty
2025-10-09 21:24:46,795 [INFO] PluginManage:359 - Loaded plugin thirdparty (category:base,tabindex:-1)
2025-10-09 21:24:46,795 [WARN] IntegrityCheckThread:84 - waiting for thirdparty lock release [integrity check]
2025-10-09 21:24:46,795 [INFO] PluginManage:310 - Check plugin tools
2025-10-09 21:24:46,795 [INFO] IntegrityCheckThread:86 - entering critical section [integrity check]
2025-10-09 21:24:46,796 [INFO] ThirdPartyUpdaterWithRetryManager:70 - Updater plugin not ready yet. [1/15]
2025-10-09 21:24:46,854 [INFO] PluginManage:359 - Loaded plugin tools (category:base,tabindex:7)
2025-10-09 21:24:46,854 [INFO] PluginManage:310 - Check plugin tutovideos
2025-10-09 21:24:47,130 [INFO] PluginManage:359 - Loaded plugin tutovideos (category:base,tabindex:-1)
2025-10-09 21:24:47,131 [INFO] PluginManage:310 - Check plugin updater
2025-10-09 21:24:47,153 [INFO] PluginManage:359 - Loaded plugin updater (category:base,tabindex:12)
2025-10-09 21:24:47,154 [INFO] PluginManage:310 - Check plugin userauth
2025-10-09 21:24:47,160 [INFO] UserAuth:118 - Init User Auth plugin
2025-10-09 21:24:47,161 [INFO] PluginManage:359 - Loaded plugin userauth (category:base,tabindex:14)
2025-10-09 21:24:47,162 [INFO] PluginManage:283 - PluginManage : Loaded plugins [18]
2025-10-09 21:24:47,449 [INFO] PinOutPanel:1589 - setPackage(No Configuration,No Configuration)
2025-10-09 21:24:47,552 [INFO] CADModel:165 - CPN selected for project level
2025-10-09 21:24:47,552 [INFO] CADModel:114 - Register for checkConnection events
2025-10-09 21:24:47,585 [INFO] IPUIPlugin:80 - create IPUIPlugin
2025-10-09 21:24:47,586 [INFO] PluginManager:220 - loadIPPluginJar : add adc
2025-10-09 21:24:47,643 [INFO] IPUIPlugin:80 - create IPUIPlugin
2025-10-09 21:24:47,643 [INFO] PluginManager:220 - loadIPPluginJar : add aes
2025-10-09 21:24:47,707 [INFO] IPUIPlugin:80 - create IPUIPlugin
2025-10-09 21:24:47,707 [INFO] PluginManager:220 - loadIPPluginJar : add can
2025-10-09 21:24:47,752 [INFO] IPUIPlugin:80 - create IPUIPlugin
2025-10-09 21:24:47,752 [INFO] PluginManager:220 - loadIPPluginJar : add comp
2025-10-09 21:24:47,805 [INFO] IPUIPlugin:80 - create IPUIPlugin
2025-10-09 21:24:47,805 [INFO] PluginManager:220 - loadIPPluginJar : add cryp
2025-10-09 21:24:47,822 [INFO] IPUIPlugin:80 - create IPUIPlugin
2025-10-09 21:24:47,822 [INFO] PluginManager:220 - loadIPPluginJar : add ddr_ctrl_phy
2025-10-09 21:24:47,869 [INFO] IPUIPlugin:80 - create IPUIPlugin
2025-10-09 21:24:47,869 [INFO] PluginManager:220 - loadIPPluginJar : add dfsdm
2025-10-09 21:24:47,890 [INFO] IPUIPlugin:80 - create IPUIPlugin
2025-10-09 21:24:47,890 [INFO] PluginManager:220 - loadIPPluginJar : add dma
2025-10-09 21:24:47,952 [INFO] IPUIPlugin:80 - create IPUIPlugin
2025-10-09 21:24:47,952 [INFO] PluginManager:220 - loadIPPluginJar : add dma3
2025-10-09 21:24:48,032 [INFO] IPUIPlugin:80 - create IPUIPlugin
2025-10-09 21:24:48,032 [INFO] PluginManager:220 - loadIPPluginJar : add extmemmanager
2025-10-09 21:24:48,068 [INFO] IPUIPlugin:80 - create IPUIPlugin
2025-10-09 21:24:48,068 [INFO] PluginManager:220 - loadIPPluginJar : add fatfs
2025-10-09 21:24:48,143 [INFO] IPUIPlugin:80 - create IPUIPlugin
2025-10-09 21:24:48,143 [INFO] PluginManager:220 - loadIPPluginJar : add fmc
2025-10-09 21:24:48,165 [INFO] IPUIPlugin:80 - create IPUIPlugin
2025-10-09 21:24:48,165 [INFO] PluginManager:220 - loadIPPluginJar : add freertos
2025-10-09 21:24:48,201 [INFO] IPUIPlugin:80 - create IPUIPlugin
2025-10-09 21:24:48,201 [INFO] PluginManager:220 - loadIPPluginJar : add genericplugin
2025-10-09 21:24:48,357 [INFO] IPUIPlugin:80 - create IPUIPlugin
2025-10-09 21:24:48,357 [INFO] PluginManager:220 - loadIPPluginJar : add gfxmmu
2025-10-09 21:24:48,562 [INFO] IPUIPlugin:80 - create IPUIPlugin
2025-10-09 21:24:48,562 [INFO] PluginManager:220 - loadIPPluginJar : add gic
2025-10-09 21:24:48,581 [INFO] IPUIPlugin:80 - create IPUIPlugin
2025-10-09 21:24:48,581 [INFO] PluginManager:220 - loadIPPluginJar : add gpio
2025-10-09 21:24:48,710 [INFO] IPUIPlugin:80 - create IPUIPlugin
2025-10-09 21:24:48,710 [INFO] PluginManager:220 - loadIPPluginJar : add gtzc
2025-10-09 21:24:48,760 [INFO] IPUIPlugin:80 - create IPUIPlugin
2025-10-09 21:24:48,760 [INFO] PluginManager:220 - loadIPPluginJar : add hash
2025-10-09 21:24:48,838 [INFO] IPUIPlugin:80 - create IPUIPlugin
2025-10-09 21:24:48,838 [INFO] PluginManager:220 - loadIPPluginJar : add i2c
2025-10-09 21:24:48,895 [INFO] IPUIPlugin:80 - create IPUIPlugin
2025-10-09 21:24:48,895 [INFO] PluginManager:220 - loadIPPluginJar : add i2s
2025-10-09 21:24:48,959 [INFO] IPUIPlugin:80 - create IPUIPlugin
2025-10-09 21:24:48,959 [INFO] PluginManager:220 - loadIPPluginJar : add i3c
2025-10-09 21:24:49,096 [INFO] IPUIPlugin:80 - create IPUIPlugin
2025-10-09 21:24:49,096 [INFO] PluginManager:220 - loadIPPluginJar : add ipddr
2025-10-09 21:24:49,242 [INFO] IPUIPlugin:80 - create IPUIPlugin
2025-10-09 21:24:49,242 [INFO] PluginManager:220 - loadIPPluginJar : add linkedlist
2025-10-09 21:24:49,297 [INFO] IPUIPlugin:80 - create IPUIPlugin
2025-10-09 21:24:49,297 [INFO] PluginManager:220 - loadIPPluginJar : add lorawan
2025-10-09 21:24:49,354 [INFO] IPUIPlugin:80 - create IPUIPlugin
2025-10-09 21:24:49,354 [INFO] PluginManager:220 - loadIPPluginJar : add ltdc
2025-10-09 21:24:49,374 [INFO] IPUIPlugin:80 - create IPUIPlugin
2025-10-09 21:24:49,374 [INFO] PluginManager:220 - loadIPPluginJar : add mdma
2025-10-09 21:24:49,392 [INFO] IPUIPlugin:80 - create IPUIPlugin
2025-10-09 21:24:49,392 [INFO] PluginManager:220 - loadIPPluginJar : add nvic
2025-10-09 21:24:49,450 [INFO] IPUIPlugin:80 - create IPUIPlugin
2025-10-09 21:24:49,450 [INFO] PluginManager:220 - loadIPPluginJar : add opamp
2025-10-09 21:24:49,543 [INFO] IPUIPlugin:80 - create IPUIPlugin
2025-10-09 21:24:49,544 [INFO] PluginManager:220 - loadIPPluginJar : add openamp
2025-10-09 21:24:49,609 [INFO] IPUIPlugin:80 - create IPUIPlugin
2025-10-09 21:24:49,609 [INFO] PluginManager:220 - loadIPPluginJar : add pdm2pcm
2025-10-09 21:24:49,628 [INFO] IPUIPlugin:80 - create IPUIPlugin
2025-10-09 21:24:49,631 [INFO] PluginManager:220 - loadIPPluginJar : add plateformsettings
2025-10-09 21:24:49,667 [INFO] IPUIPlugin:80 - create IPUIPlugin
2025-10-09 21:24:49,668 [INFO] PluginManager:220 - loadIPPluginJar : add quadspi
2025-10-09 21:24:49,709 [INFO] IPUIPlugin:80 - create IPUIPlugin
2025-10-09 21:24:49,710 [INFO] PluginManager:220 - loadIPPluginJar : add radio
2025-10-09 21:24:49,730 [INFO] IPUIPlugin:80 - create IPUIPlugin
2025-10-09 21:24:49,730 [INFO] PluginManager:220 - loadIPPluginJar : add resmgrutility
2025-10-09 21:24:49,796 [INFO] IPUIPlugin:80 - create IPUIPlugin
2025-10-09 21:24:49,796 [INFO] PluginManager:220 - loadIPPluginJar : add sai
2025-10-09 21:24:49,797 [INFO] ThirdPartyUpdaterWithRetryManager:70 - Updater plugin not ready yet. [2/15]
2025-10-09 21:24:49,851 [INFO] IPUIPlugin:80 - create IPUIPlugin
2025-10-09 21:24:49,851 [INFO] PluginManager:220 - loadIPPluginJar : add spi
2025-10-09 21:24:49,949 [INFO] IPUIPlugin:80 - create IPUIPlugin
2025-10-09 21:24:49,949 [INFO] PluginManager:220 - loadIPPluginJar : add stm32_wpan
2025-10-09 21:24:49,986 [INFO] IPUIPlugin:80 - create IPUIPlugin
2025-10-09 21:24:49,986 [INFO] PluginManager:220 - loadIPPluginJar : add tim
2025-10-09 21:24:50,076 [INFO] IPUIPlugin:80 - create IPUIPlugin
2025-10-09 21:24:50,076 [INFO] PluginManager:220 - loadIPPluginJar : add touchsensing
2025-10-09 21:24:50,111 [INFO] IPUIPlugin:80 - create IPUIPlugin
2025-10-09 21:24:50,111 [INFO] PluginManager:220 - loadIPPluginJar : add tracer_emb
2025-10-09 21:24:50,114 [INFO] IPUIPlugin:80 - create IPUIPlugin
2025-10-09 21:24:50,114 [INFO] PluginManager:220 - loadIPPluginJar : add ts
2025-10-09 21:24:50,148 [INFO] IPUIPlugin:80 - create IPUIPlugin
2025-10-09 21:24:50,148 [INFO] PluginManager:220 - loadIPPluginJar : add tsc
2025-10-09 21:24:50,152 [INFO] IPUIPlugin:80 - create IPUIPlugin
2025-10-09 21:24:50,152 [INFO] PluginManager:220 - loadIPPluginJar : add ucpd
2025-10-09 21:24:50,213 [INFO] IPUIPlugin:80 - create IPUIPlugin
2025-10-09 21:24:50,213 [INFO] PluginManager:220 - loadIPPluginJar : add usart
2025-10-09 21:24:50,281 [INFO] IPUIPlugin:80 - create IPUIPlugin
2025-10-09 21:24:50,281 [INFO] PluginManager:220 - loadIPPluginJar : add usbx
2025-10-09 21:24:50,412 [FATAL] Updater:351 - Updater called before beeing initialized
2025-10-09 21:24:50,441 [INFO] RulesReader:64 - Compatibility file has been processed (317 Rules)
2025-10-09 21:24:50,451 [INFO] RulesReader:64 - Compatibility file has been processed (317 Rules)
2025-10-09 21:24:50,461 [INFO] CADModel:165 - CPN selected for project level
2025-10-09 21:24:50,461 [INFO] CADModel:114 - Register for checkConnection events
2025-10-09 21:24:50,461 [FATAL] Updater:351 - Updater called before beeing initialized
2025-10-09 21:24:50,461 [ERROR] CADModel:125 - Updater not yet initialized, retry later 
2025-10-09 21:24:50,626 [FATAL] Updater:351 - Updater called before beeing initialized
2025-10-09 21:24:50,628 [INFO] CADModel:165 - CPN selected for project level
2025-10-09 21:24:50,628 [INFO] CADModel:114 - Register for checkConnection events
2025-10-09 21:24:50,628 [FATAL] Updater:351 - Updater called before beeing initialized
2025-10-09 21:24:50,628 [ERROR] CADModel:125 - Updater not yet initialized, retry later 
2025-10-09 21:24:50,632 [FATAL] Updater:351 - Updater called before beeing initialized
2025-10-09 21:24:50,765 [FATAL] Updater:351 - Updater called before beeing initialized
2025-10-09 21:24:50,778 [INFO] DbMcusAds:53 - JSON generation date=Thu Oct 02 12:36:05 EEST 2025 (1759397765045)
2025-10-09 21:24:50,779 [FATAL] Updater:351 - Updater called before beeing initialized
2025-10-09 21:24:50,817 [WARN] DetailPanel:346 - Failed to get advertising image, set to default
2025-10-09 21:24:50,897 [FATAL] Updater:351 - Updater called before beeing initialized
2025-10-09 21:24:50,899 [FATAL] Updater:351 - Updater called before beeing initialized
2025-10-09 21:24:50,899 [FATAL] Updater:351 - Updater called before beeing initialized
2025-10-09 21:24:50,899 [WARN] DetailPanel:346 - Failed to get advertising image, set to default
2025-10-09 21:24:50,900 [FATAL] Updater:351 - Updater called before beeing initialized
2025-10-09 21:24:50,971 [ERROR] Updater:1198 - MainUpdater not yet initialized. External WinMGr cannot be set.
2025-10-09 21:24:50,975 [INFO] Updater:1134 - Updater Version found : 6.15.0
2025-10-09 21:24:50,994 [INFO] ApplicationProperties:184 - Using Application install path: C:\ST\STM32CubeIDE_1.14.1\STM32CubeIDE\plugins\com.st.stm32cube.common.mx_6.15.0.202507011659
2025-10-09 21:24:52,608 [ERROR] LogOutputStream:75 - [STDERR_REDIRECT] Oct 09, 2025 9:24:52 PM java.util.prefs.WindowsPreferences <init>
2025-10-09 21:24:52,609 [ERROR] LogOutputStream:75 - [STDERR_REDIRECT] WARNING: Could not open/create prefs root node Software\JavaSoft\Prefs at root 0xffffffff80000002. Windows RegCreateKeyEx(...) returned error code 5.
2025-10-09 21:24:52,610 [ERROR] LogOutputStream:75 - [STDERR_REDIRECT] 
2025-10-09 21:24:52,799 [INFO] ThirdPartyUpdaterWithRetryManager:70 - Updater plugin not ready yet. [3/15]
2025-10-09 21:24:54,015 [INFO] MainUpdater:2872 - connection check result : 10
2025-10-09 21:24:54,016 [INFO] MainUpdater:289 - Updater Check For Update Now.
2025-10-09 21:24:54,016 [INFO] MicroXplorer:498 - Change Database Version : DB.6.0.150
2025-10-09 21:24:54,035 [INFO] McuFinderGlobals:63 - Set McuFinder mode to 2 (CubeIDE integrated)
2025-10-09 21:24:54,035 [INFO] UserAuth:171 - activating auth plugin
2025-10-09 21:24:54,039 [INFO] UserAuth:487 - Internet connection configuration mode: 1
2025-10-09 21:24:54,066 [INFO] JxBrowserEngine:152 - Initiate JxBrowser Engine with user profile folder
2025-10-09 21:24:54,236 [INFO] CheckServerUpdateThread:120 - End of CheckServer Thread
2025-10-09 21:24:55,628 [INFO] WebApp:169 - Instantiating new browser for Auth
2025-10-09 21:24:56,178 [WARN] PackLoader:240 - Cannot read IP mode file for STMicroelectronics.FP-SNS-MOTENVWB1.1.4.0
2025-10-09 21:24:56,198 [WARN] PackLoader:240 - Cannot read IP mode file for STMicroelectronics.FP-ATR-ASTRA1.2.0.2
2025-10-09 21:24:56,216 [WARN] PackLoader:240 - Cannot read IP mode file for STMicroelectronics.X-CUBE-SMBUS.2.1.0
2025-10-09 21:24:56,232 [WARN] PackLoader:240 - Cannot read IP mode file for STMicroelectronics.X-CUBE-ST60.1.0.0
2025-10-09 21:24:56,297 [WARN] PackLoader:240 - Cannot read IP mode file for STMicroelectronics.X-CUBE-AZRTOS-F7.1.1.0
2025-10-09 21:24:56,345 [WARN] PackLoader:240 - Cannot read IP mode file for Infineon.AIROC-Wi-Fi-Bluetooth-STM32.1.7.1
2025-10-09 21:24:56,392 [WARN] PackLoader:240 - Cannot read IP mode file for STMicroelectronics.X-CUBE-AZRTOS-H7.3.4.0
2025-10-09 21:24:56,417 [WARN] PackLoader:240 - Cannot read IP mode file for STMicroelectronics.X-CUBE-DISPLAY.3.0.0
2025-10-09 21:24:56,442 [WARN] PackLoader:240 - Cannot read IP mode file for STMicroelectronics.X-CUBE-NFC10.1.0.0
2025-10-09 21:24:56,463 [WARN] PackLoader:240 - Cannot read IP mode file for emotas.I-CUBE-CANOPEN.1.3.0
2025-10-09 21:24:56,481 [WARN] ConditionMgr:438 - getConditionDescription Invalid condition id : Cortex-A Device cause : null
2025-10-09 21:24:56,510 [WARN] ConditionMgr:1044 - genDependencies : Invalid condition id : Cortex-A Device cause : null
2025-10-09 21:24:56,511 [WARN] ConditionMgr:1044 - genDependencies : Invalid condition id : Cortex-A Device cause : null
2025-10-09 21:24:56,511 [WARN] ConditionMgr:1044 - genDependencies : Invalid condition id : Cortex-A Device cause : null
2025-10-09 21:24:56,539 [WARN] PackLoader:240 - Cannot read IP mode file for STMicroelectronics.FP-SNS-STBOX1.2.1.0
2025-10-09 21:24:56,571 [WARN] PackLoader:240 - Cannot read IP mode file for STMicroelectronics.FP-SNS-SMARTAG2.1.2.0
2025-10-09 21:24:56,606 [WARN] PackLoader:240 - Cannot read IP mode file for STMicroelectronics.FP-SNS-FLIGHT1.5.1.0
2025-10-09 21:24:56,652 [INFO] WebApp:463 - Apply proxy settings
2025-10-09 21:24:56,653 [INFO] WebApp:548 - Chromium requires no authentication
2025-10-09 21:24:56,657 [INFO] LogOutputStream:77 - [STDOUT_REDIRECT] 1 : Invalid condition id : UX_CORESTACK_Condition cause : null
2025-10-09 21:24:56,658 [INFO] LogOutputStream:77 - [STDOUT_REDIRECT] 1 : Invalid condition id : UX_CORESTACK_Condition cause : null
2025-10-09 21:24:56,660 [INFO] LogOutputStream:77 - [STDOUT_REDIRECT] 1 : Invalid condition id : UX_CORESTACK_Condition cause : null
2025-10-09 21:24:56,661 [INFO] LogOutputStream:77 - [STDOUT_REDIRECT] 1 : Invalid condition id : UX_CORESTACK_Condition cause : null
2025-10-09 21:24:56,662 [INFO] LogOutputStream:77 - [STDOUT_REDIRECT] 1 : Invalid condition id : UX_CORESTACK_Condition cause : null
2025-10-09 21:24:56,664 [WARN] PackLoader:240 - Cannot read IP mode file for STMicroelectronics.X-CUBE-AZRTOS-WL.2.0.0
2025-10-09 21:24:56,698 [WARN] PackLoader:240 - Cannot read IP mode file for STMicroelectronics.FP-SNS-MOTENV1.5.0.0
2025-10-09 21:24:56,702 [INFO] WebApp:491 - Direct internet connection detected
2025-10-09 21:24:56,731 [WARN] PackLoader:240 - Cannot read IP mode file for WES.I-CUBE-Cesium.1.3.0
2025-10-09 21:24:56,767 [WARN] PackLoader:240 - Cannot read IP mode file for STMicroelectronics.X-CUBE-BLE2.3.3.0
2025-10-09 21:24:56,793 [WARN] PackLoader:240 - Cannot read IP mode file for STMicroelectronics.X-CUBE-NFC9.1.0.0
2025-10-09 21:24:56,797 [INFO] WebApp:900 - Register for checkConnection events
2025-10-09 21:24:56,797 [INFO] WebApp:463 - Apply proxy settings
2025-10-09 21:24:56,798 [INFO] WebApp:548 - Chromium requires no authentication
2025-10-09 21:24:56,798 [INFO] WebApp:491 - Direct internet connection detected
2025-10-09 21:24:56,815 [WARN] PackLoader:240 - Cannot read IP mode file for wolfSSL.I-CUBE-wolfSSL.5.8.2
2025-10-09 21:24:56,840 [WARN] PackLoader:240 - Cannot read IP mode file for STMicroelectronics.X-CUBE-BLE1.7.1.0
2025-10-09 21:24:56,850 [WARN] PackLoader:240 - Cannot read IP mode file for wolfSSL.I-CUBE-wolfMQTT.1.19.2
2025-10-09 21:24:56,875 [WARN] PackLoader:240 - Cannot read IP mode file for STMicroelectronics.X-CUBE-EEPRMA1.5.2.0
2025-10-09 21:24:56,897 [WARN] PackLoader:240 - Cannot read IP mode file for STMicroelectronics.X-CUBE-AI.10.1.0
2025-10-09 21:24:56,949 [WARN] PackLoader:240 - Cannot read IP mode file for STMicroelectronics.X-CUBE-AZRTOS-G0.1.1.0
2025-10-09 21:24:56,980 [WARN] PackLoader:240 - Cannot read IP mode file for STMicroelectronics.X-CUBE-SAFEA1.1.2.2
2025-10-09 21:24:57,009 [WARN] PackLoader:240 - Cannot read IP mode file for STMicroelectronics.X-CUBE-NFC4.3.0.0
2025-10-09 21:24:57,043 [WARN] PackLoader:240 - Cannot read IP mode file for EmbeddedOffice.I-CUBE-FS-RTOS.1.0.1
2025-10-09 21:24:57,064 [WARN] PackLoader:240 - Cannot read IP mode file for STMicroelectronics.X-CUBE-WB05N.2.0.0
2025-10-09 21:24:57,078 [WARN] PackLoader:240 - Cannot read IP mode file for wolfSSL.I-CUBE-wolfTPM.3.8.0
2025-10-09 21:24:57,094 [WARN] PackLoader:240 - Cannot read IP mode file for STMicroelectronics.X-CUBE-TCPP.4.2.0
2025-10-09 21:24:57,110 [WARN] PackLoader:240 - Cannot read IP mode file for RealThread.X-CUBE-RT-Thread_Nano.4.1.1
2025-10-09 21:24:57,125 [WARN] PackLoader:240 - Cannot read IP mode file for STMicroelectronics.FP-ATR-SIGFOX1.3.2.0
2025-10-09 21:24:57,141 [WARN] PackLoader:240 - Cannot read IP mode file for ITTIA_DB.I-CUBE-ITTIADB.8.9.0
2025-10-09 21:24:57,158 [WARN] PackLoader:240 - Cannot read IP mode file for STMicroelectronics.X-CUBE-ST67W61.1.0.0
2025-10-09 21:24:57,173 [WARN] PackLoader:240 - Cannot read IP mode file for STMicroelectronics.X-CUBE-AI.10.2.0
2025-10-09 21:24:57,180 [INFO] WebApp:225 - Starting web application
2025-10-09 21:24:57,180 [INFO] WebApp:593 - Web application path used C:\ST\STM32CubeIDE_1.14.1\STM32CubeIDE\plugins\com.st.stm32cube.common.mx_6.15.0.202507011659\db\plugins\mcufinder\reactClient1\index.html
2025-10-09 21:24:57,211 [WARN] PackLoader:240 - Cannot read IP mode file for SEGGER.I-CUBE-embOS.1.3.1
2025-10-09 21:24:57,263 [WARN] PackLoader:240 - Cannot read IP mode file for STMicroelectronics.X-CUBE-ALGOBUILD.1.4.0
2025-10-09 21:24:57,347 [WARN] PackLoader:240 - Cannot read IP mode file for STMicroelectronics.X-CUBE-MEMS1.11.3.0
2025-10-09 21:24:57,642 [INFO] WebApp:191 - Connection restablished
2025-10-09 21:24:57,739 [WARN] PackLoader:240 - Cannot read IP mode file for STMicroelectronics.X-CUBE-PM33A1.1.0.0
2025-10-09 21:24:57,793 [WARN] PackLoader:240 - Cannot read IP mode file for STMicroelectronics.X-CUBE-AZRTOS-F4.1.1.0
2025-10-09 21:24:57,823 [WARN] PackLoader:240 - Cannot read IP mode file for STMicroelectronics.X-CUBE-ISPU.2.1.0
2025-10-09 21:24:57,851 [WARN] PackLoader:240 - Cannot read IP mode file for STMicroelectronics.X-CUBE-NFC12.1.0.0
2025-10-09 21:24:57,903 [WARN] PackLoader:240 - Cannot read IP mode file for STMicroelectronics.X-CUBE-AZRTOS-L5.2.0.0
2025-10-09 21:24:57,937 [WARN] PackLoader:240 - Cannot read IP mode file for STMicroelectronics.X-CUBE-NFC6.3.1.0
2025-10-09 21:24:57,965 [WARN] PackLoader:240 - Cannot read IP mode file for STMicroelectronics.X-CUBE-FREERTOS.1.3.1
2025-10-09 21:24:57,990 [WARN] PackLoader:240 - Cannot read IP mode file for STMicroelectronics.X-CUBE-TOUCHGFX.4.26.0
2025-10-09 21:24:58,014 [WARN] PackLoader:240 - Cannot read IP mode file for STMicroelectronics.FP-SNS-STAIOTCFT.1.0.0
2025-10-09 21:24:58,034 [WARN] PackLoader:240 - Cannot read IP mode file for STMicroelectronics.X-CUBE-DPower.1.3.0
2025-10-09 21:24:58,066 [WARN] ConditionMgr:438 - getConditionDescription Invalid condition id : LAN8742 Phy interface Condition cause : null
2025-10-09 21:24:58,067 [WARN] PackLoader:240 - Cannot read IP mode file for STMicroelectronics.X-CUBE-AZRTOS-L4.2.0.0
2025-10-09 21:24:58,068 [WARN] ConditionMgr:1044 - genDependencies : Invalid condition id : LAN8742 Phy interface Condition cause : null
2025-10-09 21:24:58,068 [WARN] ConditionMgr:1044 - genDependencies : Invalid condition id : LAN8742 Phy interface Condition cause : null
2025-10-09 21:24:58,069 [WARN] ConditionMgr:1044 - genDependencies : Invalid condition id : LAN8742 Phy interface Condition cause : null
2025-10-09 21:24:58,093 [WARN] PackLoader:240 - Cannot read IP mode file for STMicroelectronics.X-CUBE-SFXS2LP1.4.0.0
2025-10-09 21:24:58,119 [WARN] PackLoader:240 - Cannot read IP mode file for STMicroelectronics.X-CUBE-BLEMGR.4.1.0
2025-10-09 21:24:58,158 [WARN] ConditionMgr:438 - getConditionDescription Invalid condition id : UX DEVICE CLASS RTOS Condition cause : null
2025-10-09 21:24:58,158 [WARN] ConditionMgr:438 - getConditionDescription Invalid condition id : UX DEVICE CLASS RTOS Condition cause : null
2025-10-09 21:24:58,160 [WARN] PackLoader:240 - Cannot read IP mode file for STMicroelectronics.X-CUBE-AZRTOS-WB.2.0.0
2025-10-09 21:24:58,161 [WARN] ConditionMgr:1044 - genDependencies : Invalid condition id : UX DEVICE CLASS RTOS Condition cause : null
2025-10-09 21:24:58,161 [WARN] ConditionMgr:1044 - genDependencies : Invalid condition id : UX DEVICE CLASS RTOS Condition cause : null
2025-10-09 21:24:58,162 [WARN] ConditionMgr:1044 - genDependencies : Invalid condition id : UX DEVICE CLASS RTOS Condition cause : null
2025-10-09 21:24:58,163 [WARN] ConditionMgr:1044 - genDependencies : Invalid condition id : UX DEVICE CLASS RTOS Condition cause : null
2025-10-09 21:24:58,163 [WARN] ConditionMgr:1044 - genDependencies : Invalid condition id : UX DEVICE CLASS RTOS Condition cause : null
2025-10-09 21:24:58,184 [WARN] PackLoader:240 - Cannot read IP mode file for STMicroelectronics.X-CUBE-GNSS1.7.0.1
2025-10-09 21:24:58,204 [WARN] PackLoader:240 - Cannot read IP mode file for STMicroelectronics.X-CUBE-TOUCHGFX.4.25.0
2025-10-09 21:24:58,227 [WARN] PackLoader:240 - Cannot read IP mode file for STMicroelectronics.FP-SNS-STBOX1.2.0.0
2025-10-09 21:24:58,256 [WARN] PackLoader:240 - Cannot read IP mode file for STMicroelectronics.X-CUBE-SUBG2.5.0.0
2025-10-09 21:24:58,292 [WARN] PackLoader:240 - Cannot read IP mode file for STMicroelectronics.X-CUBE-AZRTOS-H7RS.1.1.0
2025-10-09 21:24:58,315 [WARN] PackLoader:240 - Cannot read IP mode file for Cesanta.I-CUBE-Mongoose.7.13.0
2025-10-09 21:24:58,347 [WARN] PackLoader:240 - Cannot read IP mode file for STMicroelectronics.X-CUBE-AZRTOS-G4.2.0.0
2025-10-09 21:24:58,365 [WARN] PackLoader:240 - Cannot read IP mode file for wolfSSL.I-CUBE-wolfSSH.1.4.20
2025-10-09 21:24:58,380 [WARN] PackLoader:240 - Cannot read IP mode file for STMicroelectronics.X-CUBE-NFC7.2.0.0
2025-10-09 21:24:58,410 [WARN] PackLoader:240 - Cannot read IP mode file for STMicroelectronics.X-CUBE-IPS.3.1.0
2025-10-09 21:24:58,434 [WARN] PackLoader:240 - Cannot read IP mode file for STMicroelectronics.X-CUBE-ALS.1.0.2
2025-10-09 21:24:58,454 [WARN] PackLoader:240 - Cannot read IP mode file for STMicroelectronics.X-CUBE-STSE01.1.0.0
2025-10-09 21:24:58,477 [WARN] PackLoader:240 - Cannot read IP mode file for portGmbH.I-Cube-SoM-uGOAL.1.1.0
2025-10-09 21:24:58,511 [WARN] PackLoader:240 - Cannot read IP mode file for STMicroelectronics.X-CUBE-TOF1.3.4.3
2025-10-09 21:24:58,518 [INFO] ThirdParty:978 - Integrity check success = true
2025-10-09 21:24:58,518 [INFO] IntegrityCheckThread:100 - exiting critical section [integrity check]
2025-10-09 21:24:58,518 [INFO] IntegrityCheckThread:103 - End integrity checks thread
2025-10-09 21:26:05,158 [ERROR] LogOutputStream:75 - [STDERR_REDIRECT] 
