2025-09-20 17:17:32,075 [INFO] Activator:176 - 


2025-09-20 17:17:32,081 [INFO] Activator:177 - !SESSION log4j initialized
2025-09-20 17:17:37,879 [INFO] LogOutputStream:77 - [STDOUT_REDIRECT] 
2025-09-20 17:17:48,615 [INFO] ApplicationProperties:184 - Using Application install path: C:\ST\STM32CubeIDE_1.14.1\STM32CubeIDE\plugins\com.st.stm32cube.common.mx_6.15.0.202507011659
2025-09-20 17:17:48,635 [INFO] DbMcusXml:78 - Set database path to: C:\ST\STM32CubeIDE_1.14.1\STM32CubeIDE\plugins\com.st.stm32cube.common.mx_6.15.0.202507011659\\db\/mcu/
2025-09-20 17:17:48,636 [INFO] ApiDb:274 - Set plugin database path to: C:\ST\STM32CubeIDE_1.14.1\STM32CubeIDE\plugins\com.st.stm32cube.common.mx_6.15.0.202507011659\\db\/plugins/boardmanager/
2025-09-20 17:17:48,636 [WARN] ApiDb:259 - Overriding images path with different value:  => C:\ST\STM32CubeIDE_1.14.1\STM32CubeIDE\plugins\com.st.stm32cube.common.mx_6.15.0.202507011659\\db\/plugins/mcufinder/images/
2025-09-20 17:17:48,654 [INFO] ApiDb:250 - Set database path to: C:\Users\eslam\.stmcufinder\plugins\mcufinder//mcu/
2025-09-20 17:17:48,656 [INFO] DbMcusAds:125 - Set database path to: C:\Users\eslam\.stmcufinder\plugins\mcufinder//mcu/
2025-09-20 17:17:48,660 [INFO] CrossReferenceDbSqlite:203 - Set database path to: C:\Users\eslam\.stmcufinder\plugins\mcufinder//mcu/cs/
2025-09-20 17:17:48,792 [INFO] RulesReader:64 - Compatibility file has been processed (317 Rules)
2025-09-20 17:17:48,899 [INFO] DbMcusXml:78 - Set database path to: C:\ST\STM32CubeIDE_1.14.1\STM32CubeIDE\plugins\com.st.stm32cube.common.mx_6.15.0.202507011659\\db\/mcu/
2025-09-20 17:17:48,899 [INFO] ApiDb:274 - Set plugin database path to: C:\ST\STM32CubeIDE_1.14.1\STM32CubeIDE\plugins\com.st.stm32cube.common.mx_6.15.0.202507011659\\db\/plugins/boardmanager/
2025-09-20 17:17:48,899 [INFO] ApiDb:261 - Set plugin images path to: C:\ST\STM32CubeIDE_1.14.1\STM32CubeIDE\plugins\com.st.stm32cube.common.mx_6.15.0.202507011659\\db\/plugins/mcufinder/images/
2025-09-20 17:17:48,899 [WARN] DbFile:41 - Overriding database path with different value: C:\Users\eslam\.stmcufinder\plugins\mcufinder/ => C:\Users\eslam\.stmcufinder\plugins\mcufinder
2025-09-20 17:17:48,899 [INFO] ApiDb:250 - Set database path to: C:\Users\eslam\.stmcufinder\plugins\mcufinder//mcu/
2025-09-20 17:17:48,900 [WARN] DbFile:41 - Overriding database path with different value: C:\Users\eslam\.stmcufinder\plugins\mcufinder/ => C:\Users\eslam\.stmcufinder\plugins\mcufinder
2025-09-20 17:17:48,900 [INFO] DbMcusAds:125 - Set database path to: C:\Users\eslam\.stmcufinder\plugins\mcufinder//mcu/
2025-09-20 17:17:48,900 [WARN] DbFile:41 - Overriding database path with different value: C:\Users\eslam\.stmcufinder\plugins\mcufinder/ => C:\Users\eslam\.stmcufinder\plugins\mcufinder
2025-09-20 17:17:48,900 [WARN] DbFile:41 - Overriding database path with different value: C:\Users\eslam\.stmcufinder\plugins\mcufinder/ => C:\Users\eslam\.stmcufinder\plugins\mcufinder
2025-09-20 17:17:48,912 [INFO] CrossReferenceDbSqlite:203 - Set database path to: C:\Users\eslam\.stmcufinder\plugins\mcufinder//mcu/cs/
2025-09-20 17:17:49,006 [INFO] MainPanel:274 - HeapMemory: 268435456
2025-09-20 17:17:49,139 [INFO] DbMcusXml:78 - Set database path to: C:\ST\STM32CubeIDE_1.14.1\STM32CubeIDE\plugins\com.st.stm32cube.common.mx_6.15.0.202507011659\\db\/mcu/
2025-09-20 17:17:49,140 [INFO] ApiDb:274 - Set plugin database path to: C:\ST\STM32CubeIDE_1.14.1\STM32CubeIDE\plugins\com.st.stm32cube.common.mx_6.15.0.202507011659\\db\/plugins/boardmanager/
2025-09-20 17:17:49,140 [INFO] ApiDb:261 - Set plugin images path to: C:\ST\STM32CubeIDE_1.14.1\STM32CubeIDE\plugins\com.st.stm32cube.common.mx_6.15.0.202507011659\\db\/plugins/mcufinder/images/
2025-09-20 17:17:49,140 [WARN] DbFile:41 - Overriding database path with different value: C:\Users\eslam\.stmcufinder\plugins\mcufinder/ => C:\Users\eslam\.stmcufinder\plugins\mcufinder
2025-09-20 17:17:49,140 [INFO] ApiDb:250 - Set database path to: C:\Users\eslam\.stmcufinder\plugins\mcufinder//mcu/
2025-09-20 17:17:49,141 [WARN] DbFile:41 - Overriding database path with different value: C:\Users\eslam\.stmcufinder\plugins\mcufinder/ => C:\Users\eslam\.stmcufinder\plugins\mcufinder
2025-09-20 17:17:49,141 [INFO] DbMcusAds:125 - Set database path to: C:\Users\eslam\.stmcufinder\plugins\mcufinder//mcu/
2025-09-20 17:17:49,141 [WARN] DbFile:41 - Overriding database path with different value: C:\Users\eslam\.stmcufinder\plugins\mcufinder/ => C:\Users\eslam\.stmcufinder\plugins\mcufinder
2025-09-20 17:17:49,141 [WARN] DbFile:41 - Overriding database path with different value: C:\Users\eslam\.stmcufinder\plugins\mcufinder/ => C:\Users\eslam\.stmcufinder\plugins\mcufinder
2025-09-20 17:17:49,141 [INFO] CrossReferenceDbSqlite:203 - Set database path to: C:\Users\eslam\.stmcufinder\plugins\mcufinder//mcu/cs/
2025-09-20 17:17:49,166 [INFO] ApplicationProperties:184 - Using Application install path: C:\ST\STM32CubeIDE_1.14.1\STM32CubeIDE\plugins\com.st.stm32cube.common.mx_6.15.0.202507011659
2025-09-20 17:17:49,168 [INFO] PluginManage:196 - Search for loadable plugins [exclusion list=, ]
2025-09-20 17:17:49,169 [INFO] PluginManage:310 - Check plugin analytics
2025-09-20 17:17:49,387 [INFO] AnalyticsPlugin:253 - Accepted Software Licenses: STM32CubeMX.6.10.0,STM32CubeMX.6.15.0
2025-09-20 17:17:49,387 [INFO] AnalyticsPlugin:255 - Accepted CMSIS Pack Licenses: 
2025-09-20 17:17:49,388 [INFO] AnalyticsPlugin:257 - Accepted Firmware Licenses: 
2025-09-20 17:17:49,388 [INFO] PluginManage:359 - Loaded plugin analytics (category:tool,tabindex:-1)
2025-09-20 17:17:49,388 [INFO] PluginManage:310 - Check plugin cadmodel
2025-09-20 17:17:49,409 [INFO] CADModel:105 - Init CAD model plugin
2025-09-20 17:17:49,409 [INFO] PluginManage:359 - Loaded plugin cadmodel (category:power,tabindex:5)
2025-09-20 17:17:49,409 [INFO] PluginManage:310 - Check plugin clock
2025-09-20 17:17:49,433 [INFO] PluginManage:359 - Loaded plugin clock (category:base,tabindex:2)
2025-09-20 17:17:49,433 [INFO] PluginManage:310 - Check plugin ddr
2025-09-20 17:17:49,436 [INFO] PluginManage:359 - Loaded plugin ddr (category:tool,tabindex:6)
2025-09-20 17:17:49,436 [INFO] PluginManage:310 - Check plugin filemanager
2025-09-20 17:17:49,615 [INFO] PluginManage:359 - Loaded plugin filemanager (category:base,tabindex:10)
2025-09-20 17:17:49,615 [INFO] PluginManage:310 - Check plugin ipmanager
2025-09-20 17:17:49,622 [INFO] PluginManage:359 - Loaded plugin ipmanager (category:base,tabindex:5)
2025-09-20 17:17:49,622 [INFO] PluginManage:310 - Check plugin lpbam
2025-09-20 17:17:49,646 [INFO] PluginManage:359 - Loaded plugin lpbam (category:base,tabindex:0)
2025-09-20 17:17:49,647 [INFO] PluginManage:310 - Check plugin memorymap
2025-09-20 17:17:49,675 [INFO] PluginManage:359 - Loaded plugin memorymap (category:base,tabindex:4)
2025-09-20 17:17:49,676 [INFO] PluginManage:310 - Check plugin pinoutandconfiguration
2025-09-20 17:17:49,699 [INFO] PluginManage:359 - Loaded plugin pinoutandconfiguration (category:base,tabindex:1)
2025-09-20 17:17:49,699 [INFO] PluginManage:310 - Check plugin pinoutconfig
2025-09-20 17:17:49,812 [WARN] SupportedApi:132 - Cannot load RTOS API schema: s4s-elt-must-match.1: The content of 'definitions' must match (annotation?, (simpleType | complexType)?, (unique | key | keyref)*)). A problem was found starting at: attribute.
2025-09-20 17:17:50,019 [INFO] PluginManage:359 - Loaded plugin pinoutconfig (category:base,tabindex:0)
2025-09-20 17:17:50,019 [INFO] PluginManage:310 - Check plugin power
2025-09-20 17:17:50,063 [INFO] PluginManage:359 - Loaded plugin power (category:power,tabindex:4)
2025-09-20 17:17:50,063 [INFO] PluginManage:310 - Check plugin projectmanager
2025-09-20 17:17:50,092 [INFO] PluginManage:359 - Loaded plugin projectmanager (category:projectmanager,tabindex:4)
2025-09-20 17:17:50,092 [INFO] PluginManage:310 - Check plugin rif
2025-09-20 17:17:50,119 [INFO] PluginManage:359 - Loaded plugin rif (category:base,tabindex:3)
2025-09-20 17:17:50,119 [INFO] PluginManage:310 - Check plugin thirdparty
2025-09-20 17:17:50,519 [INFO] PluginManage:359 - Loaded plugin thirdparty (category:base,tabindex:-1)
2025-09-20 17:17:50,519 [INFO] PluginManage:310 - Check plugin tools
2025-09-20 17:17:50,519 [WARN] IntegrityCheckThread:84 - waiting for thirdparty lock release [integrity check]
2025-09-20 17:17:50,519 [INFO] IntegrityCheckThread:86 - entering critical section [integrity check]
2025-09-20 17:17:50,520 [INFO] ThirdPartyUpdaterWithRetryManager:70 - Updater plugin not ready yet. [1/15]
2025-09-20 17:17:50,573 [INFO] PluginManage:359 - Loaded plugin tools (category:base,tabindex:7)
2025-09-20 17:17:50,573 [INFO] PluginManage:310 - Check plugin tutovideos
2025-09-20 17:17:50,919 [INFO] PluginManage:359 - Loaded plugin tutovideos (category:base,tabindex:-1)
2025-09-20 17:17:50,919 [INFO] PluginManage:310 - Check plugin updater
2025-09-20 17:17:50,952 [INFO] PluginManage:359 - Loaded plugin updater (category:base,tabindex:12)
2025-09-20 17:17:50,953 [INFO] PluginManage:310 - Check plugin userauth
2025-09-20 17:17:50,962 [INFO] UserAuth:118 - Init User Auth plugin
2025-09-20 17:17:50,963 [INFO] PluginManage:359 - Loaded plugin userauth (category:base,tabindex:14)
2025-09-20 17:17:50,964 [INFO] PluginManage:283 - PluginManage : Loaded plugins [18]
2025-09-20 17:17:51,223 [INFO] PinOutPanel:1589 - setPackage(No Configuration,No Configuration)
2025-09-20 17:17:51,329 [INFO] CADModel:165 - CPN selected for project level
2025-09-20 17:17:51,329 [INFO] CADModel:114 - Register for checkConnection events
2025-09-20 17:17:51,366 [INFO] IPUIPlugin:80 - create IPUIPlugin
2025-09-20 17:17:51,366 [INFO] PluginManager:220 - loadIPPluginJar : add adc
2025-09-20 17:17:51,420 [INFO] IPUIPlugin:80 - create IPUIPlugin
2025-09-20 17:17:51,421 [INFO] PluginManager:220 - loadIPPluginJar : add aes
2025-09-20 17:17:51,493 [INFO] IPUIPlugin:80 - create IPUIPlugin
2025-09-20 17:17:51,493 [INFO] PluginManager:220 - loadIPPluginJar : add can
2025-09-20 17:17:51,545 [INFO] IPUIPlugin:80 - create IPUIPlugin
2025-09-20 17:17:51,545 [INFO] PluginManager:220 - loadIPPluginJar : add comp
2025-09-20 17:17:51,597 [INFO] IPUIPlugin:80 - create IPUIPlugin
2025-09-20 17:17:51,597 [INFO] PluginManager:220 - loadIPPluginJar : add cryp
2025-09-20 17:17:51,613 [INFO] IPUIPlugin:80 - create IPUIPlugin
2025-09-20 17:17:51,614 [INFO] PluginManager:220 - loadIPPluginJar : add ddr_ctrl_phy
2025-09-20 17:17:51,657 [INFO] IPUIPlugin:80 - create IPUIPlugin
2025-09-20 17:17:51,657 [INFO] PluginManager:220 - loadIPPluginJar : add dfsdm
2025-09-20 17:17:51,675 [INFO] IPUIPlugin:80 - create IPUIPlugin
2025-09-20 17:17:51,676 [INFO] PluginManager:220 - loadIPPluginJar : add dma
2025-09-20 17:17:51,740 [INFO] IPUIPlugin:80 - create IPUIPlugin
2025-09-20 17:17:51,740 [INFO] PluginManager:220 - loadIPPluginJar : add dma3
2025-09-20 17:17:51,807 [INFO] IPUIPlugin:80 - create IPUIPlugin
2025-09-20 17:17:51,807 [INFO] PluginManager:220 - loadIPPluginJar : add extmemmanager
2025-09-20 17:17:51,844 [INFO] IPUIPlugin:80 - create IPUIPlugin
2025-09-20 17:17:51,844 [INFO] PluginManager:220 - loadIPPluginJar : add fatfs
2025-09-20 17:17:51,908 [INFO] IPUIPlugin:80 - create IPUIPlugin
2025-09-20 17:17:51,908 [INFO] PluginManager:220 - loadIPPluginJar : add fmc
2025-09-20 17:17:51,928 [INFO] IPUIPlugin:80 - create IPUIPlugin
2025-09-20 17:17:51,929 [INFO] PluginManager:220 - loadIPPluginJar : add freertos
2025-09-20 17:17:51,961 [INFO] IPUIPlugin:80 - create IPUIPlugin
2025-09-20 17:17:51,961 [INFO] PluginManager:220 - loadIPPluginJar : add genericplugin
2025-09-20 17:17:52,134 [INFO] IPUIPlugin:80 - create IPUIPlugin
2025-09-20 17:17:52,134 [INFO] PluginManager:220 - loadIPPluginJar : add gfxmmu
2025-09-20 17:17:52,401 [INFO] IPUIPlugin:80 - create IPUIPlugin
2025-09-20 17:17:52,401 [INFO] PluginManager:220 - loadIPPluginJar : add gic
2025-09-20 17:17:52,419 [INFO] IPUIPlugin:80 - create IPUIPlugin
2025-09-20 17:17:52,419 [INFO] PluginManager:220 - loadIPPluginJar : add gpio
2025-09-20 17:17:52,559 [INFO] IPUIPlugin:80 - create IPUIPlugin
2025-09-20 17:17:52,559 [INFO] PluginManager:220 - loadIPPluginJar : add gtzc
2025-09-20 17:17:52,633 [INFO] IPUIPlugin:80 - create IPUIPlugin
2025-09-20 17:17:52,633 [INFO] PluginManager:220 - loadIPPluginJar : add hash
2025-09-20 17:17:52,714 [INFO] IPUIPlugin:80 - create IPUIPlugin
2025-09-20 17:17:52,714 [INFO] PluginManager:220 - loadIPPluginJar : add i2c
2025-09-20 17:17:52,771 [INFO] IPUIPlugin:80 - create IPUIPlugin
2025-09-20 17:17:52,771 [INFO] PluginManager:220 - loadIPPluginJar : add i2s
2025-09-20 17:17:52,830 [INFO] IPUIPlugin:80 - create IPUIPlugin
2025-09-20 17:17:52,830 [INFO] PluginManager:220 - loadIPPluginJar : add i3c
2025-09-20 17:17:52,997 [INFO] IPUIPlugin:80 - create IPUIPlugin
2025-09-20 17:17:52,997 [INFO] PluginManager:220 - loadIPPluginJar : add ipddr
2025-09-20 17:17:53,163 [INFO] IPUIPlugin:80 - create IPUIPlugin
2025-09-20 17:17:53,163 [INFO] PluginManager:220 - loadIPPluginJar : add linkedlist
2025-09-20 17:17:53,222 [INFO] IPUIPlugin:80 - create IPUIPlugin
2025-09-20 17:17:53,223 [INFO] PluginManager:220 - loadIPPluginJar : add lorawan
2025-09-20 17:17:53,278 [INFO] IPUIPlugin:80 - create IPUIPlugin
2025-09-20 17:17:53,278 [INFO] PluginManager:220 - loadIPPluginJar : add ltdc
2025-09-20 17:17:53,304 [INFO] IPUIPlugin:80 - create IPUIPlugin
2025-09-20 17:17:53,304 [INFO] PluginManager:220 - loadIPPluginJar : add mdma
2025-09-20 17:17:53,324 [INFO] IPUIPlugin:80 - create IPUIPlugin
2025-09-20 17:17:53,324 [INFO] PluginManager:220 - loadIPPluginJar : add nvic
2025-09-20 17:17:53,382 [INFO] IPUIPlugin:80 - create IPUIPlugin
2025-09-20 17:17:53,382 [INFO] PluginManager:220 - loadIPPluginJar : add opamp
2025-09-20 17:17:53,473 [INFO] IPUIPlugin:80 - create IPUIPlugin
2025-09-20 17:17:53,473 [INFO] PluginManager:220 - loadIPPluginJar : add openamp
2025-09-20 17:17:53,523 [INFO] ThirdPartyUpdaterWithRetryManager:70 - Updater plugin not ready yet. [2/15]
2025-09-20 17:17:53,536 [INFO] IPUIPlugin:80 - create IPUIPlugin
2025-09-20 17:17:53,536 [INFO] PluginManager:220 - loadIPPluginJar : add pdm2pcm
2025-09-20 17:17:53,555 [INFO] IPUIPlugin:80 - create IPUIPlugin
2025-09-20 17:17:53,557 [INFO] PluginManager:220 - loadIPPluginJar : add plateformsettings
2025-09-20 17:17:53,596 [INFO] IPUIPlugin:80 - create IPUIPlugin
2025-09-20 17:17:53,596 [INFO] PluginManager:220 - loadIPPluginJar : add quadspi
2025-09-20 17:17:53,638 [INFO] IPUIPlugin:80 - create IPUIPlugin
2025-09-20 17:17:53,638 [INFO] PluginManager:220 - loadIPPluginJar : add radio
2025-09-20 17:17:53,658 [INFO] IPUIPlugin:80 - create IPUIPlugin
2025-09-20 17:17:53,658 [INFO] PluginManager:220 - loadIPPluginJar : add resmgrutility
2025-09-20 17:17:53,726 [INFO] IPUIPlugin:80 - create IPUIPlugin
2025-09-20 17:17:53,727 [INFO] PluginManager:220 - loadIPPluginJar : add sai
2025-09-20 17:17:53,799 [INFO] IPUIPlugin:80 - create IPUIPlugin
2025-09-20 17:17:53,799 [INFO] PluginManager:220 - loadIPPluginJar : add spi
2025-09-20 17:17:53,913 [INFO] IPUIPlugin:80 - create IPUIPlugin
2025-09-20 17:17:53,913 [INFO] PluginManager:220 - loadIPPluginJar : add stm32_wpan
2025-09-20 17:17:53,953 [INFO] IPUIPlugin:80 - create IPUIPlugin
2025-09-20 17:17:53,953 [INFO] PluginManager:220 - loadIPPluginJar : add tim
2025-09-20 17:17:54,046 [INFO] IPUIPlugin:80 - create IPUIPlugin
2025-09-20 17:17:54,046 [INFO] PluginManager:220 - loadIPPluginJar : add touchsensing
2025-09-20 17:17:54,085 [INFO] IPUIPlugin:80 - create IPUIPlugin
2025-09-20 17:17:54,085 [INFO] PluginManager:220 - loadIPPluginJar : add tracer_emb
2025-09-20 17:17:54,120 [INFO] IPUIPlugin:80 - create IPUIPlugin
2025-09-20 17:17:54,121 [INFO] PluginManager:220 - loadIPPluginJar : add ts
2025-09-20 17:17:54,154 [INFO] IPUIPlugin:80 - create IPUIPlugin
2025-09-20 17:17:54,154 [INFO] PluginManager:220 - loadIPPluginJar : add tsc
2025-09-20 17:17:54,187 [INFO] IPUIPlugin:80 - create IPUIPlugin
2025-09-20 17:17:54,188 [INFO] PluginManager:220 - loadIPPluginJar : add ucpd
2025-09-20 17:17:54,251 [INFO] IPUIPlugin:80 - create IPUIPlugin
2025-09-20 17:17:54,252 [INFO] PluginManager:220 - loadIPPluginJar : add usart
2025-09-20 17:17:54,328 [INFO] IPUIPlugin:80 - create IPUIPlugin
2025-09-20 17:17:54,328 [INFO] PluginManager:220 - loadIPPluginJar : add usbx
2025-09-20 17:17:54,468 [FATAL] Updater:351 - Updater called before beeing initialized
2025-09-20 17:17:54,531 [INFO] RulesReader:64 - Compatibility file has been processed (317 Rules)
2025-09-20 17:17:54,551 [INFO] RulesReader:64 - Compatibility file has been processed (317 Rules)
2025-09-20 17:17:54,561 [INFO] CADModel:165 - CPN selected for project level
2025-09-20 17:17:54,562 [INFO] CADModel:114 - Register for checkConnection events
2025-09-20 17:17:54,562 [FATAL] Updater:351 - Updater called before beeing initialized
2025-09-20 17:17:54,562 [ERROR] CADModel:125 - Updater not yet initialized, retry later 
2025-09-20 17:17:54,744 [FATAL] Updater:351 - Updater called before beeing initialized
2025-09-20 17:17:54,747 [INFO] CADModel:165 - CPN selected for project level
2025-09-20 17:17:54,747 [INFO] CADModel:114 - Register for checkConnection events
2025-09-20 17:17:54,747 [FATAL] Updater:351 - Updater called before beeing initialized
2025-09-20 17:17:54,747 [ERROR] CADModel:125 - Updater not yet initialized, retry later 
2025-09-20 17:17:54,750 [FATAL] Updater:351 - Updater called before beeing initialized
2025-09-20 17:17:54,890 [FATAL] Updater:351 - Updater called before beeing initialized
2025-09-20 17:17:54,907 [INFO] DbMcusAds:53 - JSON generation date=Tue Jul 08 01:14:23 PDT 2025 (1751962463524)
2025-09-20 17:17:54,907 [FATAL] Updater:351 - Updater called before beeing initialized
2025-09-20 17:17:54,960 [WARN] DetailPanel:346 - Failed to get advertising image, set to default
2025-09-20 17:17:55,049 [FATAL] Updater:351 - Updater called before beeing initialized
2025-09-20 17:17:55,052 [FATAL] Updater:351 - Updater called before beeing initialized
2025-09-20 17:17:55,052 [FATAL] Updater:351 - Updater called before beeing initialized
2025-09-20 17:17:55,052 [WARN] DetailPanel:346 - Failed to get advertising image, set to default
2025-09-20 17:17:55,053 [FATAL] Updater:351 - Updater called before beeing initialized
2025-09-20 17:17:55,128 [ERROR] Updater:1198 - MainUpdater not yet initialized. External WinMGr cannot be set.
2025-09-20 17:17:55,141 [INFO] Updater:1134 - Updater Version found : 6.15.0
2025-09-20 17:17:55,157 [INFO] ApplicationProperties:184 - Using Application install path: C:\ST\STM32CubeIDE_1.14.1\STM32CubeIDE\plugins\com.st.stm32cube.common.mx_6.15.0.202507011659
2025-09-20 17:17:56,525 [INFO] ThirdPartyUpdaterWithRetryManager:70 - Updater plugin not ready yet. [3/15]
2025-09-20 17:17:56,773 [ERROR] LogOutputStream:75 - [STDERR_REDIRECT] Sep 20, 2025 5:17:56 PM java.util.prefs.WindowsPreferences <init>
2025-09-20 17:17:56,777 [ERROR] LogOutputStream:75 - [STDERR_REDIRECT] WARNING: Could not open/create prefs root node Software\JavaSoft\Prefs at root 0xffffffff80000002. Windows RegCreateKeyEx(...) returned error code 5.
2025-09-20 17:17:56,777 [ERROR] LogOutputStream:75 - [STDERR_REDIRECT] 
2025-09-20 17:17:58,719 [INFO] MainUpdater:2872 - connection check result : 10
2025-09-20 17:17:58,720 [INFO] MainUpdater:3604 - Updater definition file requires update
2025-09-20 17:17:58,722 [INFO] MainUpdater:289 - Updater Check For Update Now.
2025-09-20 17:17:58,723 [INFO] MicroXplorer:498 - Change Database Version : DB.6.0.150
2025-09-20 17:17:58,775 [INFO] McuFinderGlobals:63 - Set McuFinder mode to 2 (CubeIDE integrated)
2025-09-20 17:17:58,775 [INFO] UserAuth:171 - activating auth plugin
2025-09-20 17:17:58,781 [INFO] UserAuth:487 - Internet connection configuration mode: 1
2025-09-20 17:17:58,842 [INFO] JxBrowserEngine:152 - Initiate JxBrowser Engine with user profile folder
2025-09-20 17:17:59,527 [WARN] MainUpdater:1193 - Updater busy. Cannot search thirdparties
2025-09-20 17:17:59,528 [INFO] ThirdPartyUpdaterWithRetryManager:96 - Updater plugin is busy. [1/15]
2025-09-20 17:17:59,737 [INFO] ServerAccessManage:452 - Complete download http(s) 200
2025-09-20 17:17:59,739 [INFO] ServerAccessManage:509 - Download File updaters.zip
2025-09-20 17:18:01,012 [INFO] FileExtend:248 - Unzip File : updaters.zip
2025-09-20 17:18:01,012 [INFO] FileExtend:263 - Standard Zip Deflate
2025-09-20 17:18:01,433 [INFO] WebApp:169 - Instantiating new browser for Auth
2025-09-20 17:18:02,490 [INFO] ServerAccessManage:452 - Complete download http(s) 200
2025-09-20 17:18:02,491 [INFO] ServerAccessManage:509 - Download File PacksControlFlags.xml
2025-09-20 17:18:02,529 [WARN] MainUpdater:1193 - Updater busy. Cannot search thirdparties
2025-09-20 17:18:02,529 [INFO] ThirdPartyUpdaterWithRetryManager:96 - Updater plugin is busy. [2/15]
2025-09-20 17:18:02,936 [INFO] ServerAccessManage:452 - Complete download http(s) 200
2025-09-20 17:18:02,937 [INFO] ServerAccessManage:509 - Download File cubemx.pidx
2025-09-20 17:18:03,183 [INFO] WebApp:463 - Apply proxy settings
2025-09-20 17:18:03,184 [INFO] WebApp:548 - Chromium requires no authentication
2025-09-20 17:18:03,236 [INFO] WebApp:491 - Direct internet connection detected
2025-09-20 17:18:03,335 [INFO] WebApp:900 - Register for checkConnection events
2025-09-20 17:18:03,335 [INFO] WebApp:463 - Apply proxy settings
2025-09-20 17:18:03,335 [INFO] WebApp:548 - Chromium requires no authentication
2025-09-20 17:18:03,336 [INFO] WebApp:491 - Direct internet connection detected
2025-09-20 17:18:03,777 [INFO] WebApp:191 - Connection restablished
2025-09-20 17:18:03,845 [INFO] WebApp:225 - Starting web application
2025-09-20 17:18:03,846 [INFO] WebApp:593 - Web application path used C:\ST\STM32CubeIDE_1.14.1\STM32CubeIDE\plugins\com.st.stm32cube.common.mx_6.15.0.202507011659\db\plugins\mcufinder\reactClient1\index.html
2025-09-20 17:18:04,855 [INFO] ServerAccessManage:452 - Complete download http(s) 200
2025-09-20 17:18:04,855 [INFO] ServerAccessManage:509 - Download File STMicroelectronics.X-CUBE-STSE01.pdsc
2025-09-20 17:18:04,993 [ERROR] LogOutputStream:75 - [STDERR_REDIRECT] [Fatal Error] STMicroelectronics.X-CUBE-STSE01.pdsc:36:5: The element type "link" must be terminated by the matching end-tag "</link>".
2025-09-20 17:18:04,994 [ERROR] LogOutputStream:75 - [STDERR_REDIRECT] 
2025-09-20 17:18:04,994 [INFO] LogOutputStream:77 - [STDOUT_REDIRECT] The element type "link" must be terminated by the matching end-tag "</link>".
2025-09-20 17:18:05,015 [ERROR] LogOutputStream:75 - [STDERR_REDIRECT] [Fatal Error] STMicroelectronics.X-CUBE-STSE01.pdsc:36:5: The element type "link" must be terminated by the matching end-tag "</link>".
2025-09-20 17:18:05,015 [ERROR] LogOutputStream:75 - [STDERR_REDIRECT] 
2025-09-20 17:18:05,015 [INFO] LogOutputStream:77 - [STDOUT_REDIRECT] The element type "link" must be terminated by the matching end-tag "</link>".
2025-09-20 17:18:05,530 [WARN] MainUpdater:1193 - Updater busy. Cannot search thirdparties
2025-09-20 17:18:05,530 [INFO] ThirdPartyUpdaterWithRetryManager:96 - Updater plugin is busy. [3/15]
2025-09-20 17:18:06,529 [INFO] ServerAccessManage:452 - Complete download http(s) 200
2025-09-20 17:18:06,530 [INFO] ServerAccessManage:509 - Download File wolfSSL.I-CUBE-wolfSSL.pdsc
2025-09-20 17:18:08,531 [WARN] MainUpdater:1193 - Updater busy. Cannot search thirdparties
2025-09-20 17:18:08,531 [INFO] ThirdPartyUpdaterWithRetryManager:96 - Updater plugin is busy. [4/15]
2025-09-20 17:18:10,272 [INFO] ServerAccessManage:452 - Complete download http(s) 200
2025-09-20 17:18:10,272 [INFO] ServerAccessManage:509 - Download File wolfSSL.I-CUBE-wolfMQTT.pdsc
2025-09-20 17:18:11,279 [INFO] ServerAccessManage:452 - Complete download http(s) 200
2025-09-20 17:18:11,280 [INFO] ServerAccessManage:509 - Download File wolfSSL.I-CUBE-wolfTPM.pdsc
2025-09-20 17:18:11,533 [WARN] MainUpdater:1193 - Updater busy. Cannot search thirdparties
2025-09-20 17:18:11,533 [INFO] ThirdPartyUpdaterWithRetryManager:96 - Updater plugin is busy. [5/15]
2025-09-20 17:18:11,994 [INFO] ServerAccessManage:452 - Complete download http(s) 200
2025-09-20 17:18:11,994 [INFO] ServerAccessManage:509 - Download File wolfSSL.I-CUBE-wolfSSH.pdsc
2025-09-20 17:18:13,479 [ERROR] ServerAccessManage:1295 - Problem during Server Connection :  IO error PKIX path building failed: sun.security.provider.certpath.SunCertPathBuilderException: unable to find valid certification path to requested target
2025-09-20 17:18:13,479 [ERROR] ServerAccessManage:740 - Problem during Server Connection :  : Avnet-IotConnect.X-CUBE-IoTC-DA16k-PMOD.pdsc.
2025-09-20 17:18:13,583 [ERROR] LogOutputStream:75 - [STDERR_REDIRECT] [Fatal Error] STMicroelectronics.X-CUBE-STSE01.pdsc:36:5: The element type "link" must be terminated by the matching end-tag "</link>".
2025-09-20 17:18:13,588 [ERROR] LogOutputStream:75 - [STDERR_REDIRECT] 
2025-09-20 17:18:13,592 [INFO] LogOutputStream:77 - [STDOUT_REDIRECT] The element type "link" must be terminated by the matching end-tag "</link>".
2025-09-20 17:18:13,593 [WARN] PopulateThirdPartyThread:106 - Error when creating pack: C:/Users/eslam/.stm32cubemx/thirdparties/pdsc/STMicroelectronics.X-CUBE-STSE01.pdsc
2025-09-20 17:18:13,630 [WARN] PackLoader:240 - Cannot read IP mode file for wolfSSL.I-CUBE-wolfSSL.5.8.2
2025-09-20 17:18:13,637 [WARN] PackLoader:240 - Cannot read IP mode file for wolfSSL.I-CUBE-wolfMQTT.1.19.2
2025-09-20 17:18:13,643 [WARN] PackLoader:240 - Cannot read IP mode file for wolfSSL.I-CUBE-wolfTPM.3.8.0
2025-09-20 17:18:13,648 [WARN] PackLoader:240 - Cannot read IP mode file for wolfSSL.I-CUBE-wolfSSH.1.4.20
2025-09-20 17:18:13,649 [INFO] PopulateThirdPartyThread:66 - Ending populate Thread
2025-09-20 17:18:13,651 [INFO] ThirdParty:1030 - CMSIS Pack Vendor :wolfSSL I-CUBE-wolfTPM 3.8.0
2025-09-20 17:18:13,651 [INFO] ThirdParty:1030 - CMSIS Pack Vendor :wolfSSL I-CUBE-wolfSSH 1.4.20
2025-09-20 17:18:13,651 [INFO] ThirdParty:1030 - CMSIS Pack Vendor :wolfSSL I-CUBE-wolfSSL 5.8.2
2025-09-20 17:18:13,651 [INFO] ThirdParty:1030 - CMSIS Pack Vendor :wolfSSL I-CUBE-wolfMQTT 1.19.2
2025-09-20 17:18:13,652 [INFO] LoadServerUpdatesThread:375 - End of LoadServerUpdate Thread
2025-09-20 17:18:13,775 [INFO] CheckServerUpdateThread:120 - End of CheckServer Thread
2025-09-20 17:18:14,803 [WARN] PackLoader:240 - Cannot read IP mode file for STMicroelectronics.FP-SNS-MOTENVWB1.1.4.0
2025-09-20 17:18:14,811 [WARN] PackLoader:240 - Cannot read IP mode file for STMicroelectronics.FP-ATR-ASTRA1.2.0.2
2025-09-20 17:18:14,829 [WARN] PackLoader:240 - Cannot read IP mode file for STMicroelectronics.X-CUBE-SMBUS.2.1.0
2025-09-20 17:18:14,845 [WARN] PackLoader:240 - Cannot read IP mode file for STMicroelectronics.X-CUBE-ST60.1.0.0
2025-09-20 17:18:14,889 [WARN] PackLoader:240 - Cannot read IP mode file for STMicroelectronics.X-CUBE-AZRTOS-F7.1.1.0
2025-09-20 17:18:14,929 [WARN] PackLoader:240 - Cannot read IP mode file for Infineon.AIROC-Wi-Fi-Bluetooth-STM32.1.7.1
2025-09-20 17:18:14,978 [WARN] PackLoader:240 - Cannot read IP mode file for STMicroelectronics.X-CUBE-AZRTOS-H7.3.4.0
2025-09-20 17:18:15,005 [WARN] PackLoader:240 - Cannot read IP mode file for STMicroelectronics.X-CUBE-DISPLAY.3.0.0
2025-09-20 17:18:15,033 [WARN] PackLoader:240 - Cannot read IP mode file for STMicroelectronics.X-CUBE-NFC10.1.0.0
2025-09-20 17:18:15,053 [WARN] PackLoader:240 - Cannot read IP mode file for emotas.I-CUBE-CANOPEN.1.3.0
2025-09-20 17:18:15,059 [WARN] ConditionMgr:438 - getConditionDescription Invalid condition id : Cortex-A Device cause : null
2025-09-20 17:18:15,085 [WARN] ConditionMgr:1044 - genDependencies : Invalid condition id : Cortex-A Device cause : null
2025-09-20 17:18:15,085 [WARN] ConditionMgr:1044 - genDependencies : Invalid condition id : Cortex-A Device cause : null
2025-09-20 17:18:15,085 [WARN] ConditionMgr:1044 - genDependencies : Invalid condition id : Cortex-A Device cause : null
2025-09-20 17:18:15,104 [WARN] PackLoader:240 - Cannot read IP mode file for STMicroelectronics.FP-SNS-STBOX1.2.1.0
2025-09-20 17:18:15,123 [WARN] PackLoader:240 - Cannot read IP mode file for STMicroelectronics.FP-SNS-SMARTAG2.1.2.0
2025-09-20 17:18:15,129 [WARN] PackLoader:240 - Cannot read IP mode file for STMicroelectronics.FP-SNS-FLIGHT1.5.1.0
2025-09-20 17:18:15,155 [INFO] LogOutputStream:77 - [STDOUT_REDIRECT] 1 : Invalid condition id : UX_CORESTACK_Condition cause : null
2025-09-20 17:18:15,157 [INFO] LogOutputStream:77 - [STDOUT_REDIRECT] 1 : Invalid condition id : UX_CORESTACK_Condition cause : null
2025-09-20 17:18:15,158 [INFO] LogOutputStream:77 - [STDOUT_REDIRECT] 1 : Invalid condition id : UX_CORESTACK_Condition cause : null
2025-09-20 17:18:15,160 [INFO] LogOutputStream:77 - [STDOUT_REDIRECT] 1 : Invalid condition id : UX_CORESTACK_Condition cause : null
2025-09-20 17:18:15,160 [INFO] LogOutputStream:77 - [STDOUT_REDIRECT] 1 : Invalid condition id : UX_CORESTACK_Condition cause : null
2025-09-20 17:18:15,163 [WARN] PackLoader:240 - Cannot read IP mode file for STMicroelectronics.X-CUBE-AZRTOS-WL.2.0.0
2025-09-20 17:18:15,181 [WARN] PackLoader:240 - Cannot read IP mode file for STMicroelectronics.FP-SNS-MOTENV1.5.0.0
2025-09-20 17:18:15,204 [WARN] PackLoader:240 - Cannot read IP mode file for WES.I-CUBE-Cesium.1.3.0
2025-09-20 17:18:15,224 [WARN] PackLoader:240 - Cannot read IP mode file for STMicroelectronics.X-CUBE-BLE2.3.3.0
2025-09-20 17:18:15,244 [WARN] PackLoader:240 - Cannot read IP mode file for STMicroelectronics.X-CUBE-NFC9.1.0.0
2025-09-20 17:18:15,250 [WARN] PackLoader:240 - Cannot read IP mode file for wolfSSL.I-CUBE-wolfSSL.5.8.2
2025-09-20 17:18:15,272 [WARN] PackLoader:240 - Cannot read IP mode file for STMicroelectronics.X-CUBE-BLE1.7.1.0
2025-09-20 17:18:15,277 [WARN] PackLoader:240 - Cannot read IP mode file for wolfSSL.I-CUBE-wolfMQTT.1.19.2
2025-09-20 17:18:15,296 [WARN] PackLoader:240 - Cannot read IP mode file for STMicroelectronics.X-CUBE-EEPRMA1.5.2.0
2025-09-20 17:18:15,315 [WARN] PackLoader:240 - Cannot read IP mode file for STMicroelectronics.X-CUBE-AI.10.1.0
2025-09-20 17:18:15,347 [WARN] PackLoader:240 - Cannot read IP mode file for STMicroelectronics.X-CUBE-AZRTOS-G0.1.1.0
2025-09-20 17:18:15,367 [WARN] PackLoader:240 - Cannot read IP mode file for STMicroelectronics.X-CUBE-SAFEA1.1.2.2
2025-09-20 17:18:15,386 [WARN] PackLoader:240 - Cannot read IP mode file for STMicroelectronics.X-CUBE-NFC4.3.0.0
2025-09-20 17:18:15,406 [WARN] PackLoader:240 - Cannot read IP mode file for EmbeddedOffice.I-CUBE-FS-RTOS.1.0.1
2025-09-20 17:18:15,425 [WARN] PackLoader:240 - Cannot read IP mode file for STMicroelectronics.X-CUBE-WB05N.2.0.0
2025-09-20 17:18:15,428 [WARN] PackLoader:240 - Cannot read IP mode file for wolfSSL.I-CUBE-wolfTPM.3.8.0
2025-09-20 17:18:15,445 [WARN] PackLoader:240 - Cannot read IP mode file for STMicroelectronics.X-CUBE-TCPP.4.2.0
2025-09-20 17:18:15,462 [WARN] PackLoader:240 - Cannot read IP mode file for RealThread.X-CUBE-RT-Thread_Nano.4.1.1
2025-09-20 17:18:15,467 [WARN] PackLoader:240 - Cannot read IP mode file for STMicroelectronics.FP-ATR-SIGFOX1.3.2.0
2025-09-20 17:18:15,485 [WARN] PackLoader:240 - Cannot read IP mode file for ITTIA_DB.I-CUBE-ITTIADB.8.9.0
2025-09-20 17:18:15,503 [WARN] PackLoader:240 - Cannot read IP mode file for STMicroelectronics.X-CUBE-ST67W61.1.0.0
2025-09-20 17:18:15,521 [WARN] PackLoader:240 - Cannot read IP mode file for STMicroelectronics.X-CUBE-AI.10.2.0
2025-09-20 17:18:15,555 [WARN] PackLoader:240 - Cannot read IP mode file for SEGGER.I-CUBE-embOS.1.3.1
2025-09-20 17:18:15,602 [WARN] PackLoader:240 - Cannot read IP mode file for STMicroelectronics.X-CUBE-ALGOBUILD.1.4.0
2025-09-20 17:18:15,696 [WARN] PackLoader:240 - Cannot read IP mode file for STMicroelectronics.X-CUBE-MEMS1.11.3.0
2025-09-20 17:18:15,846 [WARN] PackLoader:240 - Cannot read IP mode file for STMicroelectronics.X-CUBE-PM33A1.1.0.0
2025-09-20 17:18:15,879 [WARN] PackLoader:240 - Cannot read IP mode file for STMicroelectronics.X-CUBE-AZRTOS-F4.1.1.0
2025-09-20 17:18:15,896 [WARN] PackLoader:240 - Cannot read IP mode file for STMicroelectronics.X-CUBE-ISPU.2.1.0
2025-09-20 17:18:15,913 [WARN] PackLoader:240 - Cannot read IP mode file for STMicroelectronics.X-CUBE-NFC12.1.0.0
2025-09-20 17:18:15,943 [WARN] PackLoader:240 - Cannot read IP mode file for STMicroelectronics.X-CUBE-AZRTOS-L5.2.0.0
2025-09-20 17:18:15,967 [WARN] PackLoader:240 - Cannot read IP mode file for STMicroelectronics.X-CUBE-NFC6.3.1.0
2025-09-20 17:18:15,989 [WARN] PackLoader:240 - Cannot read IP mode file for STMicroelectronics.X-CUBE-FREERTOS.1.3.1
2025-09-20 17:18:16,009 [WARN] PackLoader:240 - Cannot read IP mode file for STMicroelectronics.FP-SNS-STAIOTCFT.1.0.0
2025-09-20 17:18:16,028 [WARN] PackLoader:240 - Cannot read IP mode file for STMicroelectronics.X-CUBE-DPower.1.3.0
2025-09-20 17:18:16,063 [WARN] ConditionMgr:438 - getConditionDescription Invalid condition id : LAN8742 Phy interface Condition cause : null
2025-09-20 17:18:16,063 [WARN] PackLoader:240 - Cannot read IP mode file for STMicroelectronics.X-CUBE-AZRTOS-L4.2.0.0
2025-09-20 17:18:16,064 [WARN] ConditionMgr:1044 - genDependencies : Invalid condition id : LAN8742 Phy interface Condition cause : null
2025-09-20 17:18:16,064 [WARN] ConditionMgr:1044 - genDependencies : Invalid condition id : LAN8742 Phy interface Condition cause : null
2025-09-20 17:18:16,065 [WARN] ConditionMgr:1044 - genDependencies : Invalid condition id : LAN8742 Phy interface Condition cause : null
2025-09-20 17:18:16,085 [WARN] PackLoader:240 - Cannot read IP mode file for STMicroelectronics.X-CUBE-SFXS2LP1.4.0.0
2025-09-20 17:18:16,105 [WARN] PackLoader:240 - Cannot read IP mode file for STMicroelectronics.X-CUBE-BLEMGR.4.1.0
2025-09-20 17:18:16,137 [WARN] ConditionMgr:438 - getConditionDescription Invalid condition id : UX DEVICE CLASS RTOS Condition cause : null
2025-09-20 17:18:16,137 [WARN] ConditionMgr:438 - getConditionDescription Invalid condition id : UX DEVICE CLASS RTOS Condition cause : null
2025-09-20 17:18:16,139 [WARN] PackLoader:240 - Cannot read IP mode file for STMicroelectronics.X-CUBE-AZRTOS-WB.2.0.0
2025-09-20 17:18:16,139 [WARN] ConditionMgr:1044 - genDependencies : Invalid condition id : UX DEVICE CLASS RTOS Condition cause : null
2025-09-20 17:18:16,140 [WARN] ConditionMgr:1044 - genDependencies : Invalid condition id : UX DEVICE CLASS RTOS Condition cause : null
2025-09-20 17:18:16,140 [WARN] ConditionMgr:1044 - genDependencies : Invalid condition id : UX DEVICE CLASS RTOS Condition cause : null
2025-09-20 17:18:16,141 [WARN] ConditionMgr:1044 - genDependencies : Invalid condition id : UX DEVICE CLASS RTOS Condition cause : null
2025-09-20 17:18:16,141 [WARN] ConditionMgr:1044 - genDependencies : Invalid condition id : UX DEVICE CLASS RTOS Condition cause : null
2025-09-20 17:18:16,163 [WARN] PackLoader:240 - Cannot read IP mode file for STMicroelectronics.X-CUBE-GNSS1.7.0.1
2025-09-20 17:18:16,182 [WARN] PackLoader:240 - Cannot read IP mode file for STMicroelectronics.X-CUBE-TOUCHGFX.4.25.0
2025-09-20 17:18:16,200 [WARN] PackLoader:240 - Cannot read IP mode file for STMicroelectronics.FP-SNS-STBOX1.2.0.0
2025-09-20 17:18:16,222 [WARN] PackLoader:240 - Cannot read IP mode file for STMicroelectronics.X-CUBE-SUBG2.5.0.0
2025-09-20 17:18:16,259 [WARN] PackLoader:240 - Cannot read IP mode file for STMicroelectronics.X-CUBE-AZRTOS-H7RS.1.1.0
2025-09-20 17:18:16,266 [WARN] PackLoader:240 - Cannot read IP mode file for Cesanta.I-CUBE-Mongoose.7.13.0
2025-09-20 17:18:16,290 [WARN] PackLoader:240 - Cannot read IP mode file for STMicroelectronics.X-CUBE-AZRTOS-G4.2.0.0
2025-09-20 17:18:16,295 [WARN] PackLoader:240 - Cannot read IP mode file for wolfSSL.I-CUBE-wolfSSH.1.4.20
2025-09-20 17:18:16,310 [WARN] PackLoader:240 - Cannot read IP mode file for STMicroelectronics.X-CUBE-NFC7.2.0.0
2025-09-20 17:18:16,335 [WARN] PackLoader:240 - Cannot read IP mode file for STMicroelectronics.X-CUBE-IPS.3.1.0
2025-09-20 17:18:16,357 [WARN] PackLoader:240 - Cannot read IP mode file for STMicroelectronics.X-CUBE-ALS.1.0.2
2025-09-20 17:18:16,379 [WARN] PackLoader:240 - Cannot read IP mode file for portGmbH.I-Cube-SoM-uGOAL.1.1.0
2025-09-20 17:18:16,404 [WARN] PackLoader:240 - Cannot read IP mode file for STMicroelectronics.X-CUBE-TOF1.3.4.3
2025-09-20 17:18:16,425 [INFO] ThirdParty:978 - Integrity check success = true
2025-09-20 17:18:16,425 [INFO] IntegrityCheckThread:100 - exiting critical section [integrity check]
2025-09-20 17:18:16,425 [INFO] IntegrityCheckThread:103 - End integrity checks thread
2025-09-20 17:49:36,146 [INFO] WebApp:403 - JxBrowser engine has been closed 
