2025-10-14 00:48:54,030 [INFO] Activator:176 - 


2025-10-14 00:48:54,036 [INFO] Activator:177 - !SESSION log4j initialized
2025-10-14 00:49:02,605 [INFO] LogOutputStream:77 - [STDOUT_REDIRECT] 
2025-10-14 00:49:08,080 [INFO] ApplicationProperties:184 - Using Application install path: C:\ST\STM32CubeIDE_1.14.1\STM32CubeIDE\plugins\com.st.stm32cube.common.mx_6.15.0.202507011659
2025-10-14 00:49:08,121 [INFO] DbMcusXml:78 - Set database path to: C:\ST\STM32CubeIDE_1.14.1\STM32CubeIDE\plugins\com.st.stm32cube.common.mx_6.15.0.202507011659\\db\/mcu/
2025-10-14 00:49:08,122 [INFO] ApiDb:274 - Set plugin database path to: C:\ST\STM32CubeIDE_1.14.1\STM32CubeIDE\plugins\com.st.stm32cube.common.mx_6.15.0.202507011659\\db\/plugins/boardmanager/
2025-10-14 00:49:08,122 [WARN] ApiDb:259 - Overriding images path with different value:  => C:\ST\STM32CubeIDE_1.14.1\STM32CubeIDE\plugins\com.st.stm32cube.common.mx_6.15.0.202507011659\\db\/plugins/mcufinder/images/
2025-10-14 00:49:08,150 [INFO] ApiDb:250 - Set database path to: C:\Users\eslam\.stmcufinder\plugins\mcufinder//mcu/
2025-10-14 00:49:08,153 [INFO] DbMcusAds:125 - Set database path to: C:\Users\eslam\.stmcufinder\plugins\mcufinder//mcu/
2025-10-14 00:49:08,158 [INFO] CrossReferenceDbSqlite:203 - Set database path to: C:\Users\eslam\.stmcufinder\plugins\mcufinder//mcu/cs/
2025-10-14 00:49:08,391 [INFO] RulesReader:64 - Compatibility file has been processed (317 Rules)
2025-10-14 00:49:08,572 [INFO] DbMcusXml:78 - Set database path to: C:\ST\STM32CubeIDE_1.14.1\STM32CubeIDE\plugins\com.st.stm32cube.common.mx_6.15.0.202507011659\\db\/mcu/
2025-10-14 00:49:08,572 [INFO] ApiDb:274 - Set plugin database path to: C:\ST\STM32CubeIDE_1.14.1\STM32CubeIDE\plugins\com.st.stm32cube.common.mx_6.15.0.202507011659\\db\/plugins/boardmanager/
2025-10-14 00:49:08,573 [INFO] ApiDb:261 - Set plugin images path to: C:\ST\STM32CubeIDE_1.14.1\STM32CubeIDE\plugins\com.st.stm32cube.common.mx_6.15.0.202507011659\\db\/plugins/mcufinder/images/
2025-10-14 00:49:08,573 [WARN] DbFile:41 - Overriding database path with different value: C:\Users\eslam\.stmcufinder\plugins\mcufinder/ => C:\Users\eslam\.stmcufinder\plugins\mcufinder
2025-10-14 00:49:08,573 [INFO] ApiDb:250 - Set database path to: C:\Users\eslam\.stmcufinder\plugins\mcufinder//mcu/
2025-10-14 00:49:08,573 [WARN] DbFile:41 - Overriding database path with different value: C:\Users\eslam\.stmcufinder\plugins\mcufinder/ => C:\Users\eslam\.stmcufinder\plugins\mcufinder
2025-10-14 00:49:08,574 [INFO] DbMcusAds:125 - Set database path to: C:\Users\eslam\.stmcufinder\plugins\mcufinder//mcu/
2025-10-14 00:49:08,574 [WARN] DbFile:41 - Overriding database path with different value: C:\Users\eslam\.stmcufinder\plugins\mcufinder/ => C:\Users\eslam\.stmcufinder\plugins\mcufinder
2025-10-14 00:49:08,574 [WARN] DbFile:41 - Overriding database path with different value: C:\Users\eslam\.stmcufinder\plugins\mcufinder/ => C:\Users\eslam\.stmcufinder\plugins\mcufinder
2025-10-14 00:49:08,574 [INFO] CrossReferenceDbSqlite:203 - Set database path to: C:\Users\eslam\.stmcufinder\plugins\mcufinder//mcu/cs/
2025-10-14 00:49:08,703 [INFO] MainPanel:274 - HeapMemory: 268435456
2025-10-14 00:49:08,878 [INFO] DbMcusXml:78 - Set database path to: C:\ST\STM32CubeIDE_1.14.1\STM32CubeIDE\plugins\com.st.stm32cube.common.mx_6.15.0.202507011659\\db\/mcu/
2025-10-14 00:49:08,878 [INFO] ApiDb:274 - Set plugin database path to: C:\ST\STM32CubeIDE_1.14.1\STM32CubeIDE\plugins\com.st.stm32cube.common.mx_6.15.0.202507011659\\db\/plugins/boardmanager/
2025-10-14 00:49:08,878 [INFO] ApiDb:261 - Set plugin images path to: C:\ST\STM32CubeIDE_1.14.1\STM32CubeIDE\plugins\com.st.stm32cube.common.mx_6.15.0.202507011659\\db\/plugins/mcufinder/images/
2025-10-14 00:49:08,879 [WARN] DbFile:41 - Overriding database path with different value: C:\Users\eslam\.stmcufinder\plugins\mcufinder/ => C:\Users\eslam\.stmcufinder\plugins\mcufinder
2025-10-14 00:49:08,879 [INFO] ApiDb:250 - Set database path to: C:\Users\eslam\.stmcufinder\plugins\mcufinder//mcu/
2025-10-14 00:49:08,879 [WARN] DbFile:41 - Overriding database path with different value: C:\Users\eslam\.stmcufinder\plugins\mcufinder/ => C:\Users\eslam\.stmcufinder\plugins\mcufinder
2025-10-14 00:49:08,880 [INFO] DbMcusAds:125 - Set database path to: C:\Users\eslam\.stmcufinder\plugins\mcufinder//mcu/
2025-10-14 00:49:08,880 [WARN] DbFile:41 - Overriding database path with different value: C:\Users\eslam\.stmcufinder\plugins\mcufinder/ => C:\Users\eslam\.stmcufinder\plugins\mcufinder
2025-10-14 00:49:08,880 [WARN] DbFile:41 - Overriding database path with different value: C:\Users\eslam\.stmcufinder\plugins\mcufinder/ => C:\Users\eslam\.stmcufinder\plugins\mcufinder
2025-10-14 00:49:08,880 [INFO] CrossReferenceDbSqlite:203 - Set database path to: C:\Users\eslam\.stmcufinder\plugins\mcufinder//mcu/cs/
2025-10-14 00:49:08,917 [INFO] ApplicationProperties:184 - Using Application install path: C:\ST\STM32CubeIDE_1.14.1\STM32CubeIDE\plugins\com.st.stm32cube.common.mx_6.15.0.202507011659
2025-10-14 00:49:08,920 [INFO] PluginManage:196 - Search for loadable plugins [exclusion list=, ]
2025-10-14 00:49:08,923 [INFO] PluginManage:310 - Check plugin analytics
2025-10-14 00:49:09,257 [INFO] AnalyticsPlugin:253 - Accepted Software Licenses: STM32CubeMX.6.10.0,STM32CubeMX.6.15.0
2025-10-14 00:49:09,257 [INFO] AnalyticsPlugin:255 - Accepted CMSIS Pack Licenses: 
2025-10-14 00:49:09,258 [INFO] AnalyticsPlugin:257 - Accepted Firmware Licenses: FW.F4.1.28.0
2025-10-14 00:49:09,262 [INFO] PluginManage:359 - Loaded plugin analytics (category:tool,tabindex:-1)
2025-10-14 00:49:09,262 [INFO] PluginManage:310 - Check plugin cadmodel
2025-10-14 00:49:09,290 [INFO] CADModel:105 - Init CAD model plugin
2025-10-14 00:49:09,290 [INFO] PluginManage:359 - Loaded plugin cadmodel (category:power,tabindex:5)
2025-10-14 00:49:09,291 [INFO] PluginManage:310 - Check plugin clock
2025-10-14 00:49:09,321 [INFO] PluginManage:359 - Loaded plugin clock (category:base,tabindex:2)
2025-10-14 00:49:09,321 [INFO] PluginManage:310 - Check plugin ddr
2025-10-14 00:49:09,326 [INFO] PluginManage:359 - Loaded plugin ddr (category:tool,tabindex:6)
2025-10-14 00:49:09,327 [INFO] PluginManage:310 - Check plugin filemanager
2025-10-14 00:49:09,745 [INFO] PluginManage:359 - Loaded plugin filemanager (category:base,tabindex:10)
2025-10-14 00:49:09,745 [INFO] PluginManage:310 - Check plugin ipmanager
2025-10-14 00:49:09,755 [INFO] PluginManage:359 - Loaded plugin ipmanager (category:base,tabindex:5)
2025-10-14 00:49:09,755 [INFO] PluginManage:310 - Check plugin lpbam
2025-10-14 00:49:09,785 [INFO] PluginManage:359 - Loaded plugin lpbam (category:base,tabindex:0)
2025-10-14 00:49:09,786 [INFO] PluginManage:310 - Check plugin memorymap
2025-10-14 00:49:09,827 [INFO] PluginManage:359 - Loaded plugin memorymap (category:base,tabindex:4)
2025-10-14 00:49:09,828 [INFO] PluginManage:310 - Check plugin pinoutandconfiguration
2025-10-14 00:49:09,866 [INFO] PluginManage:359 - Loaded plugin pinoutandconfiguration (category:base,tabindex:1)
2025-10-14 00:49:09,867 [INFO] PluginManage:310 - Check plugin pinoutconfig
2025-10-14 00:49:10,017 [WARN] SupportedApi:132 - Cannot load RTOS API schema: s4s-elt-must-match.1: The content of 'definitions' must match (annotation?, (simpleType | complexType)?, (unique | key | keyref)*)). A problem was found starting at: attribute.
2025-10-14 00:49:10,274 [INFO] PluginManage:359 - Loaded plugin pinoutconfig (category:base,tabindex:0)
2025-10-14 00:49:10,275 [INFO] PluginManage:310 - Check plugin power
2025-10-14 00:49:10,323 [INFO] PluginManage:359 - Loaded plugin power (category:power,tabindex:4)
2025-10-14 00:49:10,324 [INFO] PluginManage:310 - Check plugin projectmanager
2025-10-14 00:49:10,358 [INFO] PluginManage:359 - Loaded plugin projectmanager (category:projectmanager,tabindex:4)
2025-10-14 00:49:10,359 [INFO] PluginManage:310 - Check plugin rif
2025-10-14 00:49:10,402 [INFO] PluginManage:359 - Loaded plugin rif (category:base,tabindex:3)
2025-10-14 00:49:10,403 [INFO] PluginManage:310 - Check plugin thirdparty
2025-10-14 00:49:10,862 [INFO] PluginManage:359 - Loaded plugin thirdparty (category:base,tabindex:-1)
2025-10-14 00:49:10,862 [INFO] PluginManage:310 - Check plugin tools
2025-10-14 00:49:10,862 [WARN] IntegrityCheckThread:84 - waiting for thirdparty lock release [integrity check]
2025-10-14 00:49:10,863 [INFO] IntegrityCheckThread:86 - entering critical section [integrity check]
2025-10-14 00:49:10,863 [INFO] ThirdPartyUpdaterWithRetryManager:70 - Updater plugin not ready yet. [1/15]
2025-10-14 00:49:10,867 [INFO] PluginManage:359 - Loaded plugin tools (category:base,tabindex:7)
2025-10-14 00:49:10,867 [INFO] PluginManage:310 - Check plugin tutovideos
2025-10-14 00:49:11,278 [INFO] PluginManage:359 - Loaded plugin tutovideos (category:base,tabindex:-1)
2025-10-14 00:49:11,278 [INFO] PluginManage:310 - Check plugin updater
2025-10-14 00:49:11,313 [INFO] PluginManage:359 - Loaded plugin updater (category:base,tabindex:12)
2025-10-14 00:49:11,314 [INFO] PluginManage:310 - Check plugin userauth
2025-10-14 00:49:11,321 [INFO] UserAuth:118 - Init User Auth plugin
2025-10-14 00:49:11,322 [INFO] PluginManage:359 - Loaded plugin userauth (category:base,tabindex:14)
2025-10-14 00:49:11,323 [INFO] PluginManage:283 - PluginManage : Loaded plugins [18]
2025-10-14 00:49:11,653 [INFO] PinOutPanel:1589 - setPackage(No Configuration,No Configuration)
2025-10-14 00:49:11,772 [INFO] CADModel:165 - CPN selected for project level
2025-10-14 00:49:11,772 [INFO] CADModel:114 - Register for checkConnection events
2025-10-14 00:49:11,815 [INFO] IPUIPlugin:80 - create IPUIPlugin
2025-10-14 00:49:11,816 [INFO] PluginManager:220 - loadIPPluginJar : add adc
2025-10-14 00:49:11,884 [INFO] IPUIPlugin:80 - create IPUIPlugin
2025-10-14 00:49:11,884 [INFO] PluginManager:220 - loadIPPluginJar : add aes
2025-10-14 00:49:11,969 [INFO] IPUIPlugin:80 - create IPUIPlugin
2025-10-14 00:49:11,969 [INFO] PluginManager:220 - loadIPPluginJar : add can
2025-10-14 00:49:12,024 [INFO] IPUIPlugin:80 - create IPUIPlugin
2025-10-14 00:49:12,024 [INFO] PluginManager:220 - loadIPPluginJar : add comp
2025-10-14 00:49:12,088 [INFO] IPUIPlugin:80 - create IPUIPlugin
2025-10-14 00:49:12,089 [INFO] PluginManager:220 - loadIPPluginJar : add cryp
2025-10-14 00:49:12,111 [INFO] IPUIPlugin:80 - create IPUIPlugin
2025-10-14 00:49:12,111 [INFO] PluginManager:220 - loadIPPluginJar : add ddr_ctrl_phy
2025-10-14 00:49:12,116 [INFO] IPUIPlugin:80 - create IPUIPlugin
2025-10-14 00:49:12,116 [INFO] PluginManager:220 - loadIPPluginJar : add dfsdm
2025-10-14 00:49:12,141 [INFO] IPUIPlugin:80 - create IPUIPlugin
2025-10-14 00:49:12,142 [INFO] PluginManager:220 - loadIPPluginJar : add dma
2025-10-14 00:49:12,225 [INFO] IPUIPlugin:80 - create IPUIPlugin
2025-10-14 00:49:12,225 [INFO] PluginManager:220 - loadIPPluginJar : add dma3
2025-10-14 00:49:12,341 [INFO] IPUIPlugin:80 - create IPUIPlugin
2025-10-14 00:49:12,341 [INFO] PluginManager:220 - loadIPPluginJar : add extmemmanager
2025-10-14 00:49:12,424 [INFO] IPUIPlugin:80 - create IPUIPlugin
2025-10-14 00:49:12,424 [INFO] PluginManager:220 - loadIPPluginJar : add fatfs
2025-10-14 00:49:12,569 [INFO] IPUIPlugin:80 - create IPUIPlugin
2025-10-14 00:49:12,570 [INFO] PluginManager:220 - loadIPPluginJar : add fmc
2025-10-14 00:49:12,612 [INFO] IPUIPlugin:80 - create IPUIPlugin
2025-10-14 00:49:12,612 [INFO] PluginManager:220 - loadIPPluginJar : add freertos
2025-10-14 00:49:12,668 [INFO] IPUIPlugin:80 - create IPUIPlugin
2025-10-14 00:49:12,669 [INFO] PluginManager:220 - loadIPPluginJar : add genericplugin
2025-10-14 00:49:12,875 [INFO] IPUIPlugin:80 - create IPUIPlugin
2025-10-14 00:49:12,875 [INFO] PluginManager:220 - loadIPPluginJar : add gfxmmu
2025-10-14 00:49:13,149 [INFO] IPUIPlugin:80 - create IPUIPlugin
2025-10-14 00:49:13,150 [INFO] PluginManager:220 - loadIPPluginJar : add gic
2025-10-14 00:49:13,213 [INFO] IPUIPlugin:80 - create IPUIPlugin
2025-10-14 00:49:13,214 [INFO] PluginManager:220 - loadIPPluginJar : add gpio
2025-10-14 00:49:13,384 [INFO] IPUIPlugin:80 - create IPUIPlugin
2025-10-14 00:49:13,385 [INFO] PluginManager:220 - loadIPPluginJar : add gtzc
2025-10-14 00:49:13,483 [INFO] IPUIPlugin:80 - create IPUIPlugin
2025-10-14 00:49:13,484 [INFO] PluginManager:220 - loadIPPluginJar : add hash
2025-10-14 00:49:13,564 [INFO] IPUIPlugin:80 - create IPUIPlugin
2025-10-14 00:49:13,564 [INFO] PluginManager:220 - loadIPPluginJar : add i2c
2025-10-14 00:49:13,669 [INFO] IPUIPlugin:80 - create IPUIPlugin
2025-10-14 00:49:13,669 [INFO] PluginManager:220 - loadIPPluginJar : add i2s
2025-10-14 00:49:13,759 [INFO] IPUIPlugin:80 - create IPUIPlugin
2025-10-14 00:49:13,759 [INFO] PluginManager:220 - loadIPPluginJar : add i3c
2025-10-14 00:49:13,864 [INFO] ThirdPartyUpdaterWithRetryManager:70 - Updater plugin not ready yet. [2/15]
2025-10-14 00:49:13,929 [INFO] IPUIPlugin:80 - create IPUIPlugin
2025-10-14 00:49:13,930 [INFO] PluginManager:220 - loadIPPluginJar : add ipddr
2025-10-14 00:49:14,093 [INFO] IPUIPlugin:80 - create IPUIPlugin
2025-10-14 00:49:14,093 [INFO] PluginManager:220 - loadIPPluginJar : add linkedlist
2025-10-14 00:49:14,159 [INFO] IPUIPlugin:80 - create IPUIPlugin
2025-10-14 00:49:14,159 [INFO] PluginManager:220 - loadIPPluginJar : add lorawan
2025-10-14 00:49:14,213 [INFO] IPUIPlugin:80 - create IPUIPlugin
2025-10-14 00:49:14,213 [INFO] PluginManager:220 - loadIPPluginJar : add ltdc
2025-10-14 00:49:14,234 [INFO] IPUIPlugin:80 - create IPUIPlugin
2025-10-14 00:49:14,234 [INFO] PluginManager:220 - loadIPPluginJar : add mdma
2025-10-14 00:49:14,251 [INFO] IPUIPlugin:80 - create IPUIPlugin
2025-10-14 00:49:14,252 [INFO] PluginManager:220 - loadIPPluginJar : add nvic
2025-10-14 00:49:14,310 [INFO] IPUIPlugin:80 - create IPUIPlugin
2025-10-14 00:49:14,310 [INFO] PluginManager:220 - loadIPPluginJar : add opamp
2025-10-14 00:49:14,396 [INFO] IPUIPlugin:80 - create IPUIPlugin
2025-10-14 00:49:14,397 [INFO] PluginManager:220 - loadIPPluginJar : add openamp
2025-10-14 00:49:14,492 [INFO] IPUIPlugin:80 - create IPUIPlugin
2025-10-14 00:49:14,492 [INFO] PluginManager:220 - loadIPPluginJar : add pdm2pcm
2025-10-14 00:49:14,528 [INFO] IPUIPlugin:80 - create IPUIPlugin
2025-10-14 00:49:14,535 [INFO] PluginManager:220 - loadIPPluginJar : add plateformsettings
2025-10-14 00:49:14,598 [INFO] IPUIPlugin:80 - create IPUIPlugin
2025-10-14 00:49:14,599 [INFO] PluginManager:220 - loadIPPluginJar : add quadspi
2025-10-14 00:49:14,645 [INFO] IPUIPlugin:80 - create IPUIPlugin
2025-10-14 00:49:14,646 [INFO] PluginManager:220 - loadIPPluginJar : add radio
2025-10-14 00:49:14,665 [INFO] IPUIPlugin:80 - create IPUIPlugin
2025-10-14 00:49:14,665 [INFO] PluginManager:220 - loadIPPluginJar : add resmgrutility
2025-10-14 00:49:14,754 [INFO] IPUIPlugin:80 - create IPUIPlugin
2025-10-14 00:49:14,754 [INFO] PluginManager:220 - loadIPPluginJar : add sai
2025-10-14 00:49:14,807 [INFO] IPUIPlugin:80 - create IPUIPlugin
2025-10-14 00:49:14,807 [INFO] PluginManager:220 - loadIPPluginJar : add spi
2025-10-14 00:49:14,908 [INFO] IPUIPlugin:80 - create IPUIPlugin
2025-10-14 00:49:14,908 [INFO] PluginManager:220 - loadIPPluginJar : add stm32_wpan
2025-10-14 00:49:14,913 [INFO] IPUIPlugin:80 - create IPUIPlugin
2025-10-14 00:49:14,913 [INFO] PluginManager:220 - loadIPPluginJar : add tim
2025-10-14 00:49:14,999 [INFO] IPUIPlugin:80 - create IPUIPlugin
2025-10-14 00:49:14,999 [INFO] PluginManager:220 - loadIPPluginJar : add touchsensing
2025-10-14 00:49:15,006 [INFO] IPUIPlugin:80 - create IPUIPlugin
2025-10-14 00:49:15,006 [INFO] PluginManager:220 - loadIPPluginJar : add tracer_emb
2025-10-14 00:49:15,042 [INFO] IPUIPlugin:80 - create IPUIPlugin
2025-10-14 00:49:15,042 [INFO] PluginManager:220 - loadIPPluginJar : add ts
2025-10-14 00:49:15,076 [INFO] IPUIPlugin:80 - create IPUIPlugin
2025-10-14 00:49:15,076 [INFO] PluginManager:220 - loadIPPluginJar : add tsc
2025-10-14 00:49:15,081 [INFO] IPUIPlugin:80 - create IPUIPlugin
2025-10-14 00:49:15,082 [INFO] PluginManager:220 - loadIPPluginJar : add ucpd
2025-10-14 00:49:15,139 [INFO] IPUIPlugin:80 - create IPUIPlugin
2025-10-14 00:49:15,139 [INFO] PluginManager:220 - loadIPPluginJar : add usart
2025-10-14 00:49:15,220 [INFO] IPUIPlugin:80 - create IPUIPlugin
2025-10-14 00:49:15,220 [INFO] PluginManager:220 - loadIPPluginJar : add usbx
2025-10-14 00:49:15,435 [FATAL] Updater:351 - Updater called before beeing initialized
2025-10-14 00:49:15,531 [INFO] RulesReader:64 - Compatibility file has been processed (317 Rules)
2025-10-14 00:49:15,544 [INFO] RulesReader:64 - Compatibility file has been processed (317 Rules)
2025-10-14 00:49:15,554 [INFO] CADModel:165 - CPN selected for project level
2025-10-14 00:49:15,555 [INFO] CADModel:114 - Register for checkConnection events
2025-10-14 00:49:15,555 [FATAL] Updater:351 - Updater called before beeing initialized
2025-10-14 00:49:15,555 [ERROR] CADModel:125 - Updater not yet initialized, retry later 
2025-10-14 00:49:15,729 [FATAL] Updater:351 - Updater called before beeing initialized
2025-10-14 00:49:15,732 [INFO] CADModel:165 - CPN selected for project level
2025-10-14 00:49:15,732 [INFO] CADModel:114 - Register for checkConnection events
2025-10-14 00:49:15,732 [FATAL] Updater:351 - Updater called before beeing initialized
2025-10-14 00:49:15,732 [ERROR] CADModel:125 - Updater not yet initialized, retry later 
2025-10-14 00:49:15,736 [FATAL] Updater:351 - Updater called before beeing initialized
2025-10-14 00:49:15,877 [FATAL] Updater:351 - Updater called before beeing initialized
2025-10-14 00:49:15,882 [INFO] DbMcusAds:53 - JSON generation date=Thu Oct 02 12:36:05 EEST 2025 (1759397765645)
2025-10-14 00:49:15,883 [FATAL] Updater:351 - Updater called before beeing initialized
2025-10-14 00:49:15,917 [WARN] DetailPanel:346 - Failed to get advertising image, set to default
2025-10-14 00:49:15,994 [FATAL] Updater:351 - Updater called before beeing initialized
2025-10-14 00:49:15,995 [FATAL] Updater:351 - Updater called before beeing initialized
2025-10-14 00:49:15,995 [FATAL] Updater:351 - Updater called before beeing initialized
2025-10-14 00:49:15,995 [WARN] DetailPanel:346 - Failed to get advertising image, set to default
2025-10-14 00:49:15,996 [FATAL] Updater:351 - Updater called before beeing initialized
2025-10-14 00:49:16,065 [ERROR] Updater:1198 - MainUpdater not yet initialized. External WinMGr cannot be set.
2025-10-14 00:49:16,089 [INFO] Updater:1134 - Updater Version found : 6.15.0
2025-10-14 00:49:16,125 [INFO] ApplicationProperties:184 - Using Application install path: C:\ST\STM32CubeIDE_1.14.1\STM32CubeIDE\plugins\com.st.stm32cube.common.mx_6.15.0.202507011659
2025-10-14 00:49:16,867 [INFO] ThirdPartyUpdaterWithRetryManager:70 - Updater plugin not ready yet. [3/15]
2025-10-14 00:49:17,762 [ERROR] LogOutputStream:75 - [STDERR_REDIRECT] Oct 14, 2025 12:49:17 AM java.util.prefs.WindowsPreferences <init>
2025-10-14 00:49:17,765 [ERROR] LogOutputStream:75 - [STDERR_REDIRECT] WARNING: Could not open/create prefs root node Software\JavaSoft\Prefs at root 0xffffffff80000002. Windows RegCreateKeyEx(...) returned error code 5.
2025-10-14 00:49:17,766 [ERROR] LogOutputStream:75 - [STDERR_REDIRECT] 
2025-10-14 00:49:19,531 [INFO] MainUpdater:2872 - connection check result : 10
2025-10-14 00:49:19,532 [INFO] MainUpdater:289 - Updater Check For Update Now.
2025-10-14 00:49:19,533 [INFO] MicroXplorer:498 - Change Database Version : DB.6.0.150
2025-10-14 00:49:19,603 [INFO] McuFinderGlobals:63 - Set McuFinder mode to 2 (CubeIDE integrated)
2025-10-14 00:49:19,606 [INFO] UserAuth:171 - activating auth plugin
2025-10-14 00:49:19,618 [INFO] UserAuth:487 - Internet connection configuration mode: 1
2025-10-14 00:49:19,692 [INFO] JxBrowserEngine:152 - Initiate JxBrowser Engine with user profile folder
2025-10-14 00:49:19,869 [WARN] MainUpdater:1193 - Updater busy. Cannot search thirdparties
2025-10-14 00:49:19,870 [INFO] ThirdPartyUpdaterWithRetryManager:96 - Updater plugin is busy. [1/15]
2025-10-14 00:49:19,902 [INFO] CheckServerUpdateThread:120 - End of CheckServer Thread
2025-10-14 00:49:22,624 [INFO] WebApp:169 - Instantiating new browser for Auth
2025-10-14 00:49:23,325 [WARN] PackLoader:240 - Cannot read IP mode file for STMicroelectronics.FP-SNS-MOTENVWB1.1.4.0
2025-10-14 00:49:23,358 [WARN] PackLoader:240 - Cannot read IP mode file for STMicroelectronics.FP-ATR-ASTRA1.2.0.2
2025-10-14 00:49:23,395 [WARN] PackLoader:240 - Cannot read IP mode file for STMicroelectronics.X-CUBE-SMBUS.2.1.0
2025-10-14 00:49:23,422 [WARN] PackLoader:240 - Cannot read IP mode file for STMicroelectronics.X-CUBE-ST60.1.0.0
2025-10-14 00:49:23,487 [WARN] PackLoader:240 - Cannot read IP mode file for STMicroelectronics.X-CUBE-AZRTOS-F7.1.1.0
2025-10-14 00:49:23,540 [WARN] PackLoader:240 - Cannot read IP mode file for Infineon.AIROC-Wi-Fi-Bluetooth-STM32.1.7.1
2025-10-14 00:49:23,597 [WARN] PackLoader:240 - Cannot read IP mode file for STMicroelectronics.X-CUBE-AZRTOS-H7.3.4.0
2025-10-14 00:49:23,628 [WARN] PackLoader:240 - Cannot read IP mode file for STMicroelectronics.X-CUBE-DISPLAY.3.0.0
2025-10-14 00:49:23,665 [WARN] PackLoader:240 - Cannot read IP mode file for STMicroelectronics.X-CUBE-NFC10.1.0.0
2025-10-14 00:49:23,702 [WARN] PackLoader:240 - Cannot read IP mode file for emotas.I-CUBE-CANOPEN.1.3.0
2025-10-14 00:49:23,741 [WARN] ConditionMgr:438 - getConditionDescription Invalid condition id : Cortex-A Device cause : null
2025-10-14 00:49:23,767 [WARN] ConditionMgr:1044 - genDependencies : Invalid condition id : Cortex-A Device cause : null
2025-10-14 00:49:23,768 [WARN] ConditionMgr:1044 - genDependencies : Invalid condition id : Cortex-A Device cause : null
2025-10-14 00:49:23,768 [WARN] ConditionMgr:1044 - genDependencies : Invalid condition id : Cortex-A Device cause : null
2025-10-14 00:49:23,813 [WARN] PackLoader:240 - Cannot read IP mode file for STMicroelectronics.FP-SNS-STBOX1.2.1.0
2025-10-14 00:49:23,853 [WARN] PackLoader:240 - Cannot read IP mode file for STMicroelectronics.FP-SNS-SMARTAG2.1.2.0
2025-10-14 00:49:23,861 [INFO] WebApp:463 - Apply proxy settings
2025-10-14 00:49:23,862 [INFO] WebApp:548 - Chromium requires no authentication
2025-10-14 00:49:23,883 [WARN] PackLoader:240 - Cannot read IP mode file for STMicroelectronics.FP-SNS-FLIGHT1.5.1.0
2025-10-14 00:49:23,899 [INFO] WebApp:491 - Direct internet connection detected
2025-10-14 00:49:23,923 [INFO] LogOutputStream:77 - [STDOUT_REDIRECT] 1 : Invalid condition id : UX_CORESTACK_Condition cause : null
2025-10-14 00:49:23,923 [INFO] LogOutputStream:77 - [STDOUT_REDIRECT] 1 : Invalid condition id : UX_CORESTACK_Condition cause : null
2025-10-14 00:49:23,925 [INFO] LogOutputStream:77 - [STDOUT_REDIRECT] 1 : Invalid condition id : UX_CORESTACK_Condition cause : null
2025-10-14 00:49:23,927 [INFO] LogOutputStream:77 - [STDOUT_REDIRECT] 1 : Invalid condition id : UX_CORESTACK_Condition cause : null
2025-10-14 00:49:23,929 [INFO] LogOutputStream:77 - [STDOUT_REDIRECT] 1 : Invalid condition id : UX_CORESTACK_Condition cause : null
2025-10-14 00:49:23,935 [WARN] PackLoader:240 - Cannot read IP mode file for STMicroelectronics.X-CUBE-AZRTOS-WL.2.0.0
2025-10-14 00:49:23,959 [WARN] PackLoader:240 - Cannot read IP mode file for STMicroelectronics.FP-SNS-MOTENV1.5.0.0
2025-10-14 00:49:23,975 [INFO] WebApp:900 - Register for checkConnection events
2025-10-14 00:49:23,975 [INFO] WebApp:463 - Apply proxy settings
2025-10-14 00:49:23,976 [INFO] WebApp:548 - Chromium requires no authentication
2025-10-14 00:49:23,976 [INFO] WebApp:491 - Direct internet connection detected
2025-10-14 00:49:23,993 [WARN] PackLoader:240 - Cannot read IP mode file for WES.I-CUBE-Cesium.1.3.0
2025-10-14 00:49:24,024 [WARN] PackLoader:240 - Cannot read IP mode file for STMicroelectronics.X-CUBE-BLE2.3.3.0
2025-10-14 00:49:24,053 [WARN] PackLoader:240 - Cannot read IP mode file for STMicroelectronics.X-CUBE-NFC9.1.0.0
2025-10-14 00:49:24,077 [WARN] PackLoader:240 - Cannot read IP mode file for wolfSSL.I-CUBE-wolfSSL.5.8.2
2025-10-14 00:49:24,100 [WARN] PackLoader:240 - Cannot read IP mode file for STMicroelectronics.X-CUBE-BLE1.7.1.0
2025-10-14 00:49:24,109 [WARN] PackLoader:240 - Cannot read IP mode file for wolfSSL.I-CUBE-wolfMQTT.1.19.2
2025-10-14 00:49:24,134 [WARN] PackLoader:240 - Cannot read IP mode file for STMicroelectronics.X-CUBE-EEPRMA1.5.2.0
2025-10-14 00:49:24,174 [WARN] PackLoader:240 - Cannot read IP mode file for STMicroelectronics.X-CUBE-ST67W61.1.1.0
2025-10-14 00:49:24,200 [WARN] PackLoader:240 - Cannot read IP mode file for STMicroelectronics.X-CUBE-AI.10.1.0
2025-10-14 00:49:24,248 [WARN] PackLoader:240 - Cannot read IP mode file for STMicroelectronics.X-CUBE-AZRTOS-G0.1.1.0
2025-10-14 00:49:24,272 [WARN] PackLoader:240 - Cannot read IP mode file for STMicroelectronics.X-CUBE-SAFEA1.1.2.2
2025-10-14 00:49:24,294 [WARN] PackLoader:240 - Cannot read IP mode file for STMicroelectronics.X-CUBE-NFC4.3.0.0
2025-10-14 00:49:24,319 [WARN] PackLoader:240 - Cannot read IP mode file for EmbeddedOffice.I-CUBE-FS-RTOS.1.0.1
2025-10-14 00:49:24,340 [WARN] PackLoader:240 - Cannot read IP mode file for STMicroelectronics.X-CUBE-WB05N.2.0.0
2025-10-14 00:49:24,341 [INFO] WebApp:225 - Starting web application
2025-10-14 00:49:24,341 [INFO] WebApp:593 - Web application path used C:\ST\STM32CubeIDE_1.14.1\STM32CubeIDE\plugins\com.st.stm32cube.common.mx_6.15.0.202507011659\db\plugins\mcufinder\reactClient1\index.html
2025-10-14 00:49:24,366 [WARN] PackLoader:240 - Cannot read IP mode file for wolfSSL.I-CUBE-wolfTPM.3.8.0
2025-10-14 00:49:24,398 [WARN] PackLoader:240 - Cannot read IP mode file for STMicroelectronics.X-CUBE-TCPP.4.2.0
2025-10-14 00:49:24,433 [WARN] PackLoader:240 - Cannot read IP mode file for RealThread.X-CUBE-RT-Thread_Nano.4.1.1
2025-10-14 00:49:24,441 [WARN] PackLoader:240 - Cannot read IP mode file for STMicroelectronics.FP-ATR-SIGFOX1.3.2.0
2025-10-14 00:49:24,477 [WARN] PackLoader:240 - Cannot read IP mode file for ITTIA_DB.I-CUBE-ITTIADB.8.9.0
2025-10-14 00:49:24,514 [WARN] PackLoader:240 - Cannot read IP mode file for STMicroelectronics.X-CUBE-ST67W61.1.0.0
2025-10-14 00:49:24,536 [INFO] WebApp:191 - Connection restablished
2025-10-14 00:49:24,543 [WARN] PackLoader:240 - Cannot read IP mode file for STMicroelectronics.X-CUBE-AI.10.2.0
2025-10-14 00:49:24,590 [WARN] PackLoader:240 - Cannot read IP mode file for SEGGER.I-CUBE-embOS.1.3.1
2025-10-14 00:49:24,668 [WARN] PackLoader:240 - Cannot read IP mode file for STMicroelectronics.X-CUBE-ALGOBUILD.1.4.0
2025-10-14 00:49:24,796 [WARN] PackLoader:240 - Cannot read IP mode file for STMicroelectronics.X-CUBE-MEMS1.11.3.0
2025-10-14 00:49:25,057 [WARN] PackLoader:240 - Cannot read IP mode file for STMicroelectronics.X-CUBE-PM33A1.1.0.0
2025-10-14 00:49:25,103 [WARN] PackLoader:240 - Cannot read IP mode file for STMicroelectronics.X-CUBE-AZRTOS-F4.1.1.0
2025-10-14 00:49:25,132 [WARN] PackLoader:240 - Cannot read IP mode file for STMicroelectronics.X-CUBE-ISPU.2.1.0
2025-10-14 00:49:25,173 [WARN] PackLoader:240 - Cannot read IP mode file for STMicroelectronics.X-CUBE-IPS.3.2.0
2025-10-14 00:49:25,209 [WARN] PackLoader:240 - Cannot read IP mode file for STMicroelectronics.X-CUBE-NFC12.1.0.0
2025-10-14 00:49:25,265 [WARN] PackLoader:240 - Cannot read IP mode file for STMicroelectronics.X-CUBE-AZRTOS-L5.2.0.0
2025-10-14 00:49:25,304 [WARN] PackLoader:240 - Cannot read IP mode file for STMicroelectronics.X-CUBE-NFC6.3.1.0
2025-10-14 00:49:25,333 [WARN] PackLoader:240 - Cannot read IP mode file for STMicroelectronics.X-CUBE-FREERTOS.1.3.1
2025-10-14 00:49:25,361 [WARN] PackLoader:240 - Cannot read IP mode file for STMicroelectronics.X-CUBE-TOUCHGFX.4.26.0
2025-10-14 00:49:25,388 [WARN] PackLoader:240 - Cannot read IP mode file for STMicroelectronics.FP-SNS-STAIOTCFT.1.0.0
2025-10-14 00:49:25,410 [WARN] PackLoader:240 - Cannot read IP mode file for STMicroelectronics.X-CUBE-DPower.1.3.0
2025-10-14 00:49:25,454 [WARN] ConditionMgr:438 - getConditionDescription Invalid condition id : LAN8742 Phy interface Condition cause : null
2025-10-14 00:49:25,455 [WARN] PackLoader:240 - Cannot read IP mode file for STMicroelectronics.X-CUBE-AZRTOS-L4.2.0.0
2025-10-14 00:49:25,456 [WARN] ConditionMgr:1044 - genDependencies : Invalid condition id : LAN8742 Phy interface Condition cause : null
2025-10-14 00:49:25,456 [WARN] ConditionMgr:1044 - genDependencies : Invalid condition id : LAN8742 Phy interface Condition cause : null
2025-10-14 00:49:25,456 [WARN] ConditionMgr:1044 - genDependencies : Invalid condition id : LAN8742 Phy interface Condition cause : null
2025-10-14 00:49:25,483 [WARN] PackLoader:240 - Cannot read IP mode file for STMicroelectronics.X-CUBE-SFXS2LP1.4.0.0
2025-10-14 00:49:25,511 [WARN] PackLoader:240 - Cannot read IP mode file for STMicroelectronics.X-CUBE-BLEMGR.4.1.0
2025-10-14 00:49:25,555 [WARN] ConditionMgr:438 - getConditionDescription Invalid condition id : UX DEVICE CLASS RTOS Condition cause : null
2025-10-14 00:49:25,556 [WARN] ConditionMgr:438 - getConditionDescription Invalid condition id : UX DEVICE CLASS RTOS Condition cause : null
2025-10-14 00:49:25,559 [WARN] PackLoader:240 - Cannot read IP mode file for STMicroelectronics.X-CUBE-AZRTOS-WB.2.0.0
2025-10-14 00:49:25,560 [WARN] ConditionMgr:1044 - genDependencies : Invalid condition id : UX DEVICE CLASS RTOS Condition cause : null
2025-10-14 00:49:25,560 [WARN] ConditionMgr:1044 - genDependencies : Invalid condition id : UX DEVICE CLASS RTOS Condition cause : null
2025-10-14 00:49:25,561 [WARN] ConditionMgr:1044 - genDependencies : Invalid condition id : UX DEVICE CLASS RTOS Condition cause : null
2025-10-14 00:49:25,562 [WARN] ConditionMgr:1044 - genDependencies : Invalid condition id : UX DEVICE CLASS RTOS Condition cause : null
2025-10-14 00:49:25,562 [WARN] ConditionMgr:1044 - genDependencies : Invalid condition id : UX DEVICE CLASS RTOS Condition cause : null
2025-10-14 00:49:25,588 [WARN] PackLoader:240 - Cannot read IP mode file for STMicroelectronics.X-CUBE-GNSS1.7.0.1
2025-10-14 00:49:25,611 [WARN] PackLoader:240 - Cannot read IP mode file for STMicroelectronics.X-CUBE-TOUCHGFX.4.25.0
2025-10-14 00:49:25,635 [WARN] PackLoader:240 - Cannot read IP mode file for STMicroelectronics.FP-SNS-STBOX1.2.0.0
2025-10-14 00:49:25,667 [WARN] PackLoader:240 - Cannot read IP mode file for STMicroelectronics.X-CUBE-SUBG2.5.0.0
2025-10-14 00:49:25,715 [WARN] PackLoader:240 - Cannot read IP mode file for STMicroelectronics.X-CUBE-AZRTOS-H7RS.1.1.0
2025-10-14 00:49:25,738 [WARN] PackLoader:240 - Cannot read IP mode file for Cesanta.I-CUBE-Mongoose.7.13.0
2025-10-14 00:49:25,774 [WARN] PackLoader:240 - Cannot read IP mode file for STMicroelectronics.X-CUBE-AZRTOS-G4.2.0.0
2025-10-14 00:49:25,800 [WARN] PackLoader:240 - Cannot read IP mode file for wolfSSL.I-CUBE-wolfSSH.1.4.20
2025-10-14 00:49:25,823 [WARN] PackLoader:240 - Cannot read IP mode file for STMicroelectronics.X-CUBE-NFC7.2.0.0
2025-10-14 00:49:25,867 [WARN] PackLoader:240 - Cannot read IP mode file for STMicroelectronics.X-CUBE-IPS.3.1.0
2025-10-14 00:49:25,897 [WARN] PackLoader:240 - Cannot read IP mode file for STMicroelectronics.X-CUBE-ALS.1.0.2
2025-10-14 00:49:25,927 [WARN] PackLoader:240 - Cannot read IP mode file for STMicroelectronics.X-CUBE-STSE01.1.0.0
2025-10-14 00:49:25,950 [WARN] PackLoader:240 - Cannot read IP mode file for portGmbH.I-Cube-SoM-uGOAL.1.1.0
2025-10-14 00:49:25,978 [WARN] PackLoader:240 - Cannot read IP mode file for STMicroelectronics.X-CUBE-TOF1.3.4.3
2025-10-14 00:49:25,987 [INFO] ThirdParty:978 - Integrity check success = true
2025-10-14 00:49:25,987 [INFO] IntegrityCheckThread:100 - exiting critical section [integrity check]
2025-10-14 00:49:25,987 [INFO] IntegrityCheckThread:103 - End integrity checks thread
2025-10-14 03:06:26,763 [INFO] WebApp:194 - Connection lost
2025-10-14 03:06:27,436 [INFO] WebApp:191 - Connection restablished
2025-10-14 03:06:29,903 [INFO] WebApp:194 - Connection lost
2025-10-14 03:06:30,112 [INFO] WebApp:191 - Connection restablished
2025-10-14 03:21:04,617 [INFO] WebApp:403 - JxBrowser engine has been closed 
