2025-10-06 23:29:15,199 [INFO] Activator:176 - 


2025-10-06 23:29:15,205 [INFO] Activator:177 - !SESSION log4j initialized
2025-10-06 23:29:20,963 [INFO] LogOutputStream:77 - [STDOUT_REDIRECT] 
2025-10-06 23:29:23,022 [INFO] ApplicationProperties:184 - Using Application install path: C:\ST\STM32CubeIDE_1.14.1\STM32CubeIDE\plugins\com.st.stm32cube.common.mx_6.15.0.202507011659
2025-10-06 23:29:23,041 [INFO] DbMcusXml:78 - Set database path to: C:\ST\STM32CubeIDE_1.14.1\STM32CubeIDE\plugins\com.st.stm32cube.common.mx_6.15.0.202507011659\\db\/mcu/
2025-10-06 23:29:23,041 [INFO] ApiDb:274 - Set plugin database path to: C:\ST\STM32CubeIDE_1.14.1\STM32CubeIDE\plugins\com.st.stm32cube.common.mx_6.15.0.202507011659\\db\/plugins/boardmanager/
2025-10-06 23:29:23,041 [WARN] ApiDb:259 - Overriding images path with different value:  => C:\ST\STM32CubeIDE_1.14.1\STM32CubeIDE\plugins\com.st.stm32cube.common.mx_6.15.0.202507011659\\db\/plugins/mcufinder/images/
2025-10-06 23:29:23,054 [INFO] ApiDb:250 - Set database path to: C:\Users\eslam\.stmcufinder\plugins\mcufinder//mcu/
2025-10-06 23:29:23,056 [INFO] DbMcusAds:125 - Set database path to: C:\Users\eslam\.stmcufinder\plugins\mcufinder//mcu/
2025-10-06 23:29:23,058 [INFO] CrossReferenceDbSqlite:203 - Set database path to: C:\Users\eslam\.stmcufinder\plugins\mcufinder//mcu/cs/
2025-10-06 23:29:23,168 [INFO] RulesReader:64 - Compatibility file has been processed (317 Rules)
2025-10-06 23:29:23,270 [INFO] DbMcusXml:78 - Set database path to: C:\ST\STM32CubeIDE_1.14.1\STM32CubeIDE\plugins\com.st.stm32cube.common.mx_6.15.0.202507011659\\db\/mcu/
2025-10-06 23:29:23,271 [INFO] ApiDb:274 - Set plugin database path to: C:\ST\STM32CubeIDE_1.14.1\STM32CubeIDE\plugins\com.st.stm32cube.common.mx_6.15.0.202507011659\\db\/plugins/boardmanager/
2025-10-06 23:29:23,271 [INFO] ApiDb:261 - Set plugin images path to: C:\ST\STM32CubeIDE_1.14.1\STM32CubeIDE\plugins\com.st.stm32cube.common.mx_6.15.0.202507011659\\db\/plugins/mcufinder/images/
2025-10-06 23:29:23,271 [WARN] DbFile:41 - Overriding database path with different value: C:\Users\eslam\.stmcufinder\plugins\mcufinder/ => C:\Users\eslam\.stmcufinder\plugins\mcufinder
2025-10-06 23:29:23,271 [INFO] ApiDb:250 - Set database path to: C:\Users\eslam\.stmcufinder\plugins\mcufinder//mcu/
2025-10-06 23:29:23,271 [WARN] DbFile:41 - Overriding database path with different value: C:\Users\eslam\.stmcufinder\plugins\mcufinder/ => C:\Users\eslam\.stmcufinder\plugins\mcufinder
2025-10-06 23:29:23,271 [INFO] DbMcusAds:125 - Set database path to: C:\Users\eslam\.stmcufinder\plugins\mcufinder//mcu/
2025-10-06 23:29:23,271 [WARN] DbFile:41 - Overriding database path with different value: C:\Users\eslam\.stmcufinder\plugins\mcufinder/ => C:\Users\eslam\.stmcufinder\plugins\mcufinder
2025-10-06 23:29:23,271 [WARN] DbFile:41 - Overriding database path with different value: C:\Users\eslam\.stmcufinder\plugins\mcufinder/ => C:\Users\eslam\.stmcufinder\plugins\mcufinder
2025-10-06 23:29:23,272 [INFO] CrossReferenceDbSqlite:203 - Set database path to: C:\Users\eslam\.stmcufinder\plugins\mcufinder//mcu/cs/
2025-10-06 23:29:23,338 [INFO] MainPanel:274 - HeapMemory: 268435456
2025-10-06 23:29:23,420 [INFO] DbMcusXml:78 - Set database path to: C:\ST\STM32CubeIDE_1.14.1\STM32CubeIDE\plugins\com.st.stm32cube.common.mx_6.15.0.202507011659\\db\/mcu/
2025-10-06 23:29:23,420 [INFO] ApiDb:274 - Set plugin database path to: C:\ST\STM32CubeIDE_1.14.1\STM32CubeIDE\plugins\com.st.stm32cube.common.mx_6.15.0.202507011659\\db\/plugins/boardmanager/
2025-10-06 23:29:23,420 [INFO] ApiDb:261 - Set plugin images path to: C:\ST\STM32CubeIDE_1.14.1\STM32CubeIDE\plugins\com.st.stm32cube.common.mx_6.15.0.202507011659\\db\/plugins/mcufinder/images/
2025-10-06 23:29:23,421 [WARN] DbFile:41 - Overriding database path with different value: C:\Users\eslam\.stmcufinder\plugins\mcufinder/ => C:\Users\eslam\.stmcufinder\plugins\mcufinder
2025-10-06 23:29:23,421 [INFO] ApiDb:250 - Set database path to: C:\Users\eslam\.stmcufinder\plugins\mcufinder//mcu/
2025-10-06 23:29:23,421 [WARN] DbFile:41 - Overriding database path with different value: C:\Users\eslam\.stmcufinder\plugins\mcufinder/ => C:\Users\eslam\.stmcufinder\plugins\mcufinder
2025-10-06 23:29:23,421 [INFO] DbMcusAds:125 - Set database path to: C:\Users\eslam\.stmcufinder\plugins\mcufinder//mcu/
2025-10-06 23:29:23,421 [WARN] DbFile:41 - Overriding database path with different value: C:\Users\eslam\.stmcufinder\plugins\mcufinder/ => C:\Users\eslam\.stmcufinder\plugins\mcufinder
2025-10-06 23:29:23,421 [WARN] DbFile:41 - Overriding database path with different value: C:\Users\eslam\.stmcufinder\plugins\mcufinder/ => C:\Users\eslam\.stmcufinder\plugins\mcufinder
2025-10-06 23:29:23,421 [INFO] CrossReferenceDbSqlite:203 - Set database path to: C:\Users\eslam\.stmcufinder\plugins\mcufinder//mcu/cs/
2025-10-06 23:29:23,439 [INFO] ApplicationProperties:184 - Using Application install path: C:\ST\STM32CubeIDE_1.14.1\STM32CubeIDE\plugins\com.st.stm32cube.common.mx_6.15.0.202507011659
2025-10-06 23:29:23,440 [INFO] PluginManage:196 - Search for loadable plugins [exclusion list=, ]
2025-10-06 23:29:23,441 [INFO] PluginManage:310 - Check plugin analytics
2025-10-06 23:29:23,596 [INFO] AnalyticsPlugin:253 - Accepted Software Licenses: STM32CubeMX.6.10.0,STM32CubeMX.6.15.0
2025-10-06 23:29:23,597 [INFO] AnalyticsPlugin:255 - Accepted CMSIS Pack Licenses: 
2025-10-06 23:29:23,597 [INFO] AnalyticsPlugin:257 - Accepted Firmware Licenses: FW.F4.1.28.0
2025-10-06 23:29:23,600 [INFO] PluginManage:359 - Loaded plugin analytics (category:tool,tabindex:-1)
2025-10-06 23:29:23,600 [INFO] PluginManage:310 - Check plugin cadmodel
2025-10-06 23:29:23,604 [INFO] CADModel:105 - Init CAD model plugin
2025-10-06 23:29:23,605 [INFO] PluginManage:359 - Loaded plugin cadmodel (category:power,tabindex:5)
2025-10-06 23:29:23,605 [INFO] PluginManage:310 - Check plugin clock
2025-10-06 23:29:23,614 [INFO] PluginManage:359 - Loaded plugin clock (category:base,tabindex:2)
2025-10-06 23:29:23,615 [INFO] PluginManage:310 - Check plugin ddr
2025-10-06 23:29:23,617 [INFO] PluginManage:359 - Loaded plugin ddr (category:tool,tabindex:6)
2025-10-06 23:29:23,617 [INFO] PluginManage:310 - Check plugin filemanager
2025-10-06 23:29:23,770 [INFO] PluginManage:359 - Loaded plugin filemanager (category:base,tabindex:10)
2025-10-06 23:29:23,770 [INFO] PluginManage:310 - Check plugin ipmanager
2025-10-06 23:29:23,776 [INFO] PluginManage:359 - Loaded plugin ipmanager (category:base,tabindex:5)
2025-10-06 23:29:23,776 [INFO] PluginManage:310 - Check plugin lpbam
2025-10-06 23:29:23,785 [INFO] PluginManage:359 - Loaded plugin lpbam (category:base,tabindex:0)
2025-10-06 23:29:23,785 [INFO] PluginManage:310 - Check plugin memorymap
2025-10-06 23:29:23,796 [INFO] PluginManage:359 - Loaded plugin memorymap (category:base,tabindex:4)
2025-10-06 23:29:23,796 [INFO] PluginManage:310 - Check plugin pinoutandconfiguration
2025-10-06 23:29:23,806 [INFO] PluginManage:359 - Loaded plugin pinoutandconfiguration (category:base,tabindex:1)
2025-10-06 23:29:23,806 [INFO] PluginManage:310 - Check plugin pinoutconfig
2025-10-06 23:29:23,883 [WARN] SupportedApi:132 - Cannot load RTOS API schema: s4s-elt-must-match.1: The content of 'definitions' must match (annotation?, (simpleType | complexType)?, (unique | key | keyref)*)). A problem was found starting at: attribute.
2025-10-06 23:29:24,005 [INFO] PluginManage:359 - Loaded plugin pinoutconfig (category:base,tabindex:0)
2025-10-06 23:29:24,005 [INFO] PluginManage:310 - Check plugin power
2025-10-06 23:29:24,013 [INFO] PluginManage:359 - Loaded plugin power (category:power,tabindex:4)
2025-10-06 23:29:24,013 [INFO] PluginManage:310 - Check plugin projectmanager
2025-10-06 23:29:24,029 [INFO] PluginManage:359 - Loaded plugin projectmanager (category:projectmanager,tabindex:4)
2025-10-06 23:29:24,029 [INFO] PluginManage:310 - Check plugin rif
2025-10-06 23:29:24,037 [INFO] PluginManage:359 - Loaded plugin rif (category:base,tabindex:3)
2025-10-06 23:29:24,037 [INFO] PluginManage:310 - Check plugin thirdparty
2025-10-06 23:29:24,181 [INFO] PluginManage:359 - Loaded plugin thirdparty (category:base,tabindex:-1)
2025-10-06 23:29:24,181 [WARN] IntegrityCheckThread:84 - waiting for thirdparty lock release [integrity check]
2025-10-06 23:29:24,181 [INFO] PluginManage:310 - Check plugin tools
2025-10-06 23:29:24,181 [INFO] IntegrityCheckThread:86 - entering critical section [integrity check]
2025-10-06 23:29:24,182 [INFO] ThirdPartyUpdaterWithRetryManager:70 - Updater plugin not ready yet. [1/15]
2025-10-06 23:29:24,184 [INFO] PluginManage:359 - Loaded plugin tools (category:base,tabindex:7)
2025-10-06 23:29:24,184 [INFO] PluginManage:310 - Check plugin tutovideos
2025-10-06 23:29:24,354 [INFO] PluginManage:359 - Loaded plugin tutovideos (category:base,tabindex:-1)
2025-10-06 23:29:24,354 [INFO] PluginManage:310 - Check plugin updater
2025-10-06 23:29:24,375 [INFO] PluginManage:359 - Loaded plugin updater (category:base,tabindex:12)
2025-10-06 23:29:24,375 [INFO] PluginManage:310 - Check plugin userauth
2025-10-06 23:29:24,379 [INFO] UserAuth:118 - Init User Auth plugin
2025-10-06 23:29:24,380 [INFO] PluginManage:359 - Loaded plugin userauth (category:base,tabindex:14)
2025-10-06 23:29:24,381 [INFO] PluginManage:283 - PluginManage : Loaded plugins [18]
2025-10-06 23:29:24,584 [INFO] PinOutPanel:1589 - setPackage(No Configuration,No Configuration)
2025-10-06 23:29:24,663 [INFO] CADModel:165 - CPN selected for project level
2025-10-06 23:29:24,664 [INFO] CADModel:114 - Register for checkConnection events
2025-10-06 23:29:24,679 [INFO] IPUIPlugin:80 - create IPUIPlugin
2025-10-06 23:29:24,680 [INFO] PluginManager:220 - loadIPPluginJar : add adc
2025-10-06 23:29:24,682 [INFO] IPUIPlugin:80 - create IPUIPlugin
2025-10-06 23:29:24,682 [INFO] PluginManager:220 - loadIPPluginJar : add aes
2025-10-06 23:29:24,685 [INFO] IPUIPlugin:80 - create IPUIPlugin
2025-10-06 23:29:24,685 [INFO] PluginManager:220 - loadIPPluginJar : add can
2025-10-06 23:29:24,687 [INFO] IPUIPlugin:80 - create IPUIPlugin
2025-10-06 23:29:24,687 [INFO] PluginManager:220 - loadIPPluginJar : add comp
2025-10-06 23:29:24,690 [INFO] IPUIPlugin:80 - create IPUIPlugin
2025-10-06 23:29:24,690 [INFO] PluginManager:220 - loadIPPluginJar : add cryp
2025-10-06 23:29:24,692 [INFO] IPUIPlugin:80 - create IPUIPlugin
2025-10-06 23:29:24,692 [INFO] PluginManager:220 - loadIPPluginJar : add ddr_ctrl_phy
2025-10-06 23:29:24,695 [INFO] IPUIPlugin:80 - create IPUIPlugin
2025-10-06 23:29:24,695 [INFO] PluginManager:220 - loadIPPluginJar : add dfsdm
2025-10-06 23:29:24,700 [INFO] IPUIPlugin:80 - create IPUIPlugin
2025-10-06 23:29:24,700 [INFO] PluginManager:220 - loadIPPluginJar : add dma
2025-10-06 23:29:24,703 [INFO] IPUIPlugin:80 - create IPUIPlugin
2025-10-06 23:29:24,703 [INFO] PluginManager:220 - loadIPPluginJar : add dma3
2025-10-06 23:29:24,706 [INFO] IPUIPlugin:80 - create IPUIPlugin
2025-10-06 23:29:24,706 [INFO] PluginManager:220 - loadIPPluginJar : add extmemmanager
2025-10-06 23:29:24,707 [INFO] IPUIPlugin:80 - create IPUIPlugin
2025-10-06 23:29:24,708 [INFO] PluginManager:220 - loadIPPluginJar : add fatfs
2025-10-06 23:29:24,712 [INFO] IPUIPlugin:80 - create IPUIPlugin
2025-10-06 23:29:24,712 [INFO] PluginManager:220 - loadIPPluginJar : add fmc
2025-10-06 23:29:24,716 [INFO] IPUIPlugin:80 - create IPUIPlugin
2025-10-06 23:29:24,717 [INFO] PluginManager:220 - loadIPPluginJar : add freertos
2025-10-06 23:29:24,718 [INFO] IPUIPlugin:80 - create IPUIPlugin
2025-10-06 23:29:24,718 [INFO] PluginManager:220 - loadIPPluginJar : add genericplugin
2025-10-06 23:29:24,721 [INFO] IPUIPlugin:80 - create IPUIPlugin
2025-10-06 23:29:24,721 [INFO] PluginManager:220 - loadIPPluginJar : add gfxmmu
2025-10-06 23:29:24,725 [INFO] IPUIPlugin:80 - create IPUIPlugin
2025-10-06 23:29:24,726 [INFO] PluginManager:220 - loadIPPluginJar : add gic
2025-10-06 23:29:24,729 [INFO] IPUIPlugin:80 - create IPUIPlugin
2025-10-06 23:29:24,729 [INFO] PluginManager:220 - loadIPPluginJar : add gpio
2025-10-06 23:29:24,732 [INFO] IPUIPlugin:80 - create IPUIPlugin
2025-10-06 23:29:24,732 [INFO] PluginManager:220 - loadIPPluginJar : add gtzc
2025-10-06 23:29:24,734 [INFO] IPUIPlugin:80 - create IPUIPlugin
2025-10-06 23:29:24,735 [INFO] PluginManager:220 - loadIPPluginJar : add hash
2025-10-06 23:29:24,738 [INFO] IPUIPlugin:80 - create IPUIPlugin
2025-10-06 23:29:24,738 [INFO] PluginManager:220 - loadIPPluginJar : add i2c
2025-10-06 23:29:24,740 [INFO] IPUIPlugin:80 - create IPUIPlugin
2025-10-06 23:29:24,740 [INFO] PluginManager:220 - loadIPPluginJar : add i2s
2025-10-06 23:29:24,743 [INFO] IPUIPlugin:80 - create IPUIPlugin
2025-10-06 23:29:24,743 [INFO] PluginManager:220 - loadIPPluginJar : add i3c
2025-10-06 23:29:24,746 [INFO] IPUIPlugin:80 - create IPUIPlugin
2025-10-06 23:29:24,747 [INFO] PluginManager:220 - loadIPPluginJar : add ipddr
2025-10-06 23:29:24,753 [INFO] IPUIPlugin:80 - create IPUIPlugin
2025-10-06 23:29:24,753 [INFO] PluginManager:220 - loadIPPluginJar : add linkedlist
2025-10-06 23:29:24,756 [INFO] IPUIPlugin:80 - create IPUIPlugin
2025-10-06 23:29:24,756 [INFO] PluginManager:220 - loadIPPluginJar : add lorawan
2025-10-06 23:29:24,758 [INFO] IPUIPlugin:80 - create IPUIPlugin
2025-10-06 23:29:24,758 [INFO] PluginManager:220 - loadIPPluginJar : add ltdc
2025-10-06 23:29:24,762 [INFO] IPUIPlugin:80 - create IPUIPlugin
2025-10-06 23:29:24,763 [INFO] PluginManager:220 - loadIPPluginJar : add mdma
2025-10-06 23:29:24,766 [INFO] IPUIPlugin:80 - create IPUIPlugin
2025-10-06 23:29:24,766 [INFO] PluginManager:220 - loadIPPluginJar : add nvic
2025-10-06 23:29:24,769 [INFO] IPUIPlugin:80 - create IPUIPlugin
2025-10-06 23:29:24,769 [INFO] PluginManager:220 - loadIPPluginJar : add opamp
2025-10-06 23:29:24,773 [INFO] IPUIPlugin:80 - create IPUIPlugin
2025-10-06 23:29:24,773 [INFO] PluginManager:220 - loadIPPluginJar : add openamp
2025-10-06 23:29:24,776 [INFO] IPUIPlugin:80 - create IPUIPlugin
2025-10-06 23:29:24,776 [INFO] PluginManager:220 - loadIPPluginJar : add pdm2pcm
2025-10-06 23:29:24,782 [INFO] IPUIPlugin:80 - create IPUIPlugin
2025-10-06 23:29:24,785 [INFO] PluginManager:220 - loadIPPluginJar : add plateformsettings
2025-10-06 23:29:24,787 [INFO] IPUIPlugin:80 - create IPUIPlugin
2025-10-06 23:29:24,787 [INFO] PluginManager:220 - loadIPPluginJar : add quadspi
2025-10-06 23:29:24,788 [INFO] IPUIPlugin:80 - create IPUIPlugin
2025-10-06 23:29:24,789 [INFO] PluginManager:220 - loadIPPluginJar : add radio
2025-10-06 23:29:24,792 [INFO] IPUIPlugin:80 - create IPUIPlugin
2025-10-06 23:29:24,793 [INFO] PluginManager:220 - loadIPPluginJar : add resmgrutility
2025-10-06 23:29:24,796 [INFO] IPUIPlugin:80 - create IPUIPlugin
2025-10-06 23:29:24,796 [INFO] PluginManager:220 - loadIPPluginJar : add sai
2025-10-06 23:29:24,800 [INFO] IPUIPlugin:80 - create IPUIPlugin
2025-10-06 23:29:24,800 [INFO] PluginManager:220 - loadIPPluginJar : add spi
2025-10-06 23:29:24,808 [INFO] IPUIPlugin:80 - create IPUIPlugin
2025-10-06 23:29:24,809 [INFO] PluginManager:220 - loadIPPluginJar : add stm32_wpan
2025-10-06 23:29:24,811 [INFO] IPUIPlugin:80 - create IPUIPlugin
2025-10-06 23:29:24,811 [INFO] PluginManager:220 - loadIPPluginJar : add tim
2025-10-06 23:29:24,815 [INFO] IPUIPlugin:80 - create IPUIPlugin
2025-10-06 23:29:24,815 [INFO] PluginManager:220 - loadIPPluginJar : add touchsensing
2025-10-06 23:29:24,818 [INFO] IPUIPlugin:80 - create IPUIPlugin
2025-10-06 23:29:24,818 [INFO] PluginManager:220 - loadIPPluginJar : add tracer_emb
2025-10-06 23:29:24,821 [INFO] IPUIPlugin:80 - create IPUIPlugin
2025-10-06 23:29:24,822 [INFO] PluginManager:220 - loadIPPluginJar : add ts
2025-10-06 23:29:24,823 [INFO] IPUIPlugin:80 - create IPUIPlugin
2025-10-06 23:29:24,824 [INFO] PluginManager:220 - loadIPPluginJar : add tsc
2025-10-06 23:29:24,826 [INFO] IPUIPlugin:80 - create IPUIPlugin
2025-10-06 23:29:24,826 [INFO] PluginManager:220 - loadIPPluginJar : add ucpd
2025-10-06 23:29:24,829 [INFO] IPUIPlugin:80 - create IPUIPlugin
2025-10-06 23:29:24,829 [INFO] PluginManager:220 - loadIPPluginJar : add usart
2025-10-06 23:29:24,834 [INFO] IPUIPlugin:80 - create IPUIPlugin
2025-10-06 23:29:24,834 [INFO] PluginManager:220 - loadIPPluginJar : add usbx
2025-10-06 23:29:24,971 [FATAL] Updater:351 - Updater called before beeing initialized
2025-10-06 23:29:24,995 [INFO] RulesReader:64 - Compatibility file has been processed (317 Rules)
2025-10-06 23:29:25,005 [INFO] RulesReader:64 - Compatibility file has been processed (317 Rules)
2025-10-06 23:29:25,013 [INFO] CADModel:165 - CPN selected for project level
2025-10-06 23:29:25,013 [INFO] CADModel:114 - Register for checkConnection events
2025-10-06 23:29:25,014 [FATAL] Updater:351 - Updater called before beeing initialized
2025-10-06 23:29:25,014 [ERROR] CADModel:125 - Updater not yet initialized, retry later 
2025-10-06 23:29:25,169 [FATAL] Updater:351 - Updater called before beeing initialized
2025-10-06 23:29:25,171 [INFO] CADModel:165 - CPN selected for project level
2025-10-06 23:29:25,172 [INFO] CADModel:114 - Register for checkConnection events
2025-10-06 23:29:25,172 [FATAL] Updater:351 - Updater called before beeing initialized
2025-10-06 23:29:25,172 [ERROR] CADModel:125 - Updater not yet initialized, retry later 
2025-10-06 23:29:25,176 [FATAL] Updater:351 - Updater called before beeing initialized
2025-10-06 23:29:25,298 [FATAL] Updater:351 - Updater called before beeing initialized
2025-10-06 23:29:25,301 [INFO] DbMcusAds:53 - JSON generation date=Thu Oct 02 12:36:05 EEST 2025 (1759397765045)
2025-10-06 23:29:25,302 [FATAL] Updater:351 - Updater called before beeing initialized
2025-10-06 23:29:25,329 [WARN] DetailPanel:346 - Failed to get advertising image, set to default
2025-10-06 23:29:25,403 [FATAL] Updater:351 - Updater called before beeing initialized
2025-10-06 23:29:25,405 [FATAL] Updater:351 - Updater called before beeing initialized
2025-10-06 23:29:25,405 [FATAL] Updater:351 - Updater called before beeing initialized
2025-10-06 23:29:25,405 [WARN] DetailPanel:346 - Failed to get advertising image, set to default
2025-10-06 23:29:25,406 [FATAL] Updater:351 - Updater called before beeing initialized
2025-10-06 23:29:25,450 [ERROR] Updater:1198 - MainUpdater not yet initialized. External WinMGr cannot be set.
2025-10-06 23:29:25,452 [INFO] Updater:1134 - Updater Version found : 6.15.0
2025-10-06 23:29:25,464 [INFO] ApplicationProperties:184 - Using Application install path: C:\ST\STM32CubeIDE_1.14.1\STM32CubeIDE\plugins\com.st.stm32cube.common.mx_6.15.0.202507011659
2025-10-06 23:29:27,046 [ERROR] LogOutputStream:75 - [STDERR_REDIRECT] Oct 06, 2025 11:29:27 PM java.util.prefs.WindowsPreferences <init>
2025-10-06 23:29:27,051 [ERROR] LogOutputStream:75 - [STDERR_REDIRECT] WARNING: Could not open/create prefs root node Software\JavaSoft\Prefs at root 0xffffffff80000002. Windows RegCreateKeyEx(...) returned error code 5.
2025-10-06 23:29:27,052 [ERROR] LogOutputStream:75 - [STDERR_REDIRECT] 
2025-10-06 23:29:27,183 [INFO] ThirdPartyUpdaterWithRetryManager:70 - Updater plugin not ready yet. [2/15]
2025-10-06 23:29:27,375 [INFO] MainUpdater:2872 - connection check result : 22
2025-10-06 23:29:27,376 [INFO] MainUpdater:289 - Updater Check For Update Now.
2025-10-06 23:29:27,377 [INFO] MicroXplorer:498 - Change Database Version : DB.6.0.150
2025-10-06 23:29:27,394 [INFO] McuFinderGlobals:63 - Set McuFinder mode to 2 (CubeIDE integrated)
2025-10-06 23:29:27,395 [INFO] UserAuth:171 - activating auth plugin
2025-10-06 23:29:27,404 [INFO] UserAuth:487 - Internet connection configuration mode: 2
2025-10-06 23:29:27,439 [INFO] UserAuth:487 - Internet connection configuration mode: 2
2025-10-06 23:29:27,627 [INFO] CheckServerUpdateThread:120 - End of CheckServer Thread
2025-10-06 23:29:30,504 [WARN] PackLoader:240 - Cannot read IP mode file for STMicroelectronics.FP-SNS-MOTENVWB1.1.4.0
2025-10-06 23:29:30,520 [WARN] PackLoader:240 - Cannot read IP mode file for STMicroelectronics.FP-ATR-ASTRA1.2.0.2
2025-10-06 23:29:30,556 [WARN] PackLoader:240 - Cannot read IP mode file for STMicroelectronics.X-CUBE-SMBUS.2.1.0
2025-10-06 23:29:30,565 [WARN] PackLoader:240 - Cannot read IP mode file for STMicroelectronics.X-CUBE-ST60.1.0.0
2025-10-06 23:29:30,615 [WARN] PackLoader:240 - Cannot read IP mode file for STMicroelectronics.X-CUBE-AZRTOS-F7.1.1.0
2025-10-06 23:29:30,667 [WARN] PackLoader:240 - Cannot read IP mode file for Infineon.AIROC-Wi-Fi-Bluetooth-STM32.1.7.1
2025-10-06 23:29:30,739 [WARN] PackLoader:240 - Cannot read IP mode file for STMicroelectronics.X-CUBE-AZRTOS-H7.3.4.0
2025-10-06 23:29:30,756 [WARN] PackLoader:240 - Cannot read IP mode file for STMicroelectronics.X-CUBE-DISPLAY.3.0.0
2025-10-06 23:29:30,773 [WARN] PackLoader:240 - Cannot read IP mode file for STMicroelectronics.X-CUBE-NFC10.1.0.0
2025-10-06 23:29:30,784 [WARN] PackLoader:240 - Cannot read IP mode file for emotas.I-CUBE-CANOPEN.1.3.0
2025-10-06 23:29:30,791 [WARN] ConditionMgr:438 - getConditionDescription Invalid condition id : Cortex-A Device cause : null
2025-10-06 23:29:30,849 [WARN] ConditionMgr:1044 - genDependencies : Invalid condition id : Cortex-A Device cause : null
2025-10-06 23:29:30,849 [WARN] ConditionMgr:1044 - genDependencies : Invalid condition id : Cortex-A Device cause : null
2025-10-06 23:29:30,850 [WARN] ConditionMgr:1044 - genDependencies : Invalid condition id : Cortex-A Device cause : null
2025-10-06 23:29:30,859 [WARN] PackLoader:240 - Cannot read IP mode file for STMicroelectronics.FP-SNS-STBOX1.2.1.0
2025-10-06 23:29:30,866 [WARN] PackLoader:240 - Cannot read IP mode file for STMicroelectronics.FP-SNS-SMARTAG2.1.2.0
2025-10-06 23:29:30,872 [WARN] PackLoader:240 - Cannot read IP mode file for STMicroelectronics.FP-SNS-FLIGHT1.5.1.0
2025-10-06 23:29:30,882 [INFO] LogOutputStream:77 - [STDOUT_REDIRECT] 1 : Invalid condition id : UX_CORESTACK_Condition cause : null
2025-10-06 23:29:30,883 [INFO] LogOutputStream:77 - [STDOUT_REDIRECT] 1 : Invalid condition id : UX_CORESTACK_Condition cause : null
2025-10-06 23:29:30,884 [INFO] LogOutputStream:77 - [STDOUT_REDIRECT] 1 : Invalid condition id : UX_CORESTACK_Condition cause : null
2025-10-06 23:29:30,886 [INFO] LogOutputStream:77 - [STDOUT_REDIRECT] 1 : Invalid condition id : UX_CORESTACK_Condition cause : null
2025-10-06 23:29:30,887 [INFO] LogOutputStream:77 - [STDOUT_REDIRECT] 1 : Invalid condition id : UX_CORESTACK_Condition cause : null
2025-10-06 23:29:30,890 [WARN] PackLoader:240 - Cannot read IP mode file for STMicroelectronics.X-CUBE-AZRTOS-WL.2.0.0
2025-10-06 23:29:30,897 [WARN] PackLoader:240 - Cannot read IP mode file for STMicroelectronics.FP-SNS-MOTENV1.5.0.0
2025-10-06 23:29:30,909 [WARN] PackLoader:240 - Cannot read IP mode file for WES.I-CUBE-Cesium.1.3.0
2025-10-06 23:29:30,917 [WARN] PackLoader:240 - Cannot read IP mode file for STMicroelectronics.X-CUBE-BLE2.3.3.0
2025-10-06 23:29:30,927 [WARN] PackLoader:240 - Cannot read IP mode file for STMicroelectronics.X-CUBE-NFC9.1.0.0
2025-10-06 23:29:30,937 [WARN] PackLoader:240 - Cannot read IP mode file for wolfSSL.I-CUBE-wolfSSL.5.8.2
2025-10-06 23:29:30,944 [WARN] PackLoader:240 - Cannot read IP mode file for STMicroelectronics.X-CUBE-BLE1.7.1.0
2025-10-06 23:29:30,951 [WARN] PackLoader:240 - Cannot read IP mode file for wolfSSL.I-CUBE-wolfMQTT.1.19.2
2025-10-06 23:29:30,960 [WARN] PackLoader:240 - Cannot read IP mode file for STMicroelectronics.X-CUBE-EEPRMA1.5.2.0
2025-10-06 23:29:30,968 [WARN] PackLoader:240 - Cannot read IP mode file for STMicroelectronics.X-CUBE-AI.10.1.0
2025-10-06 23:29:31,011 [WARN] PackLoader:240 - Cannot read IP mode file for STMicroelectronics.X-CUBE-AZRTOS-G0.1.1.0
2025-10-06 23:29:31,022 [WARN] PackLoader:240 - Cannot read IP mode file for STMicroelectronics.X-CUBE-SAFEA1.1.2.2
2025-10-06 23:29:31,031 [WARN] PackLoader:240 - Cannot read IP mode file for STMicroelectronics.X-CUBE-NFC4.3.0.0
2025-10-06 23:29:31,043 [WARN] PackLoader:240 - Cannot read IP mode file for EmbeddedOffice.I-CUBE-FS-RTOS.1.0.1
2025-10-06 23:29:31,051 [WARN] PackLoader:240 - Cannot read IP mode file for STMicroelectronics.X-CUBE-WB05N.2.0.0
2025-10-06 23:29:31,059 [WARN] PackLoader:240 - Cannot read IP mode file for wolfSSL.I-CUBE-wolfTPM.3.8.0
2025-10-06 23:29:31,066 [WARN] PackLoader:240 - Cannot read IP mode file for STMicroelectronics.X-CUBE-TCPP.4.2.0
2025-10-06 23:29:31,076 [WARN] PackLoader:240 - Cannot read IP mode file for RealThread.X-CUBE-RT-Thread_Nano.4.1.1
2025-10-06 23:29:31,083 [WARN] PackLoader:240 - Cannot read IP mode file for STMicroelectronics.FP-ATR-SIGFOX1.3.2.0
2025-10-06 23:29:31,091 [WARN] PackLoader:240 - Cannot read IP mode file for ITTIA_DB.I-CUBE-ITTIADB.8.9.0
2025-10-06 23:29:31,100 [WARN] PackLoader:240 - Cannot read IP mode file for STMicroelectronics.X-CUBE-ST67W61.1.0.0
2025-10-06 23:29:31,106 [WARN] PackLoader:240 - Cannot read IP mode file for STMicroelectronics.X-CUBE-AI.10.2.0
2025-10-06 23:29:31,149 [WARN] PackLoader:240 - Cannot read IP mode file for SEGGER.I-CUBE-embOS.1.3.1
2025-10-06 23:29:31,203 [WARN] PackLoader:240 - Cannot read IP mode file for STMicroelectronics.X-CUBE-ALGOBUILD.1.4.0
2025-10-06 23:29:31,252 [WARN] PackLoader:240 - Cannot read IP mode file for STMicroelectronics.X-CUBE-MEMS1.11.3.0
2025-10-06 23:29:31,420 [WARN] PackLoader:240 - Cannot read IP mode file for STMicroelectronics.X-CUBE-PM33A1.1.0.0
2025-10-06 23:29:31,445 [WARN] PackLoader:240 - Cannot read IP mode file for STMicroelectronics.X-CUBE-AZRTOS-F4.1.1.0
2025-10-06 23:29:31,454 [WARN] PackLoader:240 - Cannot read IP mode file for STMicroelectronics.X-CUBE-ISPU.2.1.0
2025-10-06 23:29:31,464 [WARN] PackLoader:240 - Cannot read IP mode file for STMicroelectronics.X-CUBE-NFC12.1.0.0
2025-10-06 23:29:31,525 [WARN] PackLoader:240 - Cannot read IP mode file for STMicroelectronics.X-CUBE-AZRTOS-L5.2.0.0
2025-10-06 23:29:31,541 [WARN] PackLoader:240 - Cannot read IP mode file for STMicroelectronics.X-CUBE-NFC6.3.1.0
2025-10-06 23:29:31,556 [WARN] PackLoader:240 - Cannot read IP mode file for STMicroelectronics.X-CUBE-FREERTOS.1.3.1
2025-10-06 23:29:31,565 [WARN] PackLoader:240 - Cannot read IP mode file for STMicroelectronics.X-CUBE-TOUCHGFX.4.26.0
2025-10-06 23:29:31,573 [WARN] PackLoader:240 - Cannot read IP mode file for STMicroelectronics.FP-SNS-STAIOTCFT.1.0.0
2025-10-06 23:29:31,580 [WARN] PackLoader:240 - Cannot read IP mode file for STMicroelectronics.X-CUBE-DPower.1.3.0
2025-10-06 23:29:31,610 [WARN] ConditionMgr:438 - getConditionDescription Invalid condition id : LAN8742 Phy interface Condition cause : null
2025-10-06 23:29:31,611 [WARN] PackLoader:240 - Cannot read IP mode file for STMicroelectronics.X-CUBE-AZRTOS-L4.2.0.0
2025-10-06 23:29:31,614 [WARN] ConditionMgr:1044 - genDependencies : Invalid condition id : LAN8742 Phy interface Condition cause : null
2025-10-06 23:29:31,614 [WARN] ConditionMgr:1044 - genDependencies : Invalid condition id : LAN8742 Phy interface Condition cause : null
2025-10-06 23:29:31,615 [WARN] ConditionMgr:1044 - genDependencies : Invalid condition id : LAN8742 Phy interface Condition cause : null
2025-10-06 23:29:31,624 [WARN] PackLoader:240 - Cannot read IP mode file for STMicroelectronics.X-CUBE-SFXS2LP1.4.0.0
2025-10-06 23:29:31,637 [WARN] PackLoader:240 - Cannot read IP mode file for STMicroelectronics.X-CUBE-BLEMGR.4.1.0
2025-10-06 23:29:31,653 [WARN] ConditionMgr:438 - getConditionDescription Invalid condition id : UX DEVICE CLASS RTOS Condition cause : null
2025-10-06 23:29:31,654 [WARN] ConditionMgr:438 - getConditionDescription Invalid condition id : UX DEVICE CLASS RTOS Condition cause : null
2025-10-06 23:29:31,656 [WARN] PackLoader:240 - Cannot read IP mode file for STMicroelectronics.X-CUBE-AZRTOS-WB.2.0.0
2025-10-06 23:29:31,657 [WARN] ConditionMgr:1044 - genDependencies : Invalid condition id : UX DEVICE CLASS RTOS Condition cause : null
2025-10-06 23:29:31,657 [WARN] ConditionMgr:1044 - genDependencies : Invalid condition id : UX DEVICE CLASS RTOS Condition cause : null
2025-10-06 23:29:31,657 [WARN] ConditionMgr:1044 - genDependencies : Invalid condition id : UX DEVICE CLASS RTOS Condition cause : null
2025-10-06 23:29:31,658 [WARN] ConditionMgr:1044 - genDependencies : Invalid condition id : UX DEVICE CLASS RTOS Condition cause : null
2025-10-06 23:29:31,658 [WARN] ConditionMgr:1044 - genDependencies : Invalid condition id : UX DEVICE CLASS RTOS Condition cause : null
2025-10-06 23:29:31,666 [WARN] PackLoader:240 - Cannot read IP mode file for STMicroelectronics.X-CUBE-GNSS1.7.0.1
2025-10-06 23:29:31,672 [WARN] PackLoader:240 - Cannot read IP mode file for STMicroelectronics.X-CUBE-TOUCHGFX.4.25.0
2025-10-06 23:29:31,682 [WARN] PackLoader:240 - Cannot read IP mode file for STMicroelectronics.FP-SNS-STBOX1.2.0.0
2025-10-06 23:29:31,704 [WARN] PackLoader:240 - Cannot read IP mode file for STMicroelectronics.X-CUBE-SUBG2.5.0.0
2025-10-06 23:29:31,737 [WARN] PackLoader:240 - Cannot read IP mode file for STMicroelectronics.X-CUBE-AZRTOS-H7RS.1.1.0
2025-10-06 23:29:31,747 [WARN] PackLoader:240 - Cannot read IP mode file for Cesanta.I-CUBE-Mongoose.7.13.0
2025-10-06 23:29:31,767 [WARN] PackLoader:240 - Cannot read IP mode file for STMicroelectronics.X-CUBE-AZRTOS-G4.2.0.0
2025-10-06 23:29:31,801 [WARN] PackLoader:240 - Cannot read IP mode file for wolfSSL.I-CUBE-wolfSSH.1.4.20
2025-10-06 23:29:31,809 [WARN] PackLoader:240 - Cannot read IP mode file for STMicroelectronics.X-CUBE-NFC7.2.0.0
2025-10-06 23:29:31,830 [WARN] PackLoader:240 - Cannot read IP mode file for STMicroelectronics.X-CUBE-IPS.3.1.0
2025-10-06 23:29:31,847 [WARN] PackLoader:240 - Cannot read IP mode file for STMicroelectronics.X-CUBE-ALS.1.0.2
2025-10-06 23:29:31,859 [WARN] PackLoader:240 - Cannot read IP mode file for STMicroelectronics.X-CUBE-STSE01.1.0.0
2025-10-06 23:29:31,871 [WARN] PackLoader:240 - Cannot read IP mode file for portGmbH.I-Cube-SoM-uGOAL.1.1.0
2025-10-06 23:29:31,890 [WARN] PackLoader:240 - Cannot read IP mode file for STMicroelectronics.X-CUBE-TOF1.3.4.3
2025-10-06 23:29:31,908 [INFO] ThirdParty:978 - Integrity check success = true
2025-10-06 23:29:31,909 [INFO] IntegrityCheckThread:100 - exiting critical section [integrity check]
2025-10-06 23:29:31,909 [INFO] IntegrityCheckThread:103 - End integrity checks thread
