2025-10-10 01:49:32,610 [INFO] Activator:176 - 


2025-10-10 01:49:32,618 [INFO] Activator:177 - !SESSION log4j initialized
2025-10-10 01:49:41,091 [INFO] LogOutputStream:77 - [STDOUT_REDIRECT] 
2025-10-10 01:49:43,729 [INFO] ApplicationProperties:184 - Using Application install path: C:\ST\STM32CubeIDE_1.14.1\STM32CubeIDE\plugins\com.st.stm32cube.common.mx_6.15.0.202507011659
2025-10-10 01:49:43,756 [INFO] DbMcusXml:78 - Set database path to: C:\ST\STM32CubeIDE_1.14.1\STM32CubeIDE\plugins\com.st.stm32cube.common.mx_6.15.0.202507011659\\db\/mcu/
2025-10-10 01:49:43,757 [INFO] ApiDb:274 - Set plugin database path to: C:\ST\STM32CubeIDE_1.14.1\STM32CubeIDE\plugins\com.st.stm32cube.common.mx_6.15.0.202507011659\\db\/plugins/boardmanager/
2025-10-10 01:49:43,757 [WARN] ApiDb:259 - Overriding images path with different value:  => C:\ST\STM32CubeIDE_1.14.1\STM32CubeIDE\plugins\com.st.stm32cube.common.mx_6.15.0.202507011659\\db\/plugins/mcufinder/images/
2025-10-10 01:49:43,766 [INFO] ApiDb:250 - Set database path to: C:\Users\eslam\.stmcufinder\plugins\mcufinder//mcu/
2025-10-10 01:49:43,768 [INFO] DbMcusAds:125 - Set database path to: C:\Users\eslam\.stmcufinder\plugins\mcufinder//mcu/
2025-10-10 01:49:43,770 [INFO] CrossReferenceDbSqlite:203 - Set database path to: C:\Users\eslam\.stmcufinder\plugins\mcufinder//mcu/cs/
2025-10-10 01:49:43,932 [INFO] RulesReader:64 - Compatibility file has been processed (317 Rules)
2025-10-10 01:49:44,058 [INFO] DbMcusXml:78 - Set database path to: C:\ST\STM32CubeIDE_1.14.1\STM32CubeIDE\plugins\com.st.stm32cube.common.mx_6.15.0.202507011659\\db\/mcu/
2025-10-10 01:49:44,058 [INFO] ApiDb:274 - Set plugin database path to: C:\ST\STM32CubeIDE_1.14.1\STM32CubeIDE\plugins\com.st.stm32cube.common.mx_6.15.0.202507011659\\db\/plugins/boardmanager/
2025-10-10 01:49:44,058 [INFO] ApiDb:261 - Set plugin images path to: C:\ST\STM32CubeIDE_1.14.1\STM32CubeIDE\plugins\com.st.stm32cube.common.mx_6.15.0.202507011659\\db\/plugins/mcufinder/images/
2025-10-10 01:49:44,058 [WARN] DbFile:41 - Overriding database path with different value: C:\Users\eslam\.stmcufinder\plugins\mcufinder/ => C:\Users\eslam\.stmcufinder\plugins\mcufinder
2025-10-10 01:49:44,059 [INFO] ApiDb:250 - Set database path to: C:\Users\eslam\.stmcufinder\plugins\mcufinder//mcu/
2025-10-10 01:49:44,059 [WARN] DbFile:41 - Overriding database path with different value: C:\Users\eslam\.stmcufinder\plugins\mcufinder/ => C:\Users\eslam\.stmcufinder\plugins\mcufinder
2025-10-10 01:49:44,059 [INFO] DbMcusAds:125 - Set database path to: C:\Users\eslam\.stmcufinder\plugins\mcufinder//mcu/
2025-10-10 01:49:44,059 [WARN] DbFile:41 - Overriding database path with different value: C:\Users\eslam\.stmcufinder\plugins\mcufinder/ => C:\Users\eslam\.stmcufinder\plugins\mcufinder
2025-10-10 01:49:44,059 [WARN] DbFile:41 - Overriding database path with different value: C:\Users\eslam\.stmcufinder\plugins\mcufinder/ => C:\Users\eslam\.stmcufinder\plugins\mcufinder
2025-10-10 01:49:44,059 [INFO] CrossReferenceDbSqlite:203 - Set database path to: C:\Users\eslam\.stmcufinder\plugins\mcufinder//mcu/cs/
2025-10-10 01:49:44,175 [INFO] MainPanel:274 - HeapMemory: 268435456
2025-10-10 01:49:44,338 [INFO] DbMcusXml:78 - Set database path to: C:\ST\STM32CubeIDE_1.14.1\STM32CubeIDE\plugins\com.st.stm32cube.common.mx_6.15.0.202507011659\\db\/mcu/
2025-10-10 01:49:44,339 [INFO] ApiDb:274 - Set plugin database path to: C:\ST\STM32CubeIDE_1.14.1\STM32CubeIDE\plugins\com.st.stm32cube.common.mx_6.15.0.202507011659\\db\/plugins/boardmanager/
2025-10-10 01:49:44,339 [INFO] ApiDb:261 - Set plugin images path to: C:\ST\STM32CubeIDE_1.14.1\STM32CubeIDE\plugins\com.st.stm32cube.common.mx_6.15.0.202507011659\\db\/plugins/mcufinder/images/
2025-10-10 01:49:44,339 [WARN] DbFile:41 - Overriding database path with different value: C:\Users\eslam\.stmcufinder\plugins\mcufinder/ => C:\Users\eslam\.stmcufinder\plugins\mcufinder
2025-10-10 01:49:44,340 [INFO] ApiDb:250 - Set database path to: C:\Users\eslam\.stmcufinder\plugins\mcufinder//mcu/
2025-10-10 01:49:44,340 [WARN] DbFile:41 - Overriding database path with different value: C:\Users\eslam\.stmcufinder\plugins\mcufinder/ => C:\Users\eslam\.stmcufinder\plugins\mcufinder
2025-10-10 01:49:44,340 [INFO] DbMcusAds:125 - Set database path to: C:\Users\eslam\.stmcufinder\plugins\mcufinder//mcu/
2025-10-10 01:49:44,340 [WARN] DbFile:41 - Overriding database path with different value: C:\Users\eslam\.stmcufinder\plugins\mcufinder/ => C:\Users\eslam\.stmcufinder\plugins\mcufinder
2025-10-10 01:49:44,340 [WARN] DbFile:41 - Overriding database path with different value: C:\Users\eslam\.stmcufinder\plugins\mcufinder/ => C:\Users\eslam\.stmcufinder\plugins\mcufinder
2025-10-10 01:49:44,341 [INFO] CrossReferenceDbSqlite:203 - Set database path to: C:\Users\eslam\.stmcufinder\plugins\mcufinder//mcu/cs/
2025-10-10 01:49:44,374 [INFO] ApplicationProperties:184 - Using Application install path: C:\ST\STM32CubeIDE_1.14.1\STM32CubeIDE\plugins\com.st.stm32cube.common.mx_6.15.0.202507011659
2025-10-10 01:49:44,376 [INFO] PluginManage:196 - Search for loadable plugins [exclusion list=, ]
2025-10-10 01:49:44,378 [INFO] PluginManage:310 - Check plugin analytics
2025-10-10 01:49:44,667 [INFO] AnalyticsPlugin:253 - Accepted Software Licenses: STM32CubeMX.6.10.0,STM32CubeMX.6.15.0
2025-10-10 01:49:44,667 [INFO] AnalyticsPlugin:255 - Accepted CMSIS Pack Licenses: 
2025-10-10 01:49:44,667 [INFO] AnalyticsPlugin:257 - Accepted Firmware Licenses: FW.F4.1.28.0
2025-10-10 01:49:44,670 [INFO] PluginManage:359 - Loaded plugin analytics (category:tool,tabindex:-1)
2025-10-10 01:49:44,671 [INFO] PluginManage:310 - Check plugin cadmodel
2025-10-10 01:49:44,680 [INFO] CADModel:105 - Init CAD model plugin
2025-10-10 01:49:44,680 [INFO] PluginManage:359 - Loaded plugin cadmodel (category:power,tabindex:5)
2025-10-10 01:49:44,680 [INFO] PluginManage:310 - Check plugin clock
2025-10-10 01:49:44,695 [INFO] PluginManage:359 - Loaded plugin clock (category:base,tabindex:2)
2025-10-10 01:49:44,695 [INFO] PluginManage:310 - Check plugin ddr
2025-10-10 01:49:44,698 [INFO] PluginManage:359 - Loaded plugin ddr (category:tool,tabindex:6)
2025-10-10 01:49:44,699 [INFO] PluginManage:310 - Check plugin filemanager
2025-10-10 01:49:44,911 [INFO] PluginManage:359 - Loaded plugin filemanager (category:base,tabindex:10)
2025-10-10 01:49:44,911 [INFO] PluginManage:310 - Check plugin ipmanager
2025-10-10 01:49:44,921 [INFO] PluginManage:359 - Loaded plugin ipmanager (category:base,tabindex:5)
2025-10-10 01:49:44,921 [INFO] PluginManage:310 - Check plugin lpbam
2025-10-10 01:49:44,935 [INFO] PluginManage:359 - Loaded plugin lpbam (category:base,tabindex:0)
2025-10-10 01:49:44,935 [INFO] PluginManage:310 - Check plugin memorymap
2025-10-10 01:49:44,964 [INFO] PluginManage:359 - Loaded plugin memorymap (category:base,tabindex:4)
2025-10-10 01:49:44,964 [INFO] PluginManage:310 - Check plugin pinoutandconfiguration
2025-10-10 01:49:44,984 [INFO] PluginManage:359 - Loaded plugin pinoutandconfiguration (category:base,tabindex:1)
2025-10-10 01:49:44,984 [INFO] PluginManage:310 - Check plugin pinoutconfig
2025-10-10 01:49:45,130 [WARN] SupportedApi:132 - Cannot load RTOS API schema: s4s-elt-must-match.1: The content of 'definitions' must match (annotation?, (simpleType | complexType)?, (unique | key | keyref)*)). A problem was found starting at: attribute.
2025-10-10 01:49:45,327 [INFO] PluginManage:359 - Loaded plugin pinoutconfig (category:base,tabindex:0)
2025-10-10 01:49:45,327 [INFO] PluginManage:310 - Check plugin power
2025-10-10 01:49:45,342 [INFO] PluginManage:359 - Loaded plugin power (category:power,tabindex:4)
2025-10-10 01:49:45,342 [INFO] PluginManage:310 - Check plugin projectmanager
2025-10-10 01:49:45,379 [INFO] PluginManage:359 - Loaded plugin projectmanager (category:projectmanager,tabindex:4)
2025-10-10 01:49:45,379 [INFO] PluginManage:310 - Check plugin rif
2025-10-10 01:49:45,393 [INFO] PluginManage:359 - Loaded plugin rif (category:base,tabindex:3)
2025-10-10 01:49:45,394 [INFO] PluginManage:310 - Check plugin thirdparty
2025-10-10 01:49:45,587 [INFO] PluginManage:359 - Loaded plugin thirdparty (category:base,tabindex:-1)
2025-10-10 01:49:45,587 [WARN] IntegrityCheckThread:84 - waiting for thirdparty lock release [integrity check]
2025-10-10 01:49:45,587 [INFO] PluginManage:310 - Check plugin tools
2025-10-10 01:49:45,587 [INFO] IntegrityCheckThread:86 - entering critical section [integrity check]
2025-10-10 01:49:45,588 [INFO] ThirdPartyUpdaterWithRetryManager:70 - Updater plugin not ready yet. [1/15]
2025-10-10 01:49:45,591 [INFO] PluginManage:359 - Loaded plugin tools (category:base,tabindex:7)
2025-10-10 01:49:45,591 [INFO] PluginManage:310 - Check plugin tutovideos
2025-10-10 01:49:45,879 [INFO] PluginManage:359 - Loaded plugin tutovideos (category:base,tabindex:-1)
2025-10-10 01:49:45,879 [INFO] PluginManage:310 - Check plugin updater
2025-10-10 01:49:45,915 [INFO] PluginManage:359 - Loaded plugin updater (category:base,tabindex:12)
2025-10-10 01:49:45,915 [INFO] PluginManage:310 - Check plugin userauth
2025-10-10 01:49:45,922 [INFO] UserAuth:118 - Init User Auth plugin
2025-10-10 01:49:45,923 [INFO] PluginManage:359 - Loaded plugin userauth (category:base,tabindex:14)
2025-10-10 01:49:45,924 [INFO] PluginManage:283 - PluginManage : Loaded plugins [18]
2025-10-10 01:49:46,215 [INFO] PinOutPanel:1589 - setPackage(No Configuration,No Configuration)
2025-10-10 01:49:46,338 [INFO] CADModel:165 - CPN selected for project level
2025-10-10 01:49:46,338 [INFO] CADModel:114 - Register for checkConnection events
2025-10-10 01:49:46,364 [INFO] IPUIPlugin:80 - create IPUIPlugin
2025-10-10 01:49:46,364 [INFO] PluginManager:220 - loadIPPluginJar : add adc
2025-10-10 01:49:46,369 [INFO] IPUIPlugin:80 - create IPUIPlugin
2025-10-10 01:49:46,369 [INFO] PluginManager:220 - loadIPPluginJar : add aes
2025-10-10 01:49:46,374 [INFO] IPUIPlugin:80 - create IPUIPlugin
2025-10-10 01:49:46,374 [INFO] PluginManager:220 - loadIPPluginJar : add can
2025-10-10 01:49:46,376 [INFO] IPUIPlugin:80 - create IPUIPlugin
2025-10-10 01:49:46,377 [INFO] PluginManager:220 - loadIPPluginJar : add comp
2025-10-10 01:49:46,381 [INFO] IPUIPlugin:80 - create IPUIPlugin
2025-10-10 01:49:46,381 [INFO] PluginManager:220 - loadIPPluginJar : add cryp
2025-10-10 01:49:46,386 [INFO] IPUIPlugin:80 - create IPUIPlugin
2025-10-10 01:49:46,386 [INFO] PluginManager:220 - loadIPPluginJar : add ddr_ctrl_phy
2025-10-10 01:49:46,390 [INFO] IPUIPlugin:80 - create IPUIPlugin
2025-10-10 01:49:46,390 [INFO] PluginManager:220 - loadIPPluginJar : add dfsdm
2025-10-10 01:49:46,397 [INFO] IPUIPlugin:80 - create IPUIPlugin
2025-10-10 01:49:46,398 [INFO] PluginManager:220 - loadIPPluginJar : add dma
2025-10-10 01:49:46,403 [INFO] IPUIPlugin:80 - create IPUIPlugin
2025-10-10 01:49:46,403 [INFO] PluginManager:220 - loadIPPluginJar : add dma3
2025-10-10 01:49:46,408 [INFO] IPUIPlugin:80 - create IPUIPlugin
2025-10-10 01:49:46,408 [INFO] PluginManager:220 - loadIPPluginJar : add extmemmanager
2025-10-10 01:49:46,410 [INFO] IPUIPlugin:80 - create IPUIPlugin
2025-10-10 01:49:46,410 [INFO] PluginManager:220 - loadIPPluginJar : add fatfs
2025-10-10 01:49:46,417 [INFO] IPUIPlugin:80 - create IPUIPlugin
2025-10-10 01:49:46,417 [INFO] PluginManager:220 - loadIPPluginJar : add fmc
2025-10-10 01:49:46,426 [INFO] IPUIPlugin:80 - create IPUIPlugin
2025-10-10 01:49:46,426 [INFO] PluginManager:220 - loadIPPluginJar : add freertos
2025-10-10 01:49:46,429 [INFO] IPUIPlugin:80 - create IPUIPlugin
2025-10-10 01:49:46,429 [INFO] PluginManager:220 - loadIPPluginJar : add genericplugin
2025-10-10 01:49:46,433 [INFO] IPUIPlugin:80 - create IPUIPlugin
2025-10-10 01:49:46,433 [INFO] PluginManager:220 - loadIPPluginJar : add gfxmmu
2025-10-10 01:49:46,440 [INFO] IPUIPlugin:80 - create IPUIPlugin
2025-10-10 01:49:46,440 [INFO] PluginManager:220 - loadIPPluginJar : add gic
2025-10-10 01:49:46,447 [INFO] IPUIPlugin:80 - create IPUIPlugin
2025-10-10 01:49:46,447 [INFO] PluginManager:220 - loadIPPluginJar : add gpio
2025-10-10 01:49:46,452 [INFO] IPUIPlugin:80 - create IPUIPlugin
2025-10-10 01:49:46,452 [INFO] PluginManager:220 - loadIPPluginJar : add gtzc
2025-10-10 01:49:46,456 [INFO] IPUIPlugin:80 - create IPUIPlugin
2025-10-10 01:49:46,456 [INFO] PluginManager:220 - loadIPPluginJar : add hash
2025-10-10 01:49:46,461 [INFO] IPUIPlugin:80 - create IPUIPlugin
2025-10-10 01:49:46,461 [INFO] PluginManager:220 - loadIPPluginJar : add i2c
2025-10-10 01:49:46,465 [INFO] IPUIPlugin:80 - create IPUIPlugin
2025-10-10 01:49:46,465 [INFO] PluginManager:220 - loadIPPluginJar : add i2s
2025-10-10 01:49:46,470 [INFO] IPUIPlugin:80 - create IPUIPlugin
2025-10-10 01:49:46,470 [INFO] PluginManager:220 - loadIPPluginJar : add i3c
2025-10-10 01:49:46,475 [INFO] IPUIPlugin:80 - create IPUIPlugin
2025-10-10 01:49:46,475 [INFO] PluginManager:220 - loadIPPluginJar : add ipddr
2025-10-10 01:49:46,486 [INFO] IPUIPlugin:80 - create IPUIPlugin
2025-10-10 01:49:46,486 [INFO] PluginManager:220 - loadIPPluginJar : add linkedlist
2025-10-10 01:49:46,491 [INFO] IPUIPlugin:80 - create IPUIPlugin
2025-10-10 01:49:46,492 [INFO] PluginManager:220 - loadIPPluginJar : add lorawan
2025-10-10 01:49:46,494 [INFO] IPUIPlugin:80 - create IPUIPlugin
2025-10-10 01:49:46,495 [INFO] PluginManager:220 - loadIPPluginJar : add ltdc
2025-10-10 01:49:46,503 [INFO] IPUIPlugin:80 - create IPUIPlugin
2025-10-10 01:49:46,504 [INFO] PluginManager:220 - loadIPPluginJar : add mdma
2025-10-10 01:49:46,509 [INFO] IPUIPlugin:80 - create IPUIPlugin
2025-10-10 01:49:46,509 [INFO] PluginManager:220 - loadIPPluginJar : add nvic
2025-10-10 01:49:46,514 [INFO] IPUIPlugin:80 - create IPUIPlugin
2025-10-10 01:49:46,514 [INFO] PluginManager:220 - loadIPPluginJar : add opamp
2025-10-10 01:49:46,519 [INFO] IPUIPlugin:80 - create IPUIPlugin
2025-10-10 01:49:46,519 [INFO] PluginManager:220 - loadIPPluginJar : add openamp
2025-10-10 01:49:46,524 [INFO] IPUIPlugin:80 - create IPUIPlugin
2025-10-10 01:49:46,524 [INFO] PluginManager:220 - loadIPPluginJar : add pdm2pcm
2025-10-10 01:49:46,532 [INFO] IPUIPlugin:80 - create IPUIPlugin
2025-10-10 01:49:46,535 [INFO] PluginManager:220 - loadIPPluginJar : add plateformsettings
2025-10-10 01:49:46,538 [INFO] IPUIPlugin:80 - create IPUIPlugin
2025-10-10 01:49:46,538 [INFO] PluginManager:220 - loadIPPluginJar : add quadspi
2025-10-10 01:49:46,542 [INFO] IPUIPlugin:80 - create IPUIPlugin
2025-10-10 01:49:46,542 [INFO] PluginManager:220 - loadIPPluginJar : add radio
2025-10-10 01:49:46,548 [INFO] IPUIPlugin:80 - create IPUIPlugin
2025-10-10 01:49:46,548 [INFO] PluginManager:220 - loadIPPluginJar : add resmgrutility
2025-10-10 01:49:46,553 [INFO] IPUIPlugin:80 - create IPUIPlugin
2025-10-10 01:49:46,553 [INFO] PluginManager:220 - loadIPPluginJar : add sai
2025-10-10 01:49:46,556 [INFO] IPUIPlugin:80 - create IPUIPlugin
2025-10-10 01:49:46,557 [INFO] PluginManager:220 - loadIPPluginJar : add spi
2025-10-10 01:49:46,565 [INFO] IPUIPlugin:80 - create IPUIPlugin
2025-10-10 01:49:46,566 [INFO] PluginManager:220 - loadIPPluginJar : add stm32_wpan
2025-10-10 01:49:46,568 [INFO] IPUIPlugin:80 - create IPUIPlugin
2025-10-10 01:49:46,569 [INFO] PluginManager:220 - loadIPPluginJar : add tim
2025-10-10 01:49:46,574 [INFO] IPUIPlugin:80 - create IPUIPlugin
2025-10-10 01:49:46,574 [INFO] PluginManager:220 - loadIPPluginJar : add touchsensing
2025-10-10 01:49:46,578 [INFO] IPUIPlugin:80 - create IPUIPlugin
2025-10-10 01:49:46,578 [INFO] PluginManager:220 - loadIPPluginJar : add tracer_emb
2025-10-10 01:49:46,581 [INFO] IPUIPlugin:80 - create IPUIPlugin
2025-10-10 01:49:46,581 [INFO] PluginManager:220 - loadIPPluginJar : add ts
2025-10-10 01:49:46,584 [INFO] IPUIPlugin:80 - create IPUIPlugin
2025-10-10 01:49:46,584 [INFO] PluginManager:220 - loadIPPluginJar : add tsc
2025-10-10 01:49:46,587 [INFO] IPUIPlugin:80 - create IPUIPlugin
2025-10-10 01:49:46,587 [INFO] PluginManager:220 - loadIPPluginJar : add ucpd
2025-10-10 01:49:46,591 [INFO] IPUIPlugin:80 - create IPUIPlugin
2025-10-10 01:49:46,591 [INFO] PluginManager:220 - loadIPPluginJar : add usart
2025-10-10 01:49:46,596 [INFO] IPUIPlugin:80 - create IPUIPlugin
2025-10-10 01:49:46,596 [INFO] PluginManager:220 - loadIPPluginJar : add usbx
2025-10-10 01:49:46,749 [FATAL] Updater:351 - Updater called before beeing initialized
2025-10-10 01:49:46,835 [INFO] RulesReader:64 - Compatibility file has been processed (317 Rules)
2025-10-10 01:49:46,859 [INFO] RulesReader:64 - Compatibility file has been processed (317 Rules)
2025-10-10 01:49:46,868 [INFO] CADModel:165 - CPN selected for project level
2025-10-10 01:49:46,868 [INFO] CADModel:114 - Register for checkConnection events
2025-10-10 01:49:46,869 [FATAL] Updater:351 - Updater called before beeing initialized
2025-10-10 01:49:46,869 [ERROR] CADModel:125 - Updater not yet initialized, retry later 
2025-10-10 01:49:47,115 [FATAL] Updater:351 - Updater called before beeing initialized
2025-10-10 01:49:47,118 [INFO] CADModel:165 - CPN selected for project level
2025-10-10 01:49:47,118 [INFO] CADModel:114 - Register for checkConnection events
2025-10-10 01:49:47,118 [FATAL] Updater:351 - Updater called before beeing initialized
2025-10-10 01:49:47,118 [ERROR] CADModel:125 - Updater not yet initialized, retry later 
2025-10-10 01:49:47,122 [FATAL] Updater:351 - Updater called before beeing initialized
2025-10-10 01:49:47,277 [FATAL] Updater:351 - Updater called before beeing initialized
2025-10-10 01:49:47,282 [INFO] DbMcusAds:53 - JSON generation date=Thu Oct 02 12:36:05 EEST 2025 (1759397765045)
2025-10-10 01:49:47,283 [FATAL] Updater:351 - Updater called before beeing initialized
2025-10-10 01:49:47,343 [WARN] DetailPanel:346 - Failed to get advertising image, set to default
2025-10-10 01:49:47,459 [FATAL] Updater:351 - Updater called before beeing initialized
2025-10-10 01:49:47,462 [FATAL] Updater:351 - Updater called before beeing initialized
2025-10-10 01:49:47,462 [FATAL] Updater:351 - Updater called before beeing initialized
2025-10-10 01:49:47,463 [WARN] DetailPanel:346 - Failed to get advertising image, set to default
2025-10-10 01:49:47,464 [FATAL] Updater:351 - Updater called before beeing initialized
2025-10-10 01:49:47,538 [ERROR] Updater:1198 - MainUpdater not yet initialized. External WinMGr cannot be set.
2025-10-10 01:49:47,542 [INFO] Updater:1134 - Updater Version found : 6.15.0
2025-10-10 01:49:47,577 [INFO] ApplicationProperties:184 - Using Application install path: C:\ST\STM32CubeIDE_1.14.1\STM32CubeIDE\plugins\com.st.stm32cube.common.mx_6.15.0.202507011659
2025-10-10 01:49:48,590 [INFO] ThirdPartyUpdaterWithRetryManager:70 - Updater plugin not ready yet. [2/15]
2025-10-10 01:49:49,166 [ERROR] LogOutputStream:75 - [STDERR_REDIRECT] Oct 10, 2025 1:49:49 AM java.util.prefs.WindowsPreferences <init>
2025-10-10 01:49:49,171 [ERROR] LogOutputStream:75 - [STDERR_REDIRECT] WARNING: Could not open/create prefs root node Software\JavaSoft\Prefs at root 0xffffffff80000002. Windows RegCreateKeyEx(...) returned error code 5.
2025-10-10 01:49:49,172 [ERROR] LogOutputStream:75 - [STDERR_REDIRECT] 
2025-10-10 01:49:51,280 [INFO] MainUpdater:2872 - connection check result : 10
2025-10-10 01:49:51,282 [INFO] MainUpdater:289 - Updater Check For Update Now.
2025-10-10 01:49:51,282 [INFO] MicroXplorer:498 - Change Database Version : DB.6.0.150
2025-10-10 01:49:51,329 [INFO] McuFinderGlobals:63 - Set McuFinder mode to 2 (CubeIDE integrated)
2025-10-10 01:49:51,330 [INFO] UserAuth:171 - activating auth plugin
2025-10-10 01:49:51,340 [INFO] UserAuth:487 - Internet connection configuration mode: 1
2025-10-10 01:49:51,405 [INFO] JxBrowserEngine:152 - Initiate JxBrowser Engine with user profile folder
2025-10-10 01:49:51,591 [WARN] MainUpdater:1193 - Updater busy. Cannot search thirdparties
2025-10-10 01:49:51,592 [INFO] ThirdPartyUpdaterWithRetryManager:96 - Updater plugin is busy. [1/15]
2025-10-10 01:49:51,597 [INFO] CheckServerUpdateThread:120 - End of CheckServer Thread
2025-10-10 01:49:53,591 [INFO] WebApp:169 - Instantiating new browser for Auth
2025-10-10 01:49:54,789 [INFO] WebApp:463 - Apply proxy settings
2025-10-10 01:49:54,789 [INFO] WebApp:548 - Chromium requires no authentication
2025-10-10 01:49:54,869 [INFO] WebApp:491 - Direct internet connection detected
2025-10-10 01:49:54,965 [INFO] WebApp:900 - Register for checkConnection events
2025-10-10 01:49:54,965 [INFO] WebApp:463 - Apply proxy settings
2025-10-10 01:49:54,966 [INFO] WebApp:548 - Chromium requires no authentication
2025-10-10 01:49:54,966 [INFO] WebApp:491 - Direct internet connection detected
2025-10-10 01:49:55,122 [WARN] PackLoader:240 - Cannot read IP mode file for STMicroelectronics.FP-SNS-MOTENVWB1.1.4.0
2025-10-10 01:49:55,135 [WARN] PackLoader:240 - Cannot read IP mode file for STMicroelectronics.FP-ATR-ASTRA1.2.0.2
2025-10-10 01:49:55,148 [WARN] PackLoader:240 - Cannot read IP mode file for STMicroelectronics.X-CUBE-SMBUS.2.1.0
2025-10-10 01:49:55,163 [WARN] PackLoader:240 - Cannot read IP mode file for STMicroelectronics.X-CUBE-ST60.1.0.0
2025-10-10 01:49:55,209 [WARN] PackLoader:240 - Cannot read IP mode file for STMicroelectronics.X-CUBE-AZRTOS-F7.1.1.0
2025-10-10 01:49:55,248 [WARN] PackLoader:240 - Cannot read IP mode file for Infineon.AIROC-Wi-Fi-Bluetooth-STM32.1.7.1
2025-10-10 01:49:55,285 [WARN] PackLoader:240 - Cannot read IP mode file for STMicroelectronics.X-CUBE-AZRTOS-H7.3.4.0
2025-10-10 01:49:55,300 [WARN] PackLoader:240 - Cannot read IP mode file for STMicroelectronics.X-CUBE-DISPLAY.3.0.0
2025-10-10 01:49:55,315 [WARN] PackLoader:240 - Cannot read IP mode file for STMicroelectronics.X-CUBE-NFC10.1.0.0
2025-10-10 01:49:55,324 [WARN] PackLoader:240 - Cannot read IP mode file for emotas.I-CUBE-CANOPEN.1.3.0
2025-10-10 01:49:55,330 [WARN] ConditionMgr:438 - getConditionDescription Invalid condition id : Cortex-A Device cause : null
2025-10-10 01:49:55,371 [WARN] ConditionMgr:1044 - genDependencies : Invalid condition id : Cortex-A Device cause : null
2025-10-10 01:49:55,371 [WARN] ConditionMgr:1044 - genDependencies : Invalid condition id : Cortex-A Device cause : null
2025-10-10 01:49:55,372 [WARN] ConditionMgr:1044 - genDependencies : Invalid condition id : Cortex-A Device cause : null
2025-10-10 01:49:55,383 [WARN] PackLoader:240 - Cannot read IP mode file for STMicroelectronics.FP-SNS-STBOX1.2.1.0
2025-10-10 01:49:55,399 [WARN] PackLoader:240 - Cannot read IP mode file for STMicroelectronics.FP-SNS-SMARTAG2.1.2.0
2025-10-10 01:49:55,407 [WARN] PackLoader:240 - Cannot read IP mode file for STMicroelectronics.FP-SNS-FLIGHT1.5.1.0
2025-10-10 01:49:55,409 [INFO] WebApp:191 - Connection restablished
2025-10-10 01:49:55,424 [INFO] LogOutputStream:77 - [STDOUT_REDIRECT] 1 : Invalid condition id : UX_CORESTACK_Condition cause : null
2025-10-10 01:49:55,425 [INFO] LogOutputStream:77 - [STDOUT_REDIRECT] 1 : Invalid condition id : UX_CORESTACK_Condition cause : null
2025-10-10 01:49:55,427 [INFO] LogOutputStream:77 - [STDOUT_REDIRECT] 1 : Invalid condition id : UX_CORESTACK_Condition cause : null
2025-10-10 01:49:55,428 [INFO] LogOutputStream:77 - [STDOUT_REDIRECT] 1 : Invalid condition id : UX_CORESTACK_Condition cause : null
2025-10-10 01:49:55,430 [INFO] LogOutputStream:77 - [STDOUT_REDIRECT] 1 : Invalid condition id : UX_CORESTACK_Condition cause : null
2025-10-10 01:49:55,435 [WARN] PackLoader:240 - Cannot read IP mode file for STMicroelectronics.X-CUBE-AZRTOS-WL.2.0.0
2025-10-10 01:49:55,456 [WARN] PackLoader:240 - Cannot read IP mode file for STMicroelectronics.FP-SNS-MOTENV1.5.0.0
2025-10-10 01:49:55,460 [INFO] WebApp:225 - Starting web application
2025-10-10 01:49:55,461 [INFO] WebApp:593 - Web application path used C:\ST\STM32CubeIDE_1.14.1\STM32CubeIDE\plugins\com.st.stm32cube.common.mx_6.15.0.202507011659\db\plugins\mcufinder\reactClient1\index.html
2025-10-10 01:49:55,468 [WARN] PackLoader:240 - Cannot read IP mode file for WES.I-CUBE-Cesium.1.3.0
2025-10-10 01:49:55,477 [WARN] PackLoader:240 - Cannot read IP mode file for STMicroelectronics.X-CUBE-BLE2.3.3.0
2025-10-10 01:49:55,495 [WARN] PackLoader:240 - Cannot read IP mode file for STMicroelectronics.X-CUBE-NFC9.1.0.0
2025-10-10 01:49:55,509 [WARN] PackLoader:240 - Cannot read IP mode file for wolfSSL.I-CUBE-wolfSSL.5.8.2
2025-10-10 01:49:55,519 [WARN] PackLoader:240 - Cannot read IP mode file for STMicroelectronics.X-CUBE-BLE1.7.1.0
2025-10-10 01:49:55,526 [WARN] PackLoader:240 - Cannot read IP mode file for wolfSSL.I-CUBE-wolfMQTT.1.19.2
2025-10-10 01:49:55,536 [WARN] PackLoader:240 - Cannot read IP mode file for STMicroelectronics.X-CUBE-EEPRMA1.5.2.0
2025-10-10 01:49:55,545 [WARN] PackLoader:240 - Cannot read IP mode file for STMicroelectronics.X-CUBE-AI.10.1.0
2025-10-10 01:49:55,567 [WARN] PackLoader:240 - Cannot read IP mode file for STMicroelectronics.X-CUBE-AZRTOS-G0.1.1.0
2025-10-10 01:49:55,577 [WARN] PackLoader:240 - Cannot read IP mode file for STMicroelectronics.X-CUBE-SAFEA1.1.2.2
2025-10-10 01:49:55,584 [WARN] PackLoader:240 - Cannot read IP mode file for STMicroelectronics.X-CUBE-NFC4.3.0.0
2025-10-10 01:49:55,595 [WARN] PackLoader:240 - Cannot read IP mode file for EmbeddedOffice.I-CUBE-FS-RTOS.1.0.1
2025-10-10 01:49:55,601 [WARN] PackLoader:240 - Cannot read IP mode file for STMicroelectronics.X-CUBE-WB05N.2.0.0
2025-10-10 01:49:55,607 [WARN] PackLoader:240 - Cannot read IP mode file for wolfSSL.I-CUBE-wolfTPM.3.8.0
2025-10-10 01:49:55,614 [WARN] PackLoader:240 - Cannot read IP mode file for STMicroelectronics.X-CUBE-TCPP.4.2.0
2025-10-10 01:49:55,625 [WARN] PackLoader:240 - Cannot read IP mode file for RealThread.X-CUBE-RT-Thread_Nano.4.1.1
2025-10-10 01:49:55,633 [WARN] PackLoader:240 - Cannot read IP mode file for STMicroelectronics.FP-ATR-SIGFOX1.3.2.0
2025-10-10 01:49:55,643 [WARN] PackLoader:240 - Cannot read IP mode file for ITTIA_DB.I-CUBE-ITTIADB.8.9.0
2025-10-10 01:49:55,651 [WARN] PackLoader:240 - Cannot read IP mode file for STMicroelectronics.X-CUBE-ST67W61.1.0.0
2025-10-10 01:49:55,656 [WARN] PackLoader:240 - Cannot read IP mode file for STMicroelectronics.X-CUBE-AI.10.2.0
2025-10-10 01:49:55,685 [WARN] PackLoader:240 - Cannot read IP mode file for SEGGER.I-CUBE-embOS.1.3.1
2025-10-10 01:49:55,765 [WARN] PackLoader:240 - Cannot read IP mode file for STMicroelectronics.X-CUBE-ALGOBUILD.1.4.0
2025-10-10 01:49:55,869 [WARN] PackLoader:240 - Cannot read IP mode file for STMicroelectronics.X-CUBE-MEMS1.11.3.0
2025-10-10 01:49:56,072 [WARN] PackLoader:240 - Cannot read IP mode file for STMicroelectronics.X-CUBE-PM33A1.1.0.0
2025-10-10 01:49:56,091 [WARN] PackLoader:240 - Cannot read IP mode file for STMicroelectronics.X-CUBE-AZRTOS-F4.1.1.0
2025-10-10 01:49:56,099 [WARN] PackLoader:240 - Cannot read IP mode file for STMicroelectronics.X-CUBE-ISPU.2.1.0
2025-10-10 01:49:56,107 [WARN] PackLoader:240 - Cannot read IP mode file for STMicroelectronics.X-CUBE-NFC12.1.0.0
2025-10-10 01:49:56,130 [WARN] PackLoader:240 - Cannot read IP mode file for STMicroelectronics.X-CUBE-AZRTOS-L5.2.0.0
2025-10-10 01:49:56,144 [WARN] PackLoader:240 - Cannot read IP mode file for STMicroelectronics.X-CUBE-NFC6.3.1.0
2025-10-10 01:49:56,152 [WARN] PackLoader:240 - Cannot read IP mode file for STMicroelectronics.X-CUBE-FREERTOS.1.3.1
2025-10-10 01:49:56,158 [WARN] PackLoader:240 - Cannot read IP mode file for STMicroelectronics.X-CUBE-TOUCHGFX.4.26.0
2025-10-10 01:49:56,163 [WARN] PackLoader:240 - Cannot read IP mode file for STMicroelectronics.FP-SNS-STAIOTCFT.1.0.0
2025-10-10 01:49:56,170 [WARN] PackLoader:240 - Cannot read IP mode file for STMicroelectronics.X-CUBE-DPower.1.3.0
2025-10-10 01:49:56,191 [WARN] ConditionMgr:438 - getConditionDescription Invalid condition id : LAN8742 Phy interface Condition cause : null
2025-10-10 01:49:56,192 [WARN] PackLoader:240 - Cannot read IP mode file for STMicroelectronics.X-CUBE-AZRTOS-L4.2.0.0
2025-10-10 01:49:56,193 [WARN] ConditionMgr:1044 - genDependencies : Invalid condition id : LAN8742 Phy interface Condition cause : null
2025-10-10 01:49:56,193 [WARN] ConditionMgr:1044 - genDependencies : Invalid condition id : LAN8742 Phy interface Condition cause : null
2025-10-10 01:49:56,194 [WARN] ConditionMgr:1044 - genDependencies : Invalid condition id : LAN8742 Phy interface Condition cause : null
2025-10-10 01:49:56,202 [WARN] PackLoader:240 - Cannot read IP mode file for STMicroelectronics.X-CUBE-SFXS2LP1.4.0.0
2025-10-10 01:49:56,213 [WARN] PackLoader:240 - Cannot read IP mode file for STMicroelectronics.X-CUBE-BLEMGR.4.1.0
2025-10-10 01:49:56,232 [WARN] ConditionMgr:438 - getConditionDescription Invalid condition id : UX DEVICE CLASS RTOS Condition cause : null
2025-10-10 01:49:56,232 [WARN] ConditionMgr:438 - getConditionDescription Invalid condition id : UX DEVICE CLASS RTOS Condition cause : null
2025-10-10 01:49:56,234 [WARN] PackLoader:240 - Cannot read IP mode file for STMicroelectronics.X-CUBE-AZRTOS-WB.2.0.0
2025-10-10 01:49:56,235 [WARN] ConditionMgr:1044 - genDependencies : Invalid condition id : UX DEVICE CLASS RTOS Condition cause : null
2025-10-10 01:49:56,236 [WARN] ConditionMgr:1044 - genDependencies : Invalid condition id : UX DEVICE CLASS RTOS Condition cause : null
2025-10-10 01:49:56,236 [WARN] ConditionMgr:1044 - genDependencies : Invalid condition id : UX DEVICE CLASS RTOS Condition cause : null
2025-10-10 01:49:56,237 [WARN] ConditionMgr:1044 - genDependencies : Invalid condition id : UX DEVICE CLASS RTOS Condition cause : null
2025-10-10 01:49:56,237 [WARN] ConditionMgr:1044 - genDependencies : Invalid condition id : UX DEVICE CLASS RTOS Condition cause : null
2025-10-10 01:49:56,244 [WARN] PackLoader:240 - Cannot read IP mode file for STMicroelectronics.X-CUBE-GNSS1.7.0.1
2025-10-10 01:49:56,248 [WARN] PackLoader:240 - Cannot read IP mode file for STMicroelectronics.X-CUBE-TOUCHGFX.4.25.0
2025-10-10 01:49:56,254 [WARN] PackLoader:240 - Cannot read IP mode file for STMicroelectronics.FP-SNS-STBOX1.2.0.0
2025-10-10 01:49:56,267 [WARN] PackLoader:240 - Cannot read IP mode file for STMicroelectronics.X-CUBE-SUBG2.5.0.0
2025-10-10 01:49:56,291 [WARN] PackLoader:240 - Cannot read IP mode file for STMicroelectronics.X-CUBE-AZRTOS-H7RS.1.1.0
2025-10-10 01:49:56,297 [WARN] PackLoader:240 - Cannot read IP mode file for Cesanta.I-CUBE-Mongoose.7.13.0
2025-10-10 01:49:56,320 [WARN] PackLoader:240 - Cannot read IP mode file for STMicroelectronics.X-CUBE-AZRTOS-G4.2.0.0
2025-10-10 01:49:56,327 [WARN] PackLoader:240 - Cannot read IP mode file for wolfSSL.I-CUBE-wolfSSH.1.4.20
2025-10-10 01:49:56,332 [WARN] PackLoader:240 - Cannot read IP mode file for STMicroelectronics.X-CUBE-NFC7.2.0.0
2025-10-10 01:49:56,347 [WARN] PackLoader:240 - Cannot read IP mode file for STMicroelectronics.X-CUBE-IPS.3.1.0
2025-10-10 01:49:56,356 [WARN] PackLoader:240 - Cannot read IP mode file for STMicroelectronics.X-CUBE-ALS.1.0.2
2025-10-10 01:49:56,363 [WARN] PackLoader:240 - Cannot read IP mode file for STMicroelectronics.X-CUBE-STSE01.1.0.0
2025-10-10 01:49:56,370 [WARN] PackLoader:240 - Cannot read IP mode file for portGmbH.I-Cube-SoM-uGOAL.1.1.0
2025-10-10 01:49:56,385 [WARN] PackLoader:240 - Cannot read IP mode file for STMicroelectronics.X-CUBE-TOF1.3.4.3
2025-10-10 01:49:56,400 [INFO] ThirdParty:978 - Integrity check success = true
2025-10-10 01:49:56,400 [INFO] IntegrityCheckThread:100 - exiting critical section [integrity check]
2025-10-10 01:49:56,400 [INFO] IntegrityCheckThread:103 - End integrity checks thread
2025-10-10 05:01:54,939 [ERROR] LogOutputStream:75 - [STDERR_REDIRECT] 
